TN:
SF:/Users/shuse2/Documents/10_lisk/lisk-sdk/config/devnet/exceptions.js
FNF:0
FNH:0
DA:17,1
LF:1
LH:1
BRF:0
BRH:0
end_of_record
TN:
SF:/Users/shuse2/Documents/10_lisk/lisk-sdk/framework/src/errors.js
FN:6,(anonymous_0)
FN:22,(anonymous_1)
FN:40,(anonymous_2)
FN:56,(anonymous_3)
FNF:4
FNH:0
FNDA:0,(anonymous_0)
FNDA:0,(anonymous_1)
FNDA:0,(anonymous_2)
FNDA:0,(anonymous_3)
DA:7,0
DA:8,0
DA:23,0
DA:24,0
DA:41,0
DA:42,0
DA:43,0
DA:57,0
DA:61,1
LF:9
LH:1
BRF:0
BRH:0
end_of_record
TN:
SF:/Users/shuse2/Documents/10_lisk/lisk-sdk/framework/src/components/cache/defaults/config.js
FNF:0
FNH:0
DA:1,1
DA:41,1
LF:2
LH:2
BRF:0
BRH:0
end_of_record
TN:
SF:/Users/shuse2/Documents/10_lisk/lisk-sdk/framework/src/components/cache/defaults/index.js
FNF:0
FNH:0
DA:1,1
DA:3,1
LF:2
LH:2
BRF:0
BRH:0
end_of_record
TN:
SF:/Users/shuse2/Documents/10_lisk/lisk-sdk/framework/src/components/storage/defaults/config.js
FNF:0
FNH:0
DA:1,1
DA:76,1
LF:2
LH:2
BRF:0
BRH:0
end_of_record
TN:
SF:/Users/shuse2/Documents/10_lisk/lisk-sdk/framework/src/components/storage/defaults/index.js
FNF:0
FNH:0
DA:1,1
DA:3,1
LF:2
LH:2
BRF:0
BRH:0
end_of_record
TN:
SF:/Users/shuse2/Documents/10_lisk/lisk-sdk/framework/src/controller/helpers/validator/formats.js
FN:338,(anonymous_0)
FN:348,(anonymous_1)
FNF:2
FNH:1
FNDA:1,(anonymous_0)
FNDA:0,(anonymous_1)
DA:1,1
DA:2,1
DA:3,1
DA:5,1
DA:7,1
DA:33,1
DA:42,104
DA:56,0
DA:57,0
DA:58,0
DA:60,0
DA:70,105
DA:71,0
DA:75,105
DA:76,0
DA:80,105
DA:81,0
DA:85,105
DA:86,0
DA:89,105
DA:99,0
DA:100,0
DA:103,0
DA:114,3
DA:124,205
DA:135,0
DA:136,0
DA:139,0
DA:141,0
DA:142,0
DA:144,0
DA:154,104
DA:170,101
DA:171,101
DA:172,101
DA:175,101
DA:178,101
DA:188,0
DA:189,0
DA:192,0
DA:193,0
DA:203,0
DA:204,0
DA:207,0
DA:208,0
DA:219,0
DA:224,0
DA:226,0
DA:227,0
DA:237,2
DA:247,0
DA:248,0
DA:251,0
DA:261,2
DA:274,1
DA:284,1
DA:285,0
DA:288,1
DA:298,224
DA:299,224
DA:300,224
DA:310,0
DA:311,0
DA:313,0
DA:319,0
DA:328,0
DA:338,1
DA:349,0
DA:350,0
DA:351,0
DA:354,0
DA:359,1
LF:72
LH:30
BRDA:42,0,0,104
BRDA:42,0,1,104
BRDA:57,1,0,0
BRDA:57,1,1,0
BRDA:70,2,0,0
BRDA:70,2,1,105
BRDA:75,3,0,0
BRDA:75,3,1,105
BRDA:80,4,0,0
BRDA:80,4,1,105
BRDA:85,5,0,0
BRDA:85,5,1,105
BRDA:99,6,0,0
BRDA:99,6,1,0
BRDA:114,7,0,3
BRDA:114,7,1,3
BRDA:124,8,0,205
BRDA:124,8,1,205
BRDA:135,9,0,0
BRDA:135,9,1,0
BRDA:141,10,0,0
BRDA:141,10,1,0
BRDA:141,11,0,0
BRDA:141,11,1,0
BRDA:154,12,0,104
BRDA:154,12,1,104
BRDA:188,13,0,0
BRDA:188,13,1,0
BRDA:188,14,0,0
BRDA:188,14,1,0
BRDA:203,15,0,0
BRDA:203,15,1,0
BRDA:203,16,0,0
BRDA:203,16,1,0
BRDA:219,17,0,0
BRDA:219,17,1,0
BRDA:220,18,0,0
BRDA:220,18,1,0
BRDA:220,18,2,0
BRDA:247,19,0,0
BRDA:247,19,1,0
BRDA:262,20,0,2
BRDA:262,20,1,2
BRDA:274,21,0,1
BRDA:274,21,1,1
BRDA:284,22,0,0
BRDA:284,22,1,1
BRDA:288,23,0,1
BRDA:288,23,1,0
BRDA:298,24,0,224
BRDA:298,24,1,0
BRDA:298,25,0,224
BRDA:298,25,1,224
BRDA:301,26,0,224
BRDA:301,26,1,224
BRDA:310,27,0,0
BRDA:310,27,1,0
BRDA:314,28,0,0
BRDA:314,28,1,0
BRDA:328,29,0,0
BRDA:328,29,1,0
BRDA:338,30,0,1
BRDA:338,30,1,1
BRDA:350,31,0,0
BRDA:350,31,1,0
BRF:65
BRH:25
end_of_record
TN:
SF:/Users/shuse2/Documents/10_lisk/lisk-sdk/framework/src/controller/helpers/validator/index.js
FN:46,(anonymous_0)
FN:50,(anonymous_1)
FN:65,(anonymous_2)
FN:66,(anonymous_3)
FN:70,(anonymous_4)
FN:83,(anonymous_5)
FN:100,(anonymous_6)
FN:121,(anonymous_7)
FNF:8
FNH:6
FNDA:21,(anonymous_0)
FNDA:21,(anonymous_1)
FNDA:2,(anonymous_2)
FNDA:4,(anonymous_3)
FNDA:4,(anonymous_4)
FNDA:0,(anonymous_5)
FNDA:7,(anonymous_6)
FNDA:0,(anonymous_7)
DA:17,1
DA:18,1
DA:23,1
DA:24,1
DA:25,1
DA:26,1
DA:27,1
DA:29,1
DA:36,1
DA:43,1
DA:44,1
DA:46,1
DA:47,21
DA:50,1
DA:51,21
DA:59,1
DA:66,2
DA:67,4
DA:70,2
DA:71,4
DA:84,0
DA:85,0
DA:88,0
DA:101,7
DA:105,7
DA:106,0
DA:109,7
DA:122,0
DA:123,0
DA:124,0
DA:125,0
DA:126,0
DA:127,0
DA:128,0
DA:129,0
DA:130,0
DA:132,0
DA:142,1
LF:38
LH:24
BRDA:84,0,0,0
BRDA:84,0,1,0
BRDA:100,1,0,7
BRDA:101,2,0,6
BRDA:101,2,1,1
BRDA:105,3,0,0
BRDA:105,3,1,7
BRF:7
BRH:4
end_of_record
TN:
SF:/Users/shuse2/Documents/10_lisk/lisk-sdk/framework/src/controller/helpers/validator/z_schema.js
FN:5,(anonymous_0)
FNF:1
FNH:1
FNDA:21,(anonymous_0)
DA:1,1
DA:2,1
DA:5,1
DA:6,21
DA:8,1
DA:10,1
LF:6
LH:6
BRF:0
BRH:0
end_of_record
TN:
SF:/Users/shuse2/Documents/10_lisk/lisk-sdk/framework/src/controller/helpers/validator/keywords/formatters.js
FN:2,(anonymous_0)
FN:4,(anonymous_1)
FN:15,(anonymous_2)
FN:17,(anonymous_3)
FNF:4
FNH:0
FNDA:0,(anonymous_0)
FNDA:0,(anonymous_1)
FNDA:0,(anonymous_2)
FNDA:0,(anonymous_3)
DA:1,1
DA:3,0
DA:4,0
DA:5,0
DA:6,0
DA:12,0
DA:16,0
DA:17,0
DA:18,0
DA:19,0
DA:25,0
LF:11
LH:1
BRDA:3,0,0,0
BRDA:3,0,1,0
BRDA:8,1,0,0
BRDA:8,1,1,0
BRDA:16,2,0,0
BRDA:16,2,1,0
BRF:6
BRH:0
end_of_record
TN:
SF:/Users/shuse2/Documents/10_lisk/lisk-sdk/framework/src/controller/helpers/validator/keywords/index.js
FNF:0
FNH:0
DA:9,1
DA:10,1
DA:12,1
LF:3
LH:3
BRF:0
BRH:0
end_of_record
TN:
SF:/Users/shuse2/Documents/10_lisk/lisk-sdk/framework/src/controller/helpers/validator/keywords/arg/index.js
FN:7,(anonymous_0)
FN:22,(anonymous_1)
FN:26,(anonymous_2)
FNF:3
FNH:3
FNDA:5,(anonymous_0)
FNDA:5,(anonymous_1)
FNDA:10,(anonymous_2)
DA:1,1
DA:2,1
DA:3,1
DA:4,1
DA:5,1
DA:7,1
DA:8,5
DA:9,5
DA:12,5
DA:22,5
DA:24,5
DA:26,5
DA:27,10
DA:29,10
DA:33,5
DA:34,0
DA:41,1
DA:49,1
LF:18
LH:17
BRDA:12,0,0,5
BRDA:12,0,1,0
BRDA:14,1,0,5
BRDA:14,1,1,0
BRDA:18,2,0,0
BRDA:18,2,1,0
BRDA:19,3,0,0
BRDA:19,3,1,0
BRDA:27,4,0,10
BRDA:27,4,1,0
BRDA:29,5,0,10
BRDA:29,5,1,10
BRDA:33,6,0,0
BRDA:33,6,1,5
BRDA:34,7,0,0
BRDA:34,7,1,0
BRF:16
BRH:6
end_of_record
TN:
SF:/Users/shuse2/Documents/10_lisk/lisk-sdk/framework/src/controller/helpers/validator/keywords/arg/meta_schema.js
FNF:0
FNH:0
DA:1,1
DA:3,1
LF:2
LH:2
BRF:0
BRH:0
end_of_record
TN:
SF:/Users/shuse2/Documents/10_lisk/lisk-sdk/framework/src/controller/helpers/validator/keywords/env/index.js
FN:5,(anonymous_0)
FN:20,(anonymous_1)
FNF:2
FNH:2
FNDA:16,(anonymous_0)
FNDA:16,(anonymous_1)
DA:1,1
DA:2,1
DA:3,1
DA:5,1
DA:6,16
DA:7,16
DA:10,16
DA:20,16
DA:21,16
DA:23,16
DA:24,0
DA:31,1
DA:39,1
LF:13
LH:12
BRDA:10,0,0,13
BRDA:10,0,1,3
BRDA:17,1,0,3
BRDA:17,1,1,0
BRDA:23,2,0,0
BRDA:23,2,1,16
BRDA:24,3,0,0
BRDA:24,3,1,0
BRF:8
BRH:4
end_of_record
TN:
SF:/Users/shuse2/Documents/10_lisk/lisk-sdk/framework/src/controller/helpers/validator/keywords/env/meta_schema.js
FNF:0
FNH:0
DA:1,1
DA:3,1
LF:2
LH:2
BRF:0
BRH:0
end_of_record
TN:
SF:/Users/shuse2/Documents/10_lisk/lisk-sdk/framework/src/controller/schema/application.js
FNF:0
FNH:0
DA:1,1
LF:1
LH:1
BRF:0
BRH:0
end_of_record
TN:
SF:/Users/shuse2/Documents/10_lisk/lisk-sdk/framework/src/controller/schema/constants.js
FNF:0
FNH:0
DA:1,1
LF:1
LH:1
BRF:0
BRH:0
end_of_record
TN:
SF:/Users/shuse2/Documents/10_lisk/lisk-sdk/framework/src/modules/chain/defaults/config.js
FNF:0
FNH:0
DA:1,1
DA:271,1
LF:2
LH:2
BRF:0
BRH:0
end_of_record
TN:
SF:/Users/shuse2/Documents/10_lisk/lisk-sdk/framework/src/modules/chain/helpers/bignum.js
FN:45,(anonymous_0)
FN:68,(anonymous_1)
FN:81,(anonymous_2)
FN:157,(anonymous_3)
FN:159,(anonymous_4)
FNF:5
FNH:0
FNDA:0,(anonymous_0)
FNDA:0,(anonymous_1)
FNDA:0,(anonymous_2)
FNDA:0,(anonymous_3)
FNDA:0,(anonymous_4)
DA:26,1
DA:34,1
DA:45,1
DA:46,0
DA:47,0
DA:51,0
DA:53,0
DA:55,0
DA:56,0
DA:61,0
DA:62,0
DA:63,0
DA:64,0
DA:65,0
DA:68,0
DA:71,0
DA:81,1
DA:82,0
DA:83,0
DA:87,0
DA:89,0
DA:90,0
DA:91,0
DA:94,0
DA:95,0
DA:97,0
DA:98,0
DA:101,0
DA:102,0
DA:103,0
DA:105,0
DA:106,0
DA:109,0
DA:110,0
DA:111,0
DA:112,0
DA:115,0
DA:116,0
DA:117,0
DA:120,0
DA:121,0
DA:122,0
DA:125,0
DA:128,0
DA:129,0
DA:133,0
DA:140,0
DA:141,0
DA:145,0
DA:147,0
DA:148,0
DA:151,0
DA:152,0
DA:155,0
DA:157,0
DA:159,0
DA:160,0
DA:161,0
DA:162,0
DA:166,0
DA:169,1
LF:61
LH:5
BRDA:46,0,0,0
BRDA:46,0,1,0
BRDA:51,1,0,0
BRDA:51,1,1,0
BRDA:51,1,2,0
BRDA:53,2,0,0
BRDA:53,2,1,0
BRDA:53,3,0,0
BRDA:53,3,1,0
BRDA:55,4,0,0
BRDA:55,4,1,0
BRDA:65,5,0,0
BRDA:65,5,1,0
BRDA:68,6,0,0
BRDA:68,6,1,0
BRDA:89,7,0,0
BRDA:89,7,1,0
BRDA:90,8,0,0
BRDA:90,8,1,0
BRDA:95,9,0,0
BRDA:95,9,1,0
BRDA:95,10,0,0
BRDA:95,10,1,0
BRDA:97,11,0,0
BRDA:97,11,1,0
BRDA:102,12,0,0
BRDA:102,12,1,0
BRDA:103,13,0,0
BRDA:103,13,1,0
BRDA:105,14,0,0
BRDA:105,14,1,0
BRDA:115,15,0,0
BRDA:115,15,1,0
BRDA:120,16,0,0
BRDA:120,16,1,0
BRDA:121,17,0,0
BRDA:121,17,1,0
BRDA:128,18,0,0
BRDA:128,18,1,0
BRDA:133,19,0,0
BRDA:133,19,1,0
BRDA:133,19,2,0
BRDA:140,20,0,0
BRDA:140,20,1,0
BRDA:145,21,0,0
BRDA:145,21,1,0
BRDA:145,22,0,0
BRDA:145,22,1,0
BRDA:161,23,0,0
BRDA:161,23,1,0
BRF:50
BRH:0
end_of_record
TN:
SF:/Users/shuse2/Documents/10_lisk/lisk-sdk/framework/src/modules/chain/logic/block_reward.js
FN:33,(anonymous_0)
FN:48,(anonymous_1)
FN:67,(anonymous_2)
FN:83,(anonymous_3)
FN:142,(anonymous_4)
FNF:5
FNH:5
FNDA:1,(anonymous_0)
FNDA:12000180,(anonymous_1)
FNDA:28,(anonymous_2)
FNDA:13451653,(anonymous_3)
FNDA:25451861,(anonymous_4)
DA:17,1
DA:19,1
DA:21,1
DA:35,1
DA:38,1
DA:49,12000180
DA:51,12000179
DA:52,12000179
DA:54,12000179
DA:55,18
DA:57,12000161
DA:68,28
DA:70,27
DA:71,3
DA:73,24
DA:84,13451653
DA:85,13451652
DA:87,13451652
DA:89,1451524
DA:92,12000128
DA:93,12000128
DA:95,12000128
DA:96,12000128
DA:99,12000128
DA:101,12000128
DA:102,42000604
DA:103,30000584
DA:105,30000584
DA:107,12000110
DA:109,18000474
DA:110,18000474
DA:113,18000474
DA:114,6
DA:118,30000584
DA:120,12000020
DA:124,12000128
DA:125,30000584
DA:126,30000584
DA:129,12000128
DA:142,1
DA:143,25451861
DA:148,3
DA:150,25451858
DA:154,1
LF:44
LH:44
BRDA:54,0,0,18
BRDA:54,0,1,12000161
BRDA:70,1,0,3
BRDA:70,1,1,24
BRDA:87,2,0,1451524
BRDA:87,2,1,12000128
BRDA:102,3,0,30000584
BRDA:102,3,1,12000020
BRDA:105,4,0,12000110
BRDA:105,4,1,18000474
BRDA:113,5,0,6
BRDA:113,5,1,18000468
BRDA:113,6,0,18000474
BRDA:113,6,1,18000462
BRDA:143,7,0,3
BRDA:143,7,1,25451858
BRDA:144,8,0,25451861
BRDA:144,8,1,25451858
BRDA:144,8,2,25451858
BRF:19
BRH:19
end_of_record
TN:
SF:/Users/shuse2/Documents/10_lisk/lisk-sdk/framework/src/modules/http_api/defaults/config.js
FNF:0
FNH:0
DA:1,1
DA:191,1
LF:2
LH:2
BRF:0
BRH:0
end_of_record
