TN:
SF:/Users/michiel.mulders/lisk/lisk/framework/src/modules/chain/helpers/config.js
FN:43,Config
FN:205,loadJSONFile
FN:216,extractPeersList
FN:229,extractWhiteListIPs
FN:236,extractDelegatesList
FN:249,cleanDeep
FN:312,validateForce
FNF:7
FNH:7
FNDA:1,Config
FNDA:3,loadJSONFile
FNDA:1,extractPeersList
FNDA:2,extractWhiteListIPs
FNDA:1,extractDelegatesList
FNDA:13,cleanDeep
FNDA:1,validateForce
DA:17,1
DA:18,1
DA:19,1
DA:20,1
DA:21,1
DA:22,1
DA:23,1
DA:24,1
DA:26,1
DA:43,1
DA:44,1
DA:62,1
DA:63,0
DA:66,1
DA:68,1
DA:70,1
DA:75,1
DA:79,1
DA:80,1
DA:82,1
DA:83,1
DA:85,1
DA:86,1
DA:90,1
DA:91,1
DA:92,0
DA:95,1
DA:105,1
DA:151,1
DA:153,1
DA:161,108
DA:162,2
DA:164,106
DA:168,1
DA:169,1
DA:171,1
DA:172,0
DA:173,0
DA:175,1
DA:177,1
DA:181,1
DA:183,1
DA:186,1
DA:187,0
DA:188,0
DA:189,0
DA:190,0
DA:191,0
DA:193,1
DA:197,1
DA:198,20
DA:199,2
DA:202,18
DA:205,1
DA:206,3
DA:207,3
DA:208,3
DA:210,0
DA:211,0
DA:212,0
DA:216,1
DA:217,1
DA:218,0
DA:219,0
DA:220,0
DA:226,1
DA:229,1
DA:230,2
DA:231,0
DA:233,2
DA:236,1
DA:237,1
DA:238,0
DA:239,0
DA:240,0
DA:246,1
DA:249,1
DA:259,13
DA:261,30
DA:262,12
DA:272,30
DA:273,8
DA:277,22
DA:278,4
DA:282,18
DA:283,0
DA:287,18
DA:288,16
DA:292,2
DA:293,1
DA:297,1
DA:298,0
DA:301,1
DA:312,1
DA:313,1
DA:314,1
DA:316,1
DA:317,0
DA:318,0
DA:324,1
LF:100
LH:77
BRDA:62,1,0,0
BRDA:62,1,1,1
BRDA:66,2,0,1
BRDA:66,2,1,1
BRDA:71,3,0,1
BRDA:71,3,1,0
BRDA:72,4,0,1
BRDA:72,4,1,1
BRDA:91,5,0,0
BRDA:91,5,1,1
BRDA:91,6,0,1
BRDA:91,6,1,1
BRDA:92,7,0,0
BRDA:92,7,1,0
BRDA:106,8,0,1
BRDA:106,8,1,1
BRDA:106,8,2,1
BRDA:108,9,0,1
BRDA:108,9,1,1
BRDA:108,9,2,1
BRDA:109,10,0,1
BRDA:109,10,1,1
BRDA:110,11,0,1
BRDA:110,11,1,1
BRDA:114,12,0,1
BRDA:114,12,1,1
BRDA:116,13,0,1
BRDA:116,13,1,1
BRDA:121,14,0,1
BRDA:121,14,1,1
BRDA:122,15,0,1
BRDA:122,15,1,1
BRDA:141,16,0,1
BRDA:141,16,1,1
BRDA:142,17,0,1
BRDA:142,17,1,1
BRDA:142,17,2,1
BRDA:142,17,3,1
BRDA:142,17,4,1
BRDA:161,18,0,2
BRDA:161,18,1,106
BRDA:171,19,0,0
BRDA:171,19,1,1
BRDA:186,20,0,0
BRDA:186,20,1,1
BRDA:198,21,0,2
BRDA:198,21,1,18
BRDA:199,22,0,0
BRDA:199,22,1,2
BRDA:202,23,0,18
BRDA:202,23,1,17
BRDA:217,24,0,0
BRDA:217,24,1,1
BRDA:222,25,0,0
BRDA:222,25,1,0
BRDA:230,26,0,0
BRDA:230,26,1,2
BRDA:237,27,0,0
BRDA:237,27,1,1
BRDA:261,28,0,12
BRDA:261,28,1,18
BRDA:261,29,0,30
BRDA:261,29,1,26
BRDA:272,30,0,8
BRDA:272,30,1,22
BRDA:272,31,0,30
BRDA:272,31,1,30
BRDA:272,31,2,8
BRDA:277,32,0,4
BRDA:277,32,1,18
BRDA:277,33,0,22
BRDA:277,33,1,22
BRDA:277,33,2,4
BRDA:282,34,0,0
BRDA:282,34,1,18
BRDA:282,35,0,18
BRDA:282,35,1,18
BRDA:287,36,0,16
BRDA:287,36,1,2
BRDA:287,37,0,18
BRDA:287,37,1,18
BRDA:292,38,0,1
BRDA:292,38,1,1
BRDA:292,39,0,2
BRDA:292,39,1,2
BRDA:297,40,0,0
BRDA:297,40,1,1
BRDA:313,41,0,1
BRDA:313,41,1,0
BRDA:316,42,0,0
BRDA:316,42,1,1
BRF:91
BRH:74
end_of_record
TN:
SF:/Users/michiel.mulders/lisk/lisk/framework/src/modules/chain/schema/config.js
FNF:0
FNH:0
DA:17,1
LF:1
LH:1
BRF:0
BRH:0
end_of_record
TN:
SF:/Users/michiel.mulders/lisk/lisk/framework/src/modules/chain/helpers/z_schema.js
FN:64,(anonymous_1)
FN:74,(anonymous_2)
FN:92,(anonymous_3)
FN:121,(anonymous_4)
FN:136,(anonymous_5)
FN:146,(anonymous_6)
FN:157,(anonymous_7)
FN:176,(anonymous_8)
FN:186,(anonymous_9)
FN:210,(anonymous_10)
FN:225,(anonymous_11)
FN:241,(anonymous_12)
FN:259,(anonymous_13)
FN:269,(anonymous_14)
FN:283,(anonymous_15)
FN:296,(anonymous_16)
FN:306,(anonymous_17)
FN:319,(anonymous_18)
FN:339,(anonymous_19)
FNF:19
FNH:4
FNDA:0,(anonymous_1)
FNDA:0,(anonymous_2)
FNDA:0,(anonymous_3)
FNDA:0,(anonymous_4)
FNDA:0,(anonymous_5)
FNDA:101,(anonymous_6)
FNDA:0,(anonymous_7)
FNDA:0,(anonymous_8)
FNDA:101,(anonymous_9)
FNDA:0,(anonymous_10)
FNDA:0,(anonymous_11)
FNDA:0,(anonymous_12)
FNDA:2,(anonymous_13)
FNDA:0,(anonymous_14)
FNDA:0,(anonymous_15)
FNDA:0,(anonymous_16)
FNDA:1,(anonymous_17)
FNDA:0,(anonymous_18)
FNDA:0,(anonymous_19)
DA:17,1
DA:18,1
DA:19,1
DA:20,1
DA:21,1
DA:23,1
DA:56,1
DA:65,0
DA:79,0
DA:80,0
DA:81,0
DA:83,0
DA:93,0
DA:94,0
DA:98,0
DA:99,0
DA:103,0
DA:104,0
DA:108,0
DA:109,0
DA:112,0
DA:122,0
DA:123,0
DA:126,0
DA:137,0
DA:147,101
DA:158,0
DA:159,0
DA:162,0
DA:164,0
DA:165,0
DA:167,0
DA:177,0
DA:193,101
DA:194,101
DA:195,101
DA:198,101
DA:201,101
DA:211,0
DA:212,0
DA:215,0
DA:216,0
DA:226,0
DA:227,0
DA:230,0
DA:231,0
DA:242,0
DA:247,0
DA:249,0
DA:250,0
DA:260,2
DA:270,0
DA:271,0
DA:274,0
DA:284,0
DA:297,0
DA:307,1
DA:308,0
DA:311,1
DA:324,0
DA:325,0
DA:326,0
DA:331,0
DA:340,0
DA:345,1
DA:346,19
DA:351,1
DA:354,1
LF:68
LH:20
BRDA:65,1,0,0
BRDA:65,1,1,0
BRDA:80,2,0,0
BRDA:80,2,1,0
BRDA:93,3,0,0
BRDA:93,3,1,0
BRDA:98,4,0,0
BRDA:98,4,1,0
BRDA:103,5,0,0
BRDA:103,5,1,0
BRDA:108,6,0,0
BRDA:108,6,1,0
BRDA:122,7,0,0
BRDA:122,7,1,0
BRDA:137,8,0,0
BRDA:137,8,1,0
BRDA:147,9,0,101
BRDA:147,9,1,101
BRDA:158,10,0,0
BRDA:158,10,1,0
BRDA:164,11,0,0
BRDA:164,11,1,0
BRDA:164,12,0,0
BRDA:164,12,1,0
BRDA:177,13,0,0
BRDA:177,13,1,0
BRDA:211,14,0,0
BRDA:211,14,1,0
BRDA:211,15,0,0
BRDA:211,15,1,0
BRDA:226,16,0,0
BRDA:226,16,1,0
BRDA:226,17,0,0
BRDA:226,17,1,0
BRDA:242,18,0,0
BRDA:242,18,1,0
BRDA:243,19,0,0
BRDA:243,19,1,0
BRDA:243,19,2,0
BRDA:270,20,0,0
BRDA:270,20,1,0
BRDA:285,21,0,0
BRDA:285,21,1,0
BRDA:297,22,0,0
BRDA:297,22,1,0
BRDA:307,23,0,0
BRDA:307,23,1,1
BRDA:311,24,0,1
BRDA:311,24,1,0
BRDA:325,25,0,0
BRDA:325,25,1,0
BRDA:327,26,0,0
BRDA:327,26,1,0
BRDA:340,27,0,0
BRDA:340,27,1,0
BRF:55
BRH:4
end_of_record
TN:
SF:/Users/michiel.mulders/lisk/lisk/framework/src/modules/chain/helpers/bignum.js
FN:45,(anonymous_1)
FN:81,(anonymous_2)
FNF:2
FNH:0
FNDA:0,(anonymous_1)
FNDA:0,(anonymous_2)
DA:26,1
DA:34,1
DA:45,1
DA:46,0
DA:47,0
DA:50,0
DA:53,0
DA:55,0
DA:56,0
DA:61,0
DA:62,0
DA:63,0
DA:64,0
DA:65,0
DA:68,0
DA:71,0
DA:81,1
DA:82,0
DA:83,0
DA:84,0
DA:85,0
DA:86,0
DA:87,0
DA:89,0
DA:90,0
DA:91,0
DA:94,0
DA:95,0
DA:97,0
DA:98,0
DA:101,0
DA:102,0
DA:103,0
DA:105,0
DA:106,0
DA:109,0
DA:110,0
DA:111,0
DA:112,0
DA:115,0
DA:116,0
DA:117,0
DA:120,0
DA:121,0
DA:122,0
DA:125,0
DA:128,0
DA:129,0
DA:132,0
DA:140,0
DA:141,0
DA:144,0
DA:147,0
DA:148,0
DA:151,0
DA:152,0
DA:155,0
DA:157,0
DA:159,0
DA:160,0
DA:161,0
DA:162,0
DA:166,0
DA:169,1
LF:64
LH:5
BRDA:46,1,0,0
BRDA:46,1,1,0
BRDA:51,2,0,0
BRDA:51,2,1,0
BRDA:51,2,2,0
BRDA:53,3,0,0
BRDA:53,3,1,0
BRDA:53,4,0,0
BRDA:53,4,1,0
BRDA:55,5,0,0
BRDA:55,5,1,0
BRDA:65,6,0,0
BRDA:65,6,1,0
BRDA:68,7,0,0
BRDA:68,7,1,0
BRDA:89,8,0,0
BRDA:89,8,1,0
BRDA:90,9,0,0
BRDA:90,9,1,0
BRDA:95,10,0,0
BRDA:95,10,1,0
BRDA:95,11,0,0
BRDA:95,11,1,0
BRDA:97,12,0,0
BRDA:97,12,1,0
BRDA:102,13,0,0
BRDA:102,13,1,0
BRDA:103,14,0,0
BRDA:103,14,1,0
BRDA:105,15,0,0
BRDA:105,15,1,0
BRDA:115,16,0,0
BRDA:115,16,1,0
BRDA:120,17,0,0
BRDA:120,17,1,0
BRDA:121,18,0,0
BRDA:121,18,1,0
BRDA:128,19,0,0
BRDA:128,19,1,0
BRDA:133,20,0,0
BRDA:133,20,1,0
BRDA:133,20,2,0
BRDA:140,21,0,0
BRDA:140,21,1,0
BRDA:145,22,0,0
BRDA:145,22,1,0
BRDA:145,23,0,0
BRDA:145,23,1,0
BRDA:161,24,0,0
BRDA:161,24,1,0
BRF:50
BRH:0
end_of_record
TN:
SF:/Users/michiel.mulders/lisk/lisk/framework/src/modules/chain/helpers/deep_freeze_object.js
FN:3,deepFreeze
FNF:1
FNH:1
FNDA:11,deepFreeze
DA:3,1
DA:4,11
DA:6,11
DA:7,51
DA:12,10
DA:16,11
LF:6
LH:6
BRDA:7,1,0,10
BRDA:7,1,1,41
BRDA:8,2,0,51
BRDA:8,2,1,51
BRDA:8,2,2,10
BRF:5
BRH:5
end_of_record
TN:
SF:/Users/michiel.mulders/lisk/lisk/config/default/constants.js
FNF:0
FNH:0
DA:64,1
LF:1
LH:1
BRF:0
BRH:0
end_of_record
TN:
SF:/Users/michiel.mulders/lisk/lisk/config/devnet/constants.js
FNF:0
FNH:0
DA:17,1
LF:1
LH:1
BRF:0
BRH:0
end_of_record
TN:
SF:/Users/michiel.mulders/lisk/lisk/config/default/exceptions.js
FNF:0
FNH:0
DA:38,1
LF:1
LH:1
BRF:0
BRH:0
end_of_record
TN:
SF:/Users/michiel.mulders/lisk/lisk/config/devnet/exceptions.js
FNF:0
FNH:0
DA:17,1
LF:1
LH:1
BRF:0
BRH:0
end_of_record
TN:
SF:/Users/michiel.mulders/lisk/lisk/framework/src/modules/chain/api/fittings/lisk_request_limit.js
FN:43,create
FN:77,lisk_request_limit
FNF:2
FNH:2
FNDA:11,create
FNDA:50,lisk_request_limit
DA:17,1
DA:18,1
DA:19,1
DA:20,1
DA:22,1
DA:43,1
DA:44,11
DA:45,11
DA:46,11
DA:47,11
DA:49,11
DA:50,0
DA:52,11
DA:55,11
DA:56,4
DA:58,7
DA:61,11
DA:63,11
DA:65,11
DA:77,1
DA:78,50
DA:79,50
DA:82,11
DA:83,11
DA:85,11
LF:25
LH:24
BRDA:49,1,0,0
BRDA:49,1,1,11
BRDA:55,2,0,4
BRDA:55,2,1,7
BRDA:55,3,0,11
BRDA:55,3,1,4
BRF:6
BRH:5
end_of_record
TN:
SF:/Users/michiel.mulders/lisk/lisk/framework/src/modules/chain/helpers/swagger_module_registry.js
FN:33,bind
FN:47,getCache
FN:57,getLogger
FN:67,getConfig
FNF:4
FNH:1
FNDA:0,bind
FNDA:0,getCache
FNDA:0,getLogger
FNDA:1,getConfig
DA:18,1
DA:33,1
DA:34,0
DA:47,1
DA:48,0
DA:57,1
DA:58,0
DA:67,1
DA:68,1
DA:71,1
LF:10
LH:7
BRDA:36,1,0,0
BRDA:36,1,1,0
BRF:2
BRH:0
end_of_record
