{"/Users/tobias/GitHub/lisk-js/index.js":{"path":"/Users/tobias/GitHub/lisk-js/index.js","s":{"1":1,"2":1,"3":1,"4":1,"5":1,"6":1,"7":1},"b":{"1":[1,0]},"f":{"1":1},"fnMap":{"1":{"name":"(anonymous_1)","line":11,"loc":{"start":{"line":11,"column":24},"end":{"line":11,"column":40}}}},"statementMap":{"1":{"start":{"line":7,"column":0},"end":{"line":7,"column":58}},"2":{"start":{"line":8,"column":0},"end":{"line":8,"column":40}},"3":{"start":{"line":10,"column":0},"end":{"line":10,"column":20}},"4":{"start":{"line":11,"column":0},"end":{"line":13,"column":3}},"5":{"start":{"line":12,"column":1},"end":{"line":12,"column":21}},"6":{"start":{"line":15,"column":0},"end":{"line":27,"column":2}},"7":{"start":{"line":29,"column":0},"end":{"line":29,"column":22}}},"branchMap":{"1":{"line":7,"type":"binary-expr","locations":[{"start":{"line":7,"column":16},"end":{"line":7,"column":29}},{"start":{"line":7,"column":33},"end":{"line":7,"column":57}}]}}},"/Users/tobias/GitHub/lisk-js/lib/transactions/crypto.js":{"path":"/Users/tobias/GitHub/lisk-js/lib/transactions/crypto.js","s":{"1":1,"2":1,"3":1,"4":1,"5":1,"6":1,"7":1,"8":34,"9":1,"10":10,"11":10,"12":10,"13":10,"14":320,"15":10,"16":10,"17":10,"18":1,"19":13,"20":1,"21":13,"22":13,"23":1,"24":14,"25":14,"26":14,"27":14,"28":14,"29":14,"30":14,"31":901,"32":14,"33":14,"34":14,"35":14,"36":1,"37":9,"38":9,"39":9,"40":9,"41":9,"42":9,"43":9,"44":9,"45":9,"46":9,"47":9,"48":9,"49":9,"50":9,"51":9,"52":9,"53":9,"54":9,"55":9,"56":9,"57":1,"58":5,"59":5,"60":5,"61":5,"62":98,"63":98,"64":1,"65":1,"66":190,"67":190,"68":8777,"69":190,"70":1,"71":98,"72":98,"73":98,"74":686,"75":686,"76":98,"77":1,"78":98,"79":98,"80":98,"81":98,"82":5,"83":98,"84":47,"85":47,"86":47,"87":376,"88":51,"89":408,"90":98,"91":98,"92":64,"93":4039,"94":98,"95":94,"96":62,"97":94,"98":25,"99":98,"100":98,"101":98,"102":98,"103":14874,"104":98,"105":98,"106":98,"107":98,"108":98,"109":98,"110":98,"111":1,"112":98,"113":1,"114":33,"115":33,"116":33,"117":264,"118":33,"119":33,"120":1,"121":41,"122":1,"123":5,"124":1,"125":32,"126":32,"127":32,"128":32,"129":0,"130":1,"131":8,"132":8,"133":8,"134":1,"135":4,"136":4,"137":4,"138":4,"139":1,"140":11,"141":11,"142":9,"143":11,"144":11,"145":11,"146":1141,"147":11,"148":11,"149":11,"150":11,"151":11,"152":1,"153":7,"154":7,"155":7,"156":1361,"157":7,"158":7,"159":7,"160":7,"161":7,"162":1,"163":105,"164":105,"165":105,"166":1,"167":53,"168":53,"169":53,"170":424,"171":53,"172":53,"173":1,"174":1},"b":{"1":[13,0],"2":[13,0],"3":[9,0],"4":[9,0],"5":[9,0],"6":[9,0],"7":[686,0],"8":[5,93],"9":[47,51],"10":[376,40],"11":[64,34],"12":[94,4],"13":[62,32],"14":[25,69],"15":[32,0],"16":[9,2]},"f":{"1":98,"2":34,"3":10,"4":13,"5":13,"6":14,"7":9,"8":5,"9":98,"10":190,"11":98,"12":98,"13":98,"14":33,"15":41,"16":5,"17":32,"18":8,"19":4,"20":11,"21":7,"22":105,"23":53},"fnMap":{"1":{"name":"getTransactionBytes","line":42,"loc":{"start":{"line":42,"column":0},"end":{"line":42,"column":43}}},"2":{"name":"isSendTransaction","line":49,"loc":{"start":{"line":49,"column":1},"end":{"line":49,"column":31}}},"3":{"name":"isSignatureTransaction","line":61,"loc":{"start":{"line":61,"column":1},"end":{"line":61,"column":36}}},"4":{"name":"isDelegateTransaction","line":84,"loc":{"start":{"line":84,"column":1},"end":{"line":84,"column":35}}},"5":{"name":"isVoteTransaction","line":96,"loc":{"start":{"line":96,"column":1},"end":{"line":96,"column":31}}},"6":{"name":"isMultisignatureTransaction","line":110,"loc":{"start":{"line":110,"column":1},"end":{"line":110,"column":41}}},"7":{"name":"isDappTransaction","line":137,"loc":{"start":{"line":137,"column":1},"end":{"line":137,"column":31}}},"8":{"name":"isDappTransferTransaction","line":179,"loc":{"start":{"line":179,"column":1},"end":{"line":179,"column":39}}},"9":{"name":"createTransactionBuffer","line":217,"loc":{"start":{"line":217,"column":0},"end":{"line":217,"column":56}}},"10":{"name":"assignHexToTransactionBytes","line":218,"loc":{"start":{"line":218,"column":1},"end":{"line":218,"column":72}}},"11":{"name":"createEmptyTransactionBuffer","line":233,"loc":{"start":{"line":233,"column":1},"end":{"line":233,"column":51}}},"12":{"name":"assignTransactionBuffer","line":263,"loc":{"start":{"line":263,"column":1},"end":{"line":263,"column":77}}},"13":{"name":"getBytes","line":333,"loc":{"start":{"line":333,"column":0},"end":{"line":333,"column":41}}},"14":{"name":"getId","line":344,"loc":{"start":{"line":344,"column":0},"end":{"line":344,"column":29}}},"15":{"name":"getHash","line":362,"loc":{"start":{"line":362,"column":0},"end":{"line":362,"column":31}}},"16":{"name":"getFee","line":373,"loc":{"start":{"line":373,"column":0},"end":{"line":373,"column":30}}},"17":{"name":"sign","line":385,"loc":{"start":{"line":385,"column":0},"end":{"line":385,"column":34}}},"18":{"name":"secondSign","line":404,"loc":{"start":{"line":404,"column":0},"end":{"line":404,"column":40}}},"19":{"name":"multiSign","line":418,"loc":{"start":{"line":418,"column":0},"end":{"line":418,"column":39}}},"20":{"name":"verify","line":433,"loc":{"start":{"line":433,"column":0},"end":{"line":433,"column":30}}},"21":{"name":"verifySecondSignature","line":464,"loc":{"start":{"line":464,"column":0},"end":{"line":464,"column":56}}},"22":{"name":"getKeys","line":488,"loc":{"start":{"line":488,"column":0},"end":{"line":488,"column":26}}},"23":{"name":"getAddress","line":505,"loc":{"start":{"line":505,"column":0},"end":{"line":505,"column":32}}}},"statementMap":{"1":{"start":{"line":20,"column":0},"end":{"line":20,"column":42}},"2":{"start":{"line":21,"column":0},"end":{"line":21,"column":43}},"3":{"start":{"line":23,"column":0},"end":{"line":23,"column":39}},"4":{"start":{"line":24,"column":0},"end":{"line":24,"column":42}},"5":{"start":{"line":34,"column":0},"end":{"line":34,"column":33}},"6":{"start":{"line":42,"column":0},"end":{"line":208,"column":1}},"7":{"start":{"line":49,"column":1},"end":{"line":54,"column":2}},"8":{"start":{"line":50,"column":2},"end":{"line":53,"column":4}},"9":{"start":{"line":61,"column":1},"end":{"line":77,"column":2}},"10":{"start":{"line":62,"column":2},"end":{"line":62,"column":36}},"11":{"start":{"line":63,"column":2},"end":{"line":63,"column":56}},"12":{"start":{"line":64,"column":2},"end":{"line":64,"column":54}},"13":{"start":{"line":66,"column":2},"end":{"line":68,"column":3}},"14":{"start":{"line":67,"column":3},"end":{"line":67,"column":36}},"15":{"start":{"line":70,"column":2},"end":{"line":70,"column":12}},"16":{"start":{"line":71,"column":2},"end":{"line":71,"column":58}},"17":{"start":{"line":73,"column":2},"end":{"line":76,"column":4}},"18":{"start":{"line":84,"column":1},"end":{"line":89,"column":2}},"19":{"start":{"line":85,"column":2},"end":{"line":88,"column":4}},"20":{"start":{"line":96,"column":1},"end":{"line":103,"column":2}},"21":{"start":{"line":97,"column":2},"end":{"line":97,"column":85}},"22":{"start":{"line":99,"column":2},"end":{"line":102,"column":4}},"23":{"start":{"line":110,"column":1},"end":{"line":130,"column":2}},"24":{"start":{"line":111,"column":2},"end":{"line":111,"column":24}},"25":{"start":{"line":112,"column":2},"end":{"line":112,"column":19}},"26":{"start":{"line":113,"column":2},"end":{"line":113,"column":97}},"27":{"start":{"line":115,"column":2},"end":{"line":115,"column":83}},"28":{"start":{"line":116,"column":2},"end":{"line":116,"column":53}},"29":{"start":{"line":117,"column":2},"end":{"line":117,"column":58}},"30":{"start":{"line":118,"column":2},"end":{"line":120,"column":3}},"31":{"start":{"line":119,"column":3},"end":{"line":119,"column":36}},"32":{"start":{"line":121,"column":2},"end":{"line":121,"column":12}},"33":{"start":{"line":123,"column":2},"end":{"line":123,"column":16}},"34":{"start":{"line":124,"column":2},"end":{"line":124,"column":58}},"35":{"start":{"line":126,"column":2},"end":{"line":129,"column":4}},"36":{"start":{"line":137,"column":1},"end":{"line":172,"column":2}},"37":{"start":{"line":138,"column":2},"end":{"line":138,"column":36}},"38":{"start":{"line":139,"column":2},"end":{"line":139,"column":27}},"39":{"start":{"line":140,"column":2},"end":{"line":140,"column":39}},"40":{"start":{"line":141,"column":2},"end":{"line":141,"column":38}},"41":{"start":{"line":143,"column":2},"end":{"line":146,"column":3}},"42":{"start":{"line":144,"column":3},"end":{"line":144,"column":54}},"43":{"start":{"line":145,"column":3},"end":{"line":145,"column":46}},"44":{"start":{"line":148,"column":2},"end":{"line":151,"column":3}},"45":{"start":{"line":149,"column":3},"end":{"line":149,"column":40}},"46":{"start":{"line":150,"column":3},"end":{"line":150,"column":39}},"47":{"start":{"line":153,"column":2},"end":{"line":155,"column":3}},"48":{"start":{"line":154,"column":3},"end":{"line":154,"column":54}},"49":{"start":{"line":157,"column":2},"end":{"line":159,"column":3}},"50":{"start":{"line":158,"column":3},"end":{"line":158,"column":54}},"51":{"start":{"line":161,"column":2},"end":{"line":161,"column":39}},"52":{"start":{"line":162,"column":2},"end":{"line":162,"column":25}},"53":{"start":{"line":163,"column":2},"end":{"line":163,"column":29}},"54":{"start":{"line":164,"column":2},"end":{"line":164,"column":12}},"55":{"start":{"line":166,"column":2},"end":{"line":166,"column":44}},"56":{"start":{"line":168,"column":2},"end":{"line":171,"column":4}},"57":{"start":{"line":179,"column":1},"end":{"line":188,"column":2}},"58":{"start":{"line":180,"column":2},"end":{"line":180,"column":32}},"59":{"start":{"line":181,"column":2},"end":{"line":181,"column":70}},"60":{"start":{"line":182,"column":2},"end":{"line":182,"column":51}},"61":{"start":{"line":184,"column":2},"end":{"line":187,"column":4}},"62":{"start":{"line":197,"column":1},"end":{"line":205,"column":3}},"63":{"start":{"line":207,"column":1},"end":{"line":207,"column":44}},"64":{"start":{"line":217,"column":0},"end":{"line":324,"column":1}},"65":{"start":{"line":218,"column":1},"end":{"line":225,"column":2}},"66":{"start":{"line":219,"column":2},"end":{"line":219,"column":47}},"67":{"start":{"line":220,"column":2},"end":{"line":222,"column":3}},"68":{"start":{"line":221,"column":3},"end":{"line":221,"column":49}},"69":{"start":{"line":223,"column":2},"end":{"line":223,"column":31}},"70":{"start":{"line":233,"column":1},"end":{"line":253,"column":2}},"71":{"start":{"line":234,"column":2},"end":{"line":242,"column":4}},"72":{"start":{"line":244,"column":2},"end":{"line":244,"column":21}},"73":{"start":{"line":246,"column":2},"end":{"line":250,"column":3}},"74":{"start":{"line":247,"column":3},"end":{"line":249,"column":4}},"75":{"start":{"line":248,"column":4},"end":{"line":248,"column":33}},"76":{"start":{"line":252,"column":2},"end":{"line":252,"column":54}},"77":{"start":{"line":263,"column":1},"end":{"line":313,"column":2}},"78":{"start":{"line":264,"column":2},"end":{"line":264,"column":48}},"79":{"start":{"line":265,"column":2},"end":{"line":265,"column":52}},"80":{"start":{"line":267,"column":2},"end":{"line":267,"column":78}},"81":{"start":{"line":269,"column":2},"end":{"line":271,"column":3}},"82":{"start":{"line":270,"column":3},"end":{"line":270,"column":82}},"83":{"start":{"line":273,"column":2},"end":{"line":284,"column":3}},"84":{"start":{"line":274,"column":3},"end":{"line":274,"column":56}},"85":{"start":{"line":275,"column":3},"end":{"line":275,"column":53}},"86":{"start":{"line":277,"column":3},"end":{"line":279,"column":4}},"87":{"start":{"line":278,"column":4},"end":{"line":278,"column":51}},"88":{"start":{"line":281,"column":3},"end":{"line":283,"column":4}},"89":{"start":{"line":282,"column":4},"end":{"line":282,"column":35}},"90":{"start":{"line":286,"column":2},"end":{"line":286,"column":50}},"91":{"start":{"line":288,"column":2},"end":{"line":292,"column":3}},"92":{"start":{"line":289,"column":3},"end":{"line":291,"column":4}},"93":{"start":{"line":290,"column":4},"end":{"line":290,"column":47}},"94":{"start":{"line":294,"column":2},"end":{"line":302,"column":3}},"95":{"start":{"line":295,"column":3},"end":{"line":297,"column":4}},"96":{"start":{"line":296,"column":4},"end":{"line":296,"column":74}},"97":{"start":{"line":299,"column":3},"end":{"line":301,"column":4}},"98":{"start":{"line":300,"column":4},"end":{"line":300,"column":78}},"99":{"start":{"line":304,"column":2},"end":{"line":304,"column":27}},"100":{"start":{"line":305,"column":2},"end":{"line":305,"column":70}},"101":{"start":{"line":306,"column":2},"end":{"line":306,"column":18}},"102":{"start":{"line":308,"column":2},"end":{"line":310,"column":3}},"103":{"start":{"line":309,"column":3},"end":{"line":309,"column":30}},"104":{"start":{"line":312,"column":2},"end":{"line":312,"column":29}},"105":{"start":{"line":316,"column":1},"end":{"line":316,"column":67}},"106":{"start":{"line":317,"column":1},"end":{"line":317,"column":54}},"107":{"start":{"line":318,"column":1},"end":{"line":318,"column":56}},"108":{"start":{"line":320,"column":1},"end":{"line":320,"column":70}},"109":{"start":{"line":321,"column":1},"end":{"line":321,"column":104}},"110":{"start":{"line":323,"column":1},"end":{"line":323,"column":34}},"111":{"start":{"line":333,"column":0},"end":{"line":335,"column":1}},"112":{"start":{"line":334,"column":1},"end":{"line":334,"column":54}},"113":{"start":{"line":344,"column":0},"end":{"line":353,"column":1}},"114":{"start":{"line":345,"column":1},"end":{"line":345,"column":102}},"115":{"start":{"line":346,"column":1},"end":{"line":346,"column":26}},"116":{"start":{"line":347,"column":1},"end":{"line":349,"column":2}},"117":{"start":{"line":348,"column":2},"end":{"line":348,"column":24}},"118":{"start":{"line":351,"column":1},"end":{"line":351,"column":45}},"119":{"start":{"line":352,"column":1},"end":{"line":352,"column":11}},"120":{"start":{"line":362,"column":0},"end":{"line":364,"column":1}},"121":{"start":{"line":363,"column":1},"end":{"line":363,"column":75}},"122":{"start":{"line":373,"column":0},"end":{"line":375,"column":1}},"123":{"start":{"line":374,"column":1},"end":{"line":374,"column":40}},"124":{"start":{"line":385,"column":0},"end":{"line":394,"column":1}},"125":{"start":{"line":386,"column":1},"end":{"line":386,"column":33}},"126":{"start":{"line":387,"column":1},"end":{"line":387,"column":94}},"127":{"start":{"line":389,"column":1},"end":{"line":393,"column":2}},"128":{"start":{"line":390,"column":2},"end":{"line":390,"column":65}},"129":{"start":{"line":392,"column":2},"end":{"line":392,"column":48}},"130":{"start":{"line":404,"column":0},"end":{"line":408,"column":1}},"131":{"start":{"line":405,"column":1},"end":{"line":405,"column":33}},"132":{"start":{"line":406,"column":1},"end":{"line":406,"column":94}},"133":{"start":{"line":407,"column":1},"end":{"line":407,"column":68}},"134":{"start":{"line":418,"column":0},"end":{"line":424,"column":1}},"135":{"start":{"line":419,"column":1},"end":{"line":419,"column":53}},"136":{"start":{"line":420,"column":1},"end":{"line":420,"column":63}},"137":{"start":{"line":421,"column":1},"end":{"line":421,"column":94}},"138":{"start":{"line":423,"column":1},"end":{"line":423,"column":47}},"139":{"start":{"line":433,"column":0},"end":{"line":454,"column":1}},"140":{"start":{"line":434,"column":1},"end":{"line":434,"column":17}},"141":{"start":{"line":436,"column":1},"end":{"line":438,"column":2}},"142":{"start":{"line":437,"column":2},"end":{"line":437,"column":15}},"143":{"start":{"line":440,"column":1},"end":{"line":440,"column":35}},"144":{"start":{"line":441,"column":1},"end":{"line":441,"column":49}},"145":{"start":{"line":443,"column":1},"end":{"line":445,"column":2}},"146":{"start":{"line":444,"column":2},"end":{"line":444,"column":22}},"147":{"start":{"line":447,"column":1},"end":{"line":447,"column":86}},"148":{"start":{"line":449,"column":1},"end":{"line":449,"column":65}},"149":{"start":{"line":450,"column":1},"end":{"line":450,"column":77}},"150":{"start":{"line":451,"column":1},"end":{"line":451,"column":98}},"151":{"start":{"line":453,"column":1},"end":{"line":453,"column":12}},"152":{"start":{"line":464,"column":0},"end":{"line":479,"column":1}},"153":{"start":{"line":465,"column":1},"end":{"line":465,"column":35}},"154":{"start":{"line":466,"column":1},"end":{"line":466,"column":45}},"155":{"start":{"line":468,"column":1},"end":{"line":470,"column":2}},"156":{"start":{"line":469,"column":2},"end":{"line":469,"column":22}},"157":{"start":{"line":472,"column":1},"end":{"line":472,"column":86}},"158":{"start":{"line":474,"column":1},"end":{"line":474,"column":73}},"159":{"start":{"line":475,"column":1},"end":{"line":475,"column":53}},"160":{"start":{"line":476,"column":1},"end":{"line":476,"column":96}},"161":{"start":{"line":478,"column":1},"end":{"line":478,"column":12}},"162":{"start":{"line":488,"column":0},"end":{"line":496,"column":1}},"163":{"start":{"line":489,"column":1},"end":{"line":489,"column":72}},"164":{"start":{"line":490,"column":1},"end":{"line":490,"column":64}},"165":{"start":{"line":492,"column":1},"end":{"line":495,"column":3}},"166":{"start":{"line":505,"column":0},"end":{"line":515,"column":1}},"167":{"start":{"line":506,"column":1},"end":{"line":506,"column":99}},"168":{"start":{"line":507,"column":1},"end":{"line":507,"column":28}},"169":{"start":{"line":509,"column":1},"end":{"line":511,"column":2}},"170":{"start":{"line":510,"column":2},"end":{"line":510,"column":33}},"171":{"start":{"line":513,"column":1},"end":{"line":513,"column":56}},"172":{"start":{"line":514,"column":1},"end":{"line":514,"column":16}},"173":{"start":{"line":517,"column":0},"end":{"line":517,"column":45}},"174":{"start":{"line":519,"column":0},"end":{"line":549,"column":2}}},"branchMap":{"1":{"line":97,"type":"binary-expr","locations":[{"start":{"line":97,"column":30},"end":{"line":97,"column":75}},{"start":{"line":97,"column":79},"end":{"line":97,"column":83}}]},"2":{"line":101,"type":"binary-expr","locations":[{"start":{"line":101,"column":15},"end":{"line":101,"column":42}},{"start":{"line":101,"column":46},"end":{"line":101,"column":47}}]},"3":{"line":143,"type":"if","locations":[{"start":{"line":143,"column":2},"end":{"line":143,"column":2}},{"start":{"line":143,"column":2},"end":{"line":143,"column":2}}]},"4":{"line":148,"type":"if","locations":[{"start":{"line":148,"column":2},"end":{"line":148,"column":2}},{"start":{"line":148,"column":2},"end":{"line":148,"column":2}}]},"5":{"line":153,"type":"if","locations":[{"start":{"line":153,"column":2},"end":{"line":153,"column":2}},{"start":{"line":153,"column":2},"end":{"line":153,"column":2}}]},"6":{"line":157,"type":"if","locations":[{"start":{"line":157,"column":2},"end":{"line":157,"column":2}},{"start":{"line":157,"column":2},"end":{"line":157,"column":2}}]},"7":{"line":247,"type":"if","locations":[{"start":{"line":247,"column":3},"end":{"line":247,"column":3}},{"start":{"line":247,"column":3},"end":{"line":247,"column":3}}]},"8":{"line":269,"type":"if","locations":[{"start":{"line":269,"column":2},"end":{"line":269,"column":2}},{"start":{"line":269,"column":2},"end":{"line":269,"column":2}}]},"9":{"line":273,"type":"if","locations":[{"start":{"line":273,"column":2},"end":{"line":273,"column":2}},{"start":{"line":273,"column":2},"end":{"line":273,"column":2}}]},"10":{"line":278,"type":"binary-expr","locations":[{"start":{"line":278,"column":32},"end":{"line":278,"column":44}},{"start":{"line":278,"column":48},"end":{"line":278,"column":49}}]},"11":{"line":288,"type":"if","locations":[{"start":{"line":288,"column":2},"end":{"line":288,"column":2}},{"start":{"line":288,"column":2},"end":{"line":288,"column":2}}]},"12":{"line":294,"type":"if","locations":[{"start":{"line":294,"column":2},"end":{"line":294,"column":2}},{"start":{"line":294,"column":2},"end":{"line":294,"column":2}}]},"13":{"line":295,"type":"if","locations":[{"start":{"line":295,"column":3},"end":{"line":295,"column":3}},{"start":{"line":295,"column":3},"end":{"line":295,"column":3}}]},"14":{"line":299,"type":"if","locations":[{"start":{"line":299,"column":3},"end":{"line":299,"column":3}},{"start":{"line":299,"column":3},"end":{"line":299,"column":3}}]},"15":{"line":389,"type":"if","locations":[{"start":{"line":389,"column":1},"end":{"line":389,"column":1}},{"start":{"line":389,"column":1},"end":{"line":389,"column":1}}]},"16":{"line":436,"type":"if","locations":[{"start":{"line":436,"column":1},"end":{"line":436,"column":1}},{"start":{"line":436,"column":1},"end":{"line":436,"column":1}}]}}},"/Users/tobias/GitHub/lisk-js/lib/constants.js":{"path":"/Users/tobias/GitHub/lisk-js/lib/constants.js","s":{"1":1},"b":{},"f":{},"fnMap":{},"statementMap":{"1":{"start":{"line":9,"column":0},"end":{"line":26,"column":2}}},"branchMap":{}},"/Users/tobias/GitHub/lisk-js/lib/transactions/crypto/index.js":{"path":"/Users/tobias/GitHub/lisk-js/lib/transactions/crypto/index.js","s":{"1":1,"2":1,"3":1,"4":1,"5":1},"b":{},"f":{},"fnMap":{},"statementMap":{"1":{"start":{"line":1,"column":0},"end":{"line":1,"column":35}},"2":{"start":{"line":2,"column":0},"end":{"line":2,"column":29}},"3":{"start":{"line":3,"column":0},"end":{"line":3,"column":29}},"4":{"start":{"line":4,"column":0},"end":{"line":4,"column":29}},"5":{"start":{"line":6,"column":0},"end":{"line":23,"column":2}}},"branchMap":{}},"/Users/tobias/GitHub/lisk-js/lib/transactions/crypto/convert.js":{"path":"/Users/tobias/GitHub/lisk-js/lib/transactions/crypto/convert.js","s":{"1":1,"2":1,"3":1,"4":40,"5":1,"6":12,"7":1,"8":2,"9":2,"10":16,"11":2,"12":1,"13":1,"14":1},"b":{},"f":{"1":40,"2":12,"3":2,"4":1},"fnMap":{"1":{"name":"bufferToHex","line":19,"loc":{"start":{"line":19,"column":0},"end":{"line":19,"column":30}}},"2":{"name":"hexToBuffer","line":23,"loc":{"start":{"line":23,"column":0},"end":{"line":23,"column":27}}},"3":{"name":"useFirstEightBufferEntriesReversed","line":28,"loc":{"start":{"line":28,"column":0},"end":{"line":28,"column":61}}},"4":{"name":"toAddress","line":38,"loc":{"start":{"line":38,"column":0},"end":{"line":38,"column":28}}}},"statementMap":{"1":{"start":{"line":16,"column":0},"end":{"line":16,"column":39}},"2":{"start":{"line":17,"column":0},"end":{"line":17,"column":42}},"3":{"start":{"line":19,"column":0},"end":{"line":21,"column":1}},"4":{"start":{"line":20,"column":1},"end":{"line":20,"column":36}},"5":{"start":{"line":23,"column":0},"end":{"line":25,"column":1}},"6":{"start":{"line":24,"column":1},"end":{"line":24,"column":35}},"7":{"start":{"line":28,"column":0},"end":{"line":36,"column":1}},"8":{"start":{"line":29,"column":1},"end":{"line":29,"column":42}},"9":{"start":{"line":31,"column":1},"end":{"line":33,"column":2}},"10":{"start":{"line":32,"column":2},"end":{"line":32,"column":48}},"11":{"start":{"line":35,"column":1},"end":{"line":35,"column":27}},"12":{"start":{"line":38,"column":0},"end":{"line":40,"column":1}},"13":{"start":{"line":39,"column":1},"end":{"line":39,"column":51}},"14":{"start":{"line":42,"column":0},"end":{"line":47,"column":2}}},"branchMap":{}},"/Users/tobias/GitHub/lisk-js/lib/transactions/crypto/sign.js":{"path":"/Users/tobias/GitHub/lisk-js/lib/transactions/crypto/sign.js","s":{"1":1,"2":1,"3":1,"4":1,"5":5,"6":5,"7":5,"8":5,"9":5,"10":1,"11":1,"12":1,"13":1,"14":1,"15":1,"16":1,"17":1,"18":1,"19":1,"20":1,"21":1,"22":1,"23":1,"24":1,"25":1,"26":1,"27":1,"28":1,"29":1,"30":1,"31":1,"32":1,"33":3,"34":3,"35":3,"36":1,"37":2,"38":2,"39":1,"40":1,"41":1,"42":4,"43":1,"44":4,"45":1,"46":2,"47":2,"48":2,"49":2,"50":2,"51":2,"52":2,"53":2,"54":1,"55":1,"56":1,"57":1,"58":1,"59":1,"60":1,"61":1},"b":{"1":[1,2],"2":[1,1]},"f":{"1":5,"2":1,"3":1,"4":3,"5":4,"6":4,"7":2,"8":1},"fnMap":{"1":{"name":"signMessageWithSecret","line":20,"loc":{"start":{"line":20,"column":0},"end":{"line":20,"column":49}}},"2":{"name":"signAndPrintMessage","line":30,"loc":{"start":{"line":30,"column":0},"end":{"line":30,"column":47}}},"3":{"name":"printSignedMessage","line":47,"loc":{"start":{"line":47,"column":0},"end":{"line":47,"column":64}}},"4":{"name":"verifyMessageWithPublicKey","line":64,"loc":{"start":{"line":64,"column":0},"end":{"line":64,"column":63}}},"5":{"name":"convertPublicKeyEd2Curve","line":83,"loc":{"start":{"line":83,"column":0},"end":{"line":83,"column":46}}},"6":{"name":"convertPrivateKeyEd2Curve","line":87,"loc":{"start":{"line":87,"column":0},"end":{"line":87,"column":48}}},"7":{"name":"encryptMessageWithSecret","line":91,"loc":{"start":{"line":91,"column":0},"end":{"line":91,"column":72}}},"8":{"name":"decryptMessageWithSecret","line":108,"loc":{"start":{"line":108,"column":0},"end":{"line":108,"column":75}}}},"statementMap":{"1":{"start":{"line":16,"column":0},"end":{"line":16,"column":35}},"2":{"start":{"line":17,"column":0},"end":{"line":17,"column":35}},"3":{"start":{"line":18,"column":0},"end":{"line":18,"column":29}},"4":{"start":{"line":20,"column":0},"end":{"line":28,"column":1}},"5":{"start":{"line":21,"column":1},"end":{"line":21,"column":45}},"6":{"start":{"line":22,"column":1},"end":{"line":22,"column":64}},"7":{"start":{"line":24,"column":1},"end":{"line":24,"column":71}},"8":{"start":{"line":25,"column":1},"end":{"line":25,"column":59}},"9":{"start":{"line":27,"column":1},"end":{"line":27,"column":25}},"10":{"start":{"line":30,"column":0},"end":{"line":45,"column":1}},"11":{"start":{"line":31,"column":1},"end":{"line":31,"column":65}},"12":{"start":{"line":32,"column":1},"end":{"line":32,"column":41}},"13":{"start":{"line":33,"column":1},"end":{"line":33,"column":28}},"14":{"start":{"line":34,"column":1},"end":{"line":34,"column":47}},"15":{"start":{"line":35,"column":1},"end":{"line":35,"column":73}},"16":{"start":{"line":36,"column":1},"end":{"line":36,"column":45}},"17":{"start":{"line":37,"column":1},"end":{"line":37,"column":60}},"18":{"start":{"line":38,"column":1},"end":{"line":38,"column":59}},"19":{"start":{"line":40,"column":1},"end":{"line":42,"column":3}},"20":{"start":{"line":44,"column":1},"end":{"line":44,"column":31}},"21":{"start":{"line":47,"column":0},"end":{"line":62,"column":1}},"22":{"start":{"line":48,"column":1},"end":{"line":48,"column":65}},"23":{"start":{"line":49,"column":1},"end":{"line":49,"column":41}},"24":{"start":{"line":50,"column":1},"end":{"line":50,"column":28}},"25":{"start":{"line":51,"column":1},"end":{"line":51,"column":46}},"26":{"start":{"line":52,"column":1},"end":{"line":52,"column":32}},"27":{"start":{"line":53,"column":1},"end":{"line":53,"column":45}},"28":{"start":{"line":54,"column":1},"end":{"line":54,"column":40}},"29":{"start":{"line":55,"column":1},"end":{"line":55,"column":59}},"30":{"start":{"line":57,"column":1},"end":{"line":59,"column":3}},"31":{"start":{"line":61,"column":1},"end":{"line":61,"column":31}},"32":{"start":{"line":64,"column":0},"end":{"line":81,"column":1}},"33":{"start":{"line":65,"column":1},"end":{"line":65,"column":61}},"34":{"start":{"line":66,"column":1},"end":{"line":66,"column":53}},"35":{"start":{"line":68,"column":1},"end":{"line":70,"column":2}},"36":{"start":{"line":69,"column":2},"end":{"line":69,"column":67}},"37":{"start":{"line":73,"column":1},"end":{"line":73,"column":87}},"38":{"start":{"line":75,"column":1},"end":{"line":80,"column":2}},"39":{"start":{"line":77,"column":2},"end":{"line":77,"column":49}},"40":{"start":{"line":79,"column":2},"end":{"line":79,"column":84}},"41":{"start":{"line":83,"column":0},"end":{"line":85,"column":1}},"42":{"start":{"line":84,"column":1},"end":{"line":84,"column":45}},"43":{"start":{"line":87,"column":0},"end":{"line":89,"column":1}},"44":{"start":{"line":88,"column":1},"end":{"line":88,"column":46}},"45":{"start":{"line":91,"column":0},"end":{"line":106,"column":1}},"46":{"start":{"line":92,"column":1},"end":{"line":92,"column":84}},"47":{"start":{"line":93,"column":1},"end":{"line":93,"column":71}},"48":{"start":{"line":94,"column":1},"end":{"line":94,"column":49}},"49":{"start":{"line":96,"column":1},"end":{"line":96,"column":52}},"50":{"start":{"line":97,"column":1},"end":{"line":97,"column":150}},"51":{"start":{"line":99,"column":1},"end":{"line":99,"column":43}},"52":{"start":{"line":100,"column":1},"end":{"line":100,"column":52}},"53":{"start":{"line":102,"column":1},"end":{"line":105,"column":3}},"54":{"start":{"line":108,"column":0},"end":{"line":117,"column":1}},"55":{"start":{"line":109,"column":1},"end":{"line":109,"column":87}},"56":{"start":{"line":110,"column":1},"end":{"line":110,"column":65}},"57":{"start":{"line":111,"column":1},"end":{"line":111,"column":47}},"58":{"start":{"line":112,"column":1},"end":{"line":112,"column":45}},"59":{"start":{"line":114,"column":1},"end":{"line":114,"column":165}},"60":{"start":{"line":116,"column":1},"end":{"line":116,"column":42}},"61":{"start":{"line":119,"column":0},"end":{"line":128,"column":2}}},"branchMap":{"1":{"line":68,"type":"if","locations":[{"start":{"line":68,"column":1},"end":{"line":68,"column":1}},{"start":{"line":68,"column":1},"end":{"line":68,"column":1}}]},"2":{"line":75,"type":"if","locations":[{"start":{"line":75,"column":1},"end":{"line":75,"column":1}},{"start":{"line":75,"column":1},"end":{"line":75,"column":1}}]}}},"/Users/tobias/GitHub/lisk-js/lib/transactions/crypto/keys.js":{"path":"/Users/tobias/GitHub/lisk-js/lib/transactions/crypto/keys.js","s":{"1":1,"2":1,"3":1,"4":1,"5":1,"6":12,"7":12,"8":12,"9":1,"10":11,"11":11,"12":11,"13":1,"14":1,"15":1,"16":1,"17":1,"18":1},"b":{},"f":{"1":12,"2":11,"3":1},"fnMap":{"1":{"name":"getPrivateAndPublicKeyFromSecret","line":22,"loc":{"start":{"line":22,"column":0},"end":{"line":22,"column":51}}},"2":{"name":"getRawPrivateAndPublicKeyFromSecret","line":32,"loc":{"start":{"line":32,"column":0},"end":{"line":32,"column":54}}},"3":{"name":"getAddressFromPublicKey","line":42,"loc":{"start":{"line":42,"column":0},"end":{"line":42,"column":45}}}},"statementMap":{"1":{"start":{"line":16,"column":0},"end":{"line":16,"column":39}},"2":{"start":{"line":17,"column":0},"end":{"line":17,"column":42}},"3":{"start":{"line":19,"column":0},"end":{"line":19,"column":29}},"4":{"start":{"line":20,"column":0},"end":{"line":20,"column":35}},"5":{"start":{"line":22,"column":0},"end":{"line":30,"column":1}},"6":{"start":{"line":23,"column":1},"end":{"line":23,"column":53}},"7":{"start":{"line":24,"column":1},"end":{"line":24,"column":65}},"8":{"start":{"line":26,"column":1},"end":{"line":29,"column":3}},"9":{"start":{"line":32,"column":0},"end":{"line":40,"column":1}},"10":{"start":{"line":33,"column":1},"end":{"line":33,"column":53}},"11":{"start":{"line":34,"column":1},"end":{"line":34,"column":65}},"12":{"start":{"line":36,"column":1},"end":{"line":39,"column":3}},"13":{"start":{"line":42,"column":0},"end":{"line":49,"column":1}},"14":{"start":{"line":43,"column":1},"end":{"line":43,"column":58}},"15":{"start":{"line":45,"column":1},"end":{"line":45,"column":84}},"16":{"start":{"line":46,"column":1},"end":{"line":46,"column":70}},"17":{"start":{"line":48,"column":1},"end":{"line":48,"column":16}},"18":{"start":{"line":51,"column":0},"end":{"line":56,"column":2}}},"branchMap":{}},"/Users/tobias/GitHub/lisk-js/lib/transactions/crypto/hash.js":{"path":"/Users/tobias/GitHub/lisk-js/lib/transactions/crypto/hash.js","s":{"1":1,"2":27,"3":2,"4":25,"5":23,"6":2,"7":2,"8":27,"9":1},"b":{"1":[2,25],"2":[23,2],"3":[2,0]},"f":{"1":27},"fnMap":{"1":{"name":"getSha256Hash","line":20,"loc":{"start":{"line":20,"column":0},"end":{"line":20,"column":46}}}},"statementMap":{"1":{"start":{"line":20,"column":0},"end":{"line":31,"column":1}},"2":{"start":{"line":21,"column":1},"end":{"line":27,"column":2}},"3":{"start":{"line":22,"column":2},"end":{"line":22,"column":56}},"4":{"start":{"line":23,"column":8},"end":{"line":27,"column":2}},"5":{"start":{"line":24,"column":2},"end":{"line":24,"column":56}},"6":{"start":{"line":25,"column":8},"end":{"line":27,"column":2}},"7":{"start":{"line":26,"column":2},"end":{"line":26,"column":53}},"8":{"start":{"line":29,"column":1},"end":{"line":29,"column":54}},"9":{"start":{"line":33,"column":0},"end":{"line":35,"column":2}}},"branchMap":{"1":{"line":21,"type":"if","locations":[{"start":{"line":21,"column":1},"end":{"line":21,"column":1}},{"start":{"line":21,"column":1},"end":{"line":21,"column":1}}]},"2":{"line":23,"type":"if","locations":[{"start":{"line":23,"column":8},"end":{"line":23,"column":8}},{"start":{"line":23,"column":8},"end":{"line":23,"column":8}}]},"3":{"line":25,"type":"if","locations":[{"start":{"line":25,"column":8},"end":{"line":25,"column":8}},{"start":{"line":25,"column":8},"end":{"line":25,"column":8}}]}}},"/Users/tobias/GitHub/lisk-js/lib/transactions/dapp.js":{"path":"/Users/tobias/GitHub/lisk-js/lib/transactions/dapp.js","s":{"1":1,"2":1,"3":1,"4":1,"5":2,"6":2,"7":2,"8":2,"9":1,"10":1,"11":2,"12":2,"13":1},"b":{"1":[1,1]},"f":{"1":2},"fnMap":{"1":{"name":"createDapp","line":33,"loc":{"start":{"line":33,"column":0},"end":{"line":33,"column":52}}}},"statementMap":{"1":{"start":{"line":20,"column":0},"end":{"line":20,"column":41}},"2":{"start":{"line":21,"column":0},"end":{"line":21,"column":45}},"3":{"start":{"line":22,"column":0},"end":{"line":22,"column":46}},"4":{"start":{"line":33,"column":0},"end":{"line":65,"column":1}},"5":{"start":{"line":34,"column":1},"end":{"line":34,"column":35}},"6":{"start":{"line":36,"column":1},"end":{"line":54,"column":3}},"7":{"start":{"line":56,"column":1},"end":{"line":56,"column":32}},"8":{"start":{"line":58,"column":1},"end":{"line":61,"column":2}},"9":{"start":{"line":59,"column":2},"end":{"line":59,"column":48}},"10":{"start":{"line":60,"column":2},"end":{"line":60,"column":45}},"11":{"start":{"line":63,"column":1},"end":{"line":63,"column":44}},"12":{"start":{"line":64,"column":1},"end":{"line":64,"column":20}},"13":{"start":{"line":67,"column":0},"end":{"line":69,"column":2}}},"branchMap":{"1":{"line":58,"type":"if","locations":[{"start":{"line":58,"column":1},"end":{"line":58,"column":1}},{"start":{"line":58,"column":1},"end":{"line":58,"column":1}}]}}},"/Users/tobias/GitHub/lisk-js/lib/time/slots.js":{"path":"/Users/tobias/GitHub/lisk-js/lib/time/slots.js","s":{"1":1,"2":38,"3":1,"4":36,"5":35,"6":36,"7":36,"8":36,"9":1,"10":1,"11":36,"12":1,"13":2,"14":1,"15":2,"16":2,"17":2,"18":1,"19":3,"20":2,"21":3,"22":1,"23":1,"24":1,"25":2,"26":2,"27":1,"28":1,"29":1},"b":{"1":[35,1],"2":[1,1],"3":[2,1]},"f":{"1":38,"2":36,"3":36,"4":2,"5":3,"6":1,"7":2,"8":1},"fnMap":{"1":{"name":"beginEpochTime","line":23,"loc":{"start":{"line":23,"column":0},"end":{"line":23,"column":27}}},"2":{"name":"getEpochTime","line":33,"loc":{"start":{"line":33,"column":0},"end":{"line":33,"column":29}}},"3":{"name":"getTime","line":67,"loc":{"start":{"line":67,"column":0},"end":{"line":67,"column":24}}},"4":{"name":"getRealTime","line":77,"loc":{"start":{"line":77,"column":0},"end":{"line":77,"column":33}}},"5":{"name":"getSlotNumber","line":92,"loc":{"start":{"line":92,"column":0},"end":{"line":92,"column":35}}},"6":{"name":"getSlotTime","line":106,"loc":{"start":{"line":106,"column":0},"end":{"line":106,"column":28}}},"7":{"name":"getNextSlot","line":115,"loc":{"start":{"line":115,"column":0},"end":{"line":115,"column":24}}},"8":{"name":"getLastSlot","line":126,"loc":{"start":{"line":126,"column":0},"end":{"line":126,"column":32}}}},"statementMap":{"1":{"start":{"line":23,"column":0},"end":{"line":25,"column":1}},"2":{"start":{"line":24,"column":1},"end":{"line":24,"column":53}},"3":{"start":{"line":33,"column":0},"end":{"line":40,"column":1}},"4":{"start":{"line":34,"column":1},"end":{"line":36,"column":2}},"5":{"start":{"line":35,"column":2},"end":{"line":35,"column":32}},"6":{"start":{"line":37,"column":1},"end":{"line":37,"column":26}},"7":{"start":{"line":38,"column":1},"end":{"line":38,"column":21}},"8":{"start":{"line":39,"column":1},"end":{"line":39,"column":38}},"9":{"start":{"line":58,"column":0},"end":{"line":59,"column":16}},"10":{"start":{"line":67,"column":0},"end":{"line":69,"column":1}},"11":{"start":{"line":68,"column":1},"end":{"line":68,"column":27}},"12":{"start":{"line":77,"column":0},"end":{"line":84,"column":1}},"13":{"start":{"line":78,"column":1},"end":{"line":80,"column":2}},"14":{"start":{"line":79,"column":2},"end":{"line":79,"column":24}},"15":{"start":{"line":81,"column":1},"end":{"line":81,"column":26}},"16":{"start":{"line":82,"column":1},"end":{"line":82,"column":47}},"17":{"start":{"line":83,"column":1},"end":{"line":83,"column":29}},"18":{"start":{"line":92,"column":0},"end":{"line":98,"column":1}},"19":{"start":{"line":93,"column":1},"end":{"line":95,"column":2}},"20":{"start":{"line":94,"column":2},"end":{"line":94,"column":24}},"21":{"start":{"line":97,"column":1},"end":{"line":97,"column":41}},"22":{"start":{"line":106,"column":0},"end":{"line":108,"column":1}},"23":{"start":{"line":107,"column":1},"end":{"line":107,"column":24}},"24":{"start":{"line":115,"column":0},"end":{"line":119,"column":1}},"25":{"start":{"line":116,"column":1},"end":{"line":116,"column":28}},"26":{"start":{"line":118,"column":1},"end":{"line":118,"column":17}},"27":{"start":{"line":126,"column":0},"end":{"line":128,"column":1}},"28":{"start":{"line":127,"column":1},"end":{"line":127,"column":29}},"29":{"start":{"line":130,"column":0},"end":{"line":139,"column":2}}},"branchMap":{"1":{"line":34,"type":"if","locations":[{"start":{"line":34,"column":1},"end":{"line":34,"column":1}},{"start":{"line":34,"column":1},"end":{"line":34,"column":1}}]},"2":{"line":78,"type":"if","locations":[{"start":{"line":78,"column":1},"end":{"line":78,"column":1}},{"start":{"line":78,"column":1},"end":{"line":78,"column":1}}]},"3":{"line":93,"type":"if","locations":[{"start":{"line":93,"column":1},"end":{"line":93,"column":1}},{"start":{"line":93,"column":1},"end":{"line":93,"column":1}}]}}},"/Users/tobias/GitHub/lisk-js/lib/transactions/delegate.js":{"path":"/Users/tobias/GitHub/lisk-js/lib/transactions/delegate.js","s":{"1":1,"2":1,"3":1,"4":1,"5":4,"6":4,"7":4,"8":4,"9":1,"10":1,"11":4,"12":4,"13":1},"b":{"1":[1,3]},"f":{"1":4},"fnMap":{"1":{"name":"createDelegate","line":33,"loc":{"start":{"line":33,"column":0},"end":{"line":33,"column":57}}}},"statementMap":{"1":{"start":{"line":20,"column":0},"end":{"line":20,"column":41}},"2":{"start":{"line":21,"column":0},"end":{"line":21,"column":45}},"3":{"start":{"line":22,"column":0},"end":{"line":22,"column":46}},"4":{"start":{"line":33,"column":0},"end":{"line":60,"column":1}},"5":{"start":{"line":34,"column":1},"end":{"line":34,"column":35}},"6":{"start":{"line":36,"column":1},"end":{"line":49,"column":3}},"7":{"start":{"line":51,"column":1},"end":{"line":51,"column":32}},"8":{"start":{"line":53,"column":1},"end":{"line":56,"column":2}},"9":{"start":{"line":54,"column":2},"end":{"line":54,"column":48}},"10":{"start":{"line":55,"column":2},"end":{"line":55,"column":45}},"11":{"start":{"line":58,"column":1},"end":{"line":58,"column":44}},"12":{"start":{"line":59,"column":1},"end":{"line":59,"column":20}},"13":{"start":{"line":62,"column":0},"end":{"line":64,"column":2}}},"branchMap":{"1":{"line":53,"type":"if","locations":[{"start":{"line":53,"column":1},"end":{"line":53,"column":1}},{"start":{"line":53,"column":1},"end":{"line":53,"column":1}}]}}},"/Users/tobias/GitHub/lisk-js/lib/transactions/multisignature.js":{"path":"/Users/tobias/GitHub/lisk-js/lib/transactions/multisignature.js","s":{"1":1,"2":1,"3":1,"4":1,"5":2,"6":2,"7":2,"8":2,"9":2,"10":2,"11":1,"12":1,"13":2,"14":2,"15":2,"16":1,"17":4,"18":4,"19":4,"20":1,"21":5,"22":5,"23":5,"24":5,"25":5,"26":1,"27":1,"28":5,"29":5,"30":1},"b":{"1":[2,1],"2":[1,1],"3":[1,4]},"f":{"1":2,"2":4,"3":5},"fnMap":{"1":{"name":"createTransaction","line":35,"loc":{"start":{"line":35,"column":0},"end":{"line":35,"column":91}}},"2":{"name":"signTransaction","line":73,"loc":{"start":{"line":73,"column":0},"end":{"line":73,"column":39}}},"3":{"name":"createMultisignature","line":91,"loc":{"start":{"line":91,"column":0},"end":{"line":91,"column":79}}}},"statementMap":{"1":{"start":{"line":20,"column":0},"end":{"line":20,"column":41}},"2":{"start":{"line":21,"column":0},"end":{"line":21,"column":45}},"3":{"start":{"line":22,"column":0},"end":{"line":22,"column":46}},"4":{"start":{"line":35,"column":0},"end":{"line":63,"column":1}},"5":{"start":{"line":37,"column":1},"end":{"line":44,"column":3}},"6":{"start":{"line":46,"column":1},"end":{"line":46,"column":35}},"7":{"start":{"line":47,"column":1},"end":{"line":47,"column":46}},"8":{"start":{"line":49,"column":1},"end":{"line":49,"column":84}},"9":{"start":{"line":52,"column":1},"end":{"line":52,"column":32}},"10":{"start":{"line":54,"column":1},"end":{"line":57,"column":2}},"11":{"start":{"line":55,"column":2},"end":{"line":55,"column":48}},"12":{"start":{"line":56,"column":2},"end":{"line":56,"column":45}},"13":{"start":{"line":59,"column":1},"end":{"line":59,"column":44}},"14":{"start":{"line":60,"column":1},"end":{"line":60,"column":29}},"15":{"start":{"line":62,"column":1},"end":{"line":62,"column":20}},"16":{"start":{"line":73,"column":0},"end":{"line":78,"column":1}},"17":{"start":{"line":74,"column":1},"end":{"line":74,"column":35}},"18":{"start":{"line":75,"column":1},"end":{"line":75,"column":45}},"19":{"start":{"line":77,"column":1},"end":{"line":77,"column":18}},"20":{"start":{"line":91,"column":0},"end":{"line":121,"column":1}},"21":{"start":{"line":92,"column":1},"end":{"line":92,"column":35}},"22":{"start":{"line":94,"column":1},"end":{"line":94,"column":41}},"23":{"start":{"line":96,"column":1},"end":{"line":110,"column":3}},"24":{"start":{"line":112,"column":1},"end":{"line":112,"column":32}},"25":{"start":{"line":114,"column":1},"end":{"line":117,"column":2}},"26":{"start":{"line":115,"column":2},"end":{"line":115,"column":48}},"27":{"start":{"line":116,"column":2},"end":{"line":116,"column":45}},"28":{"start":{"line":119,"column":1},"end":{"line":119,"column":44}},"29":{"start":{"line":120,"column":1},"end":{"line":120,"column":20}},"30":{"start":{"line":123,"column":0},"end":{"line":127,"column":2}}},"branchMap":{"1":{"line":49,"type":"binary-expr","locations":[{"start":{"line":49,"column":34},"end":{"line":49,"column":52}},{"start":{"line":49,"column":56},"end":{"line":49,"column":83}}]},"2":{"line":54,"type":"if","locations":[{"start":{"line":54,"column":1},"end":{"line":54,"column":1}},{"start":{"line":54,"column":1},"end":{"line":54,"column":1}}]},"3":{"line":114,"type":"if","locations":[{"start":{"line":114,"column":1},"end":{"line":114,"column":1}},{"start":{"line":114,"column":1},"end":{"line":114,"column":1}}]}}},"/Users/tobias/GitHub/lisk-js/lib/transactions/signature.js":{"path":"/Users/tobias/GitHub/lisk-js/lib/transactions/signature.js","s":{"1":1,"2":1,"3":1,"4":1,"5":5,"6":5,"7":5,"8":1,"9":5,"10":5,"11":5,"12":5,"13":5,"14":5,"15":1},"b":{},"f":{"1":5,"2":5},"fnMap":{"1":{"name":"newSignature","line":31,"loc":{"start":{"line":31,"column":0},"end":{"line":31,"column":37}}},"2":{"name":"createSignature","line":49,"loc":{"start":{"line":49,"column":0},"end":{"line":49,"column":48}}}},"statementMap":{"1":{"start":{"line":20,"column":0},"end":{"line":20,"column":41}},"2":{"start":{"line":21,"column":0},"end":{"line":21,"column":45}},"3":{"start":{"line":22,"column":0},"end":{"line":22,"column":46}},"4":{"start":{"line":31,"column":0},"end":{"line":39,"column":1}},"5":{"start":{"line":32,"column":1},"end":{"line":32,"column":41}},"6":{"start":{"line":34,"column":1},"end":{"line":36,"column":3}},"7":{"start":{"line":38,"column":1},"end":{"line":38,"column":18}},"8":{"start":{"line":49,"column":0},"end":{"line":69,"column":1}},"9":{"start":{"line":50,"column":1},"end":{"line":50,"column":35}},"10":{"start":{"line":52,"column":1},"end":{"line":52,"column":44}},"11":{"start":{"line":53,"column":1},"end":{"line":63,"column":3}},"12":{"start":{"line":65,"column":1},"end":{"line":65,"column":32}},"13":{"start":{"line":66,"column":1},"end":{"line":66,"column":44}},"14":{"start":{"line":68,"column":1},"end":{"line":68,"column":20}},"15":{"start":{"line":71,"column":0},"end":{"line":73,"column":2}}},"branchMap":{}},"/Users/tobias/GitHub/lisk-js/lib/transactions/transaction.js":{"path":"/Users/tobias/GitHub/lisk-js/lib/transactions/transaction.js","s":{"1":1,"2":1,"3":1,"4":1,"5":8,"6":8,"7":8,"8":8,"9":8,"10":2,"11":2,"12":8,"13":8,"14":1},"b":{"1":[2,6]},"f":{"1":8},"fnMap":{"1":{"name":"createTransaction","line":34,"loc":{"start":{"line":34,"column":0},"end":{"line":34,"column":71}}}},"statementMap":{"1":{"start":{"line":20,"column":0},"end":{"line":20,"column":41}},"2":{"start":{"line":21,"column":0},"end":{"line":21,"column":45}},"3":{"start":{"line":22,"column":0},"end":{"line":22,"column":46}},"4":{"start":{"line":34,"column":0},"end":{"line":56,"column":1}},"5":{"start":{"line":35,"column":1},"end":{"line":42,"column":3}},"6":{"start":{"line":44,"column":1},"end":{"line":44,"column":35}},"7":{"start":{"line":45,"column":1},"end":{"line":45,"column":46}},"8":{"start":{"line":47,"column":1},"end":{"line":47,"column":32}},"9":{"start":{"line":49,"column":1},"end":{"line":52,"column":2}},"10":{"start":{"line":50,"column":2},"end":{"line":50,"column":48}},"11":{"start":{"line":51,"column":2},"end":{"line":51,"column":45}},"12":{"start":{"line":54,"column":1},"end":{"line":54,"column":44}},"13":{"start":{"line":55,"column":1},"end":{"line":55,"column":20}},"14":{"start":{"line":58,"column":0},"end":{"line":60,"column":2}}},"branchMap":{"1":{"line":49,"type":"if","locations":[{"start":{"line":49,"column":1},"end":{"line":49,"column":1}},{"start":{"line":49,"column":1},"end":{"line":49,"column":1}}]}}},"/Users/tobias/GitHub/lisk-js/lib/transactions/transfer.js":{"path":"/Users/tobias/GitHub/lisk-js/lib/transactions/transfer.js","s":{"1":1,"2":1,"3":1,"4":1,"5":2,"6":2,"7":2,"8":2,"9":1,"10":1,"11":2,"12":2,"13":1},"b":{"1":[1,1]},"f":{"1":2},"fnMap":{"1":{"name":"createTransfer","line":33,"loc":{"start":{"line":33,"column":0},"end":{"line":33,"column":55}}}},"statementMap":{"1":{"start":{"line":20,"column":0},"end":{"line":20,"column":41}},"2":{"start":{"line":21,"column":0},"end":{"line":21,"column":45}},"3":{"start":{"line":22,"column":0},"end":{"line":22,"column":46}},"4":{"start":{"line":33,"column":0},"end":{"line":59,"column":1}},"5":{"start":{"line":34,"column":1},"end":{"line":34,"column":35}},"6":{"start":{"line":36,"column":1},"end":{"line":48,"column":3}},"7":{"start":{"line":50,"column":1},"end":{"line":50,"column":32}},"8":{"start":{"line":52,"column":1},"end":{"line":55,"column":2}},"9":{"start":{"line":53,"column":2},"end":{"line":53,"column":48}},"10":{"start":{"line":54,"column":2},"end":{"line":54,"column":45}},"11":{"start":{"line":57,"column":1},"end":{"line":57,"column":44}},"12":{"start":{"line":58,"column":1},"end":{"line":58,"column":20}},"13":{"start":{"line":61,"column":0},"end":{"line":63,"column":2}}},"branchMap":{"1":{"line":52,"type":"if","locations":[{"start":{"line":52,"column":1},"end":{"line":52,"column":1}},{"start":{"line":52,"column":1},"end":{"line":52,"column":1}}]}}},"/Users/tobias/GitHub/lisk-js/lib/transactions/vote.js":{"path":"/Users/tobias/GitHub/lisk-js/lib/transactions/vote.js","s":{"1":1,"2":1,"3":1,"4":1,"5":4,"6":4,"7":4,"8":4,"9":1,"10":1,"11":4,"12":4,"13":1},"b":{"1":[1,3]},"f":{"1":4},"fnMap":{"1":{"name":"createVote","line":33,"loc":{"start":{"line":33,"column":0},"end":{"line":33,"column":54}}}},"statementMap":{"1":{"start":{"line":20,"column":0},"end":{"line":20,"column":41}},"2":{"start":{"line":21,"column":0},"end":{"line":21,"column":45}},"3":{"start":{"line":22,"column":0},"end":{"line":22,"column":46}},"4":{"start":{"line":33,"column":0},"end":{"line":58,"column":1}},"5":{"start":{"line":34,"column":1},"end":{"line":34,"column":35}},"6":{"start":{"line":36,"column":1},"end":{"line":46,"column":3}},"7":{"start":{"line":48,"column":1},"end":{"line":48,"column":32}},"8":{"start":{"line":50,"column":1},"end":{"line":53,"column":2}},"9":{"start":{"line":51,"column":2},"end":{"line":51,"column":48}},"10":{"start":{"line":52,"column":2},"end":{"line":52,"column":45}},"11":{"start":{"line":55,"column":1},"end":{"line":55,"column":44}},"12":{"start":{"line":57,"column":1},"end":{"line":57,"column":20}},"13":{"start":{"line":60,"column":0},"end":{"line":62,"column":2}}},"branchMap":{"1":{"line":50,"type":"if","locations":[{"start":{"line":50,"column":1},"end":{"line":50,"column":1}},{"start":{"line":50,"column":1},"end":{"line":50,"column":1}}]}}},"/Users/tobias/GitHub/lisk-js/lib/api/liskApi.js":{"path":"/Users/tobias/GitHub/lisk-js/lib/api/liskApi.js","s":{"1":1,"2":1,"3":1,"4":1,"5":1,"6":82,"7":41,"8":41,"9":41,"10":41,"11":41,"12":41,"13":41,"14":41,"15":41,"16":41,"17":41,"18":41,"19":41,"20":41,"21":1,"22":43,"23":43,"24":4,"25":4,"26":43,"27":1,"28":4,"29":32,"30":32,"31":4,"32":1,"33":4,"34":4,"35":1,"36":5,"37":3,"38":3,"39":3,"40":3,"41":2,"42":2,"43":2,"44":2,"45":1,"46":2,"47":1,"48":1,"49":1,"50":1,"51":14,"52":14,"53":12,"54":12,"55":9,"56":9,"57":4,"58":5,"59":9,"60":3,"61":3,"62":2,"63":2,"64":2,"65":2,"66":1,"67":1,"68":1,"69":0,"70":1,"71":1,"72":1,"73":1,"74":1,"75":2,"76":2,"77":1,"78":1,"79":1,"80":1,"81":1,"82":1,"83":1,"84":1,"85":1,"86":1,"87":1,"88":1,"89":1,"90":1,"91":1,"92":1,"93":1,"94":1,"95":1,"96":1,"97":1,"98":1,"99":1,"100":1,"101":1,"102":1,"103":1,"104":1,"105":1,"106":1,"107":1,"108":1,"109":1,"110":1,"111":1,"112":1,"113":1,"114":1,"115":1,"116":1,"117":1,"118":1,"119":1,"120":1,"121":1,"122":1,"123":1,"124":1,"125":1,"126":1,"127":1},"b":{"1":[41,41],"2":[41,19],"3":[41,37],"4":[10,31],"5":[41,36],"6":[41,27],"7":[6,35],"8":[41,40],"9":[3,32],"10":[1,31],"11":[6,37],"12":[4,39],"13":[4,3],"14":[3,2],"15":[1,1],"16":[14,7],"17":[11,3],"18":[14,12],"19":[6,3],"20":[4,5],"21":[9,9],"22":[2,1],"23":[1,0],"24":[1,0],"25":[1,0],"26":[1,0]},"f":{"1":82,"2":43,"3":4,"4":32,"5":32,"6":4,"7":4,"8":5,"9":2,"10":14,"11":9,"12":9,"13":3,"14":3,"15":2,"16":1,"17":2,"18":2,"19":1,"20":1,"21":1,"22":1,"23":1,"24":1,"25":1,"26":1,"27":1,"28":1,"29":1,"30":1,"31":1,"32":1,"33":1,"34":1,"35":1,"36":1,"37":1,"38":1,"39":1,"40":1,"41":1,"42":1,"43":1,"44":1,"45":1,"46":1,"47":1},"fnMap":{"1":{"name":"LiskAPI","line":46,"loc":{"start":{"line":46,"column":0},"end":{"line":46,"column":27}}},"2":{"name":"(anonymous_2)","line":90,"loc":{"start":{"line":90,"column":31},"end":{"line":90,"column":58}}},"3":{"name":"(anonymous_3)","line":106,"loc":{"start":{"line":106,"column":30},"end":{"line":106,"column":42}}},"4":{"name":"(anonymous_4)","line":108,"loc":{"start":{"line":108,"column":34},"end":{"line":108,"column":50}}},"5":{"name":"(anonymous_5)","line":109,"loc":{"start":{"line":109,"column":32},"end":{"line":109,"column":48}}},"6":{"name":"(anonymous_6)","line":110,"loc":{"start":{"line":110,"column":40},"end":{"line":110,"column":56}}},"7":{"name":"(anonymous_7)","line":120,"loc":{"start":{"line":120,"column":28},"end":{"line":120,"column":44}}},"8":{"name":"(anonymous_8)","line":130,"loc":{"start":{"line":130,"column":31},"end":{"line":130,"column":50}}},"9":{"name":"(anonymous_9)","line":149,"loc":{"start":{"line":149,"column":27},"end":{"line":149,"column":42}}},"10":{"name":"(anonymous_10)","line":166,"loc":{"start":{"line":166,"column":32},"end":{"line":166,"column":74}}},"11":{"name":"(anonymous_11)","line":171,"loc":{"start":{"line":171,"column":76},"end":{"line":171,"column":102}}},"12":{"name":"(anonymous_12)","line":179,"loc":{"start":{"line":179,"column":9},"end":{"line":179,"column":24}}},"13":{"name":"(anonymous_13)","line":181,"loc":{"start":{"line":181,"column":4},"end":{"line":181,"column":21}}},"14":{"name":"(anonymous_14)","line":183,"loc":{"start":{"line":183,"column":10},"end":{"line":183,"column":27}}},"15":{"name":"(anonymous_15)","line":185,"loc":{"start":{"line":185,"column":14},"end":{"line":185,"column":26}}},"16":{"name":"(anonymous_16)","line":209,"loc":{"start":{"line":209,"column":41},"end":{"line":209,"column":59}}},"17":{"name":"(anonymous_17)","line":227,"loc":{"start":{"line":227,"column":31},"end":{"line":227,"column":60}}},"18":{"name":"(anonymous_18)","line":228,"loc":{"start":{"line":228,"column":52},"end":{"line":228,"column":70}}},"19":{"name":"(anonymous_19)","line":241,"loc":{"start":{"line":241,"column":36},"end":{"line":241,"column":64}}},"20":{"name":"(anonymous_20)","line":255,"loc":{"start":{"line":255,"column":40},"end":{"line":255,"column":67}}},"21":{"name":"(anonymous_21)","line":256,"loc":{"start":{"line":256,"column":49},"end":{"line":256,"column":67}}},"22":{"name":"(anonymous_22)","line":269,"loc":{"start":{"line":269,"column":41},"end":{"line":269,"column":68}}},"23":{"name":"(anonymous_23)","line":272,"loc":{"start":{"line":272,"column":93},"end":{"line":272,"column":111}}},"24":{"name":"(anonymous_24)","line":285,"loc":{"start":{"line":285,"column":45},"end":{"line":285,"column":75}}},"25":{"name":"(anonymous_25)","line":286,"loc":{"start":{"line":286,"column":56},"end":{"line":286,"column":74}}},"26":{"name":"(anonymous_26)","line":299,"loc":{"start":{"line":299,"column":31},"end":{"line":299,"column":59}}},"27":{"name":"(anonymous_27)","line":300,"loc":{"start":{"line":300,"column":47},"end":{"line":300,"column":65}}},"28":{"name":"(anonymous_28)","line":313,"loc":{"start":{"line":313,"column":37},"end":{"line":313,"column":68}}},"29":{"name":"(anonymous_29)","line":314,"loc":{"start":{"line":314,"column":63},"end":{"line":314,"column":81}}},"30":{"name":"(anonymous_30)","line":327,"loc":{"start":{"line":327,"column":29},"end":{"line":327,"column":56}}},"31":{"name":"(anonymous_31)","line":328,"loc":{"start":{"line":328,"column":47},"end":{"line":328,"column":65}}},"32":{"name":"(anonymous_32)","line":343,"loc":{"start":{"line":343,"column":37},"end":{"line":343,"column":81}}},"33":{"name":"(anonymous_33)","line":346,"loc":{"start":{"line":346,"column":136},"end":{"line":346,"column":154}}},"34":{"name":"(anonymous_34)","line":359,"loc":{"start":{"line":359,"column":35},"end":{"line":359,"column":70}}},"35":{"name":"(anonymous_35)","line":360,"loc":{"start":{"line":360,"column":61},"end":{"line":360,"column":79}}},"36":{"name":"(anonymous_36)","line":373,"loc":{"start":{"line":373,"column":30},"end":{"line":373,"column":59}}},"37":{"name":"(anonymous_37)","line":374,"loc":{"start":{"line":374,"column":62},"end":{"line":374,"column":80}}},"38":{"name":"(anonymous_38)","line":387,"loc":{"start":{"line":387,"column":31},"end":{"line":387,"column":62}}},"39":{"name":"(anonymous_39)","line":388,"loc":{"start":{"line":388,"column":64},"end":{"line":388,"column":82}}},"40":{"name":"(anonymous_40)","line":404,"loc":{"start":{"line":404,"column":28},"end":{"line":404,"column":89}}},"41":{"name":"(anonymous_41)","line":405,"loc":{"start":{"line":405,"column":122},"end":{"line":405,"column":142}}},"42":{"name":"(anonymous_42)","line":417,"loc":{"start":{"line":417,"column":51},"end":{"line":417,"column":71}}},"43":{"name":"(anonymous_43)","line":418,"loc":{"start":{"line":418,"column":50},"end":{"line":418,"column":68}}},"44":{"name":"(anonymous_44)","line":431,"loc":{"start":{"line":431,"column":49},"end":{"line":431,"column":84}}},"45":{"name":"(anonymous_45)","line":432,"loc":{"start":{"line":432,"column":77},"end":{"line":432,"column":95}}},"46":{"name":"(anonymous_46)","line":437,"loc":{"start":{"line":437,"column":47},"end":{"line":437,"column":80}}},"47":{"name":"(anonymous_47)","line":446,"loc":{"start":{"line":446,"column":55},"end":{"line":446,"column":73}}}},"statementMap":{"1":{"start":{"line":41,"column":0},"end":{"line":41,"column":16}},"2":{"start":{"line":42,"column":0},"end":{"line":42,"column":50}},"3":{"start":{"line":43,"column":0},"end":{"line":43,"column":56}},"4":{"start":{"line":44,"column":0},"end":{"line":44,"column":41}},"5":{"start":{"line":46,"column":0},"end":{"line":82,"column":1}},"6":{"start":{"line":47,"column":1},"end":{"line":49,"column":2}},"7":{"start":{"line":48,"column":2},"end":{"line":48,"column":30}},"8":{"start":{"line":51,"column":1},"end":{"line":51,"column":25}},"9":{"start":{"line":53,"column":1},"end":{"line":62,"column":3}},"10":{"start":{"line":64,"column":1},"end":{"line":64,"column":42}},"11":{"start":{"line":66,"column":1},"end":{"line":68,"column":3}},"12":{"start":{"line":70,"column":1},"end":{"line":70,"column":24}},"13":{"start":{"line":71,"column":1},"end":{"line":71,"column":33}},"14":{"start":{"line":75,"column":1},"end":{"line":75,"column":100}},"15":{"start":{"line":76,"column":1},"end":{"line":76,"column":41}},"16":{"start":{"line":77,"column":1},"end":{"line":77,"column":23}},"17":{"start":{"line":78,"column":1},"end":{"line":78,"column":69}},"18":{"start":{"line":79,"column":1},"end":{"line":79,"column":122}},"19":{"start":{"line":80,"column":1},"end":{"line":80,"column":49}},"20":{"start":{"line":81,"column":1},"end":{"line":81,"column":49}},"21":{"start":{"line":90,"column":0},"end":{"line":99,"column":2}},"22":{"start":{"line":91,"column":1},"end":{"line":91,"column":124}},"23":{"start":{"line":93,"column":1},"end":{"line":96,"column":2}},"24":{"start":{"line":94,"column":2},"end":{"line":94,"column":36}},"25":{"start":{"line":95,"column":2},"end":{"line":95,"column":29}},"26":{"start":{"line":98,"column":1},"end":{"line":98,"column":16}},"27":{"start":{"line":106,"column":0},"end":{"line":112,"column":2}},"28":{"start":{"line":107,"column":1},"end":{"line":111,"column":3}},"29":{"start":{"line":108,"column":52},"end":{"line":108,"column":72}},"30":{"start":{"line":109,"column":50},"end":{"line":109,"column":81}},"31":{"start":{"line":110,"column":58},"end":{"line":110,"column":93}},"32":{"start":{"line":120,"column":0},"end":{"line":123,"column":2}},"33":{"start":{"line":121,"column":1},"end":{"line":121,"column":61}},"34":{"start":{"line":122,"column":1},"end":{"line":122,"column":25}},"35":{"start":{"line":130,"column":0},"end":{"line":142,"column":2}},"36":{"start":{"line":131,"column":1},"end":{"line":141,"column":2}},"37":{"start":{"line":132,"column":2},"end":{"line":132,"column":25}},"38":{"start":{"line":133,"column":2},"end":{"line":133,"column":24}},"39":{"start":{"line":134,"column":2},"end":{"line":134,"column":19}},"40":{"start":{"line":135,"column":2},"end":{"line":135,"column":35}},"41":{"start":{"line":137,"column":2},"end":{"line":137,"column":23}},"42":{"start":{"line":138,"column":2},"end":{"line":138,"column":24}},"43":{"start":{"line":139,"column":2},"end":{"line":139,"column":19}},"44":{"start":{"line":140,"column":2},"end":{"line":140,"column":35}},"45":{"start":{"line":149,"column":0},"end":{"line":155,"column":2}},"46":{"start":{"line":150,"column":1},"end":{"line":154,"column":2}},"47":{"start":{"line":151,"column":2},"end":{"line":151,"column":17}},"48":{"start":{"line":152,"column":2},"end":{"line":152,"column":24}},"49":{"start":{"line":153,"column":2},"end":{"line":153,"column":35}},"50":{"start":{"line":166,"column":0},"end":{"line":200,"column":2}},"51":{"start":{"line":167,"column":1},"end":{"line":167,"column":32}},"52":{"start":{"line":168,"column":1},"end":{"line":168,"column":126}},"53":{"start":{"line":169,"column":1},"end":{"line":169,"column":17}},"54":{"start":{"line":171,"column":1},"end":{"line":199,"column":4}},"55":{"start":{"line":172,"column":2},"end":{"line":172,"column":199}},"56":{"start":{"line":174,"column":2},"end":{"line":178,"column":3}},"57":{"start":{"line":175,"column":3},"end":{"line":175,"column":40}},"58":{"start":{"line":177,"column":3},"end":{"line":177,"column":33}},"59":{"start":{"line":180,"column":2},"end":{"line":180,"column":13}},"60":{"start":{"line":182,"column":2},"end":{"line":182,"column":31}},"61":{"start":{"line":184,"column":2},"end":{"line":198,"column":3}},"62":{"start":{"line":185,"column":3},"end":{"line":189,"column":12}},"63":{"start":{"line":186,"column":4},"end":{"line":186,"column":34}},"64":{"start":{"line":187,"column":4},"end":{"line":187,"column":19}},"65":{"start":{"line":188,"column":4},"end":{"line":188,"column":53}},"66":{"start":{"line":191,"column":3},"end":{"line":191,"column":123}},"67":{"start":{"line":193,"column":3},"end":{"line":197,"column":4}},"68":{"start":{"line":194,"column":4},"end":{"line":194,"column":24}},"69":{"start":{"line":196,"column":4},"end":{"line":196,"column":34}},"70":{"start":{"line":209,"column":0},"end":{"line":217,"column":2}},"71":{"start":{"line":210,"column":1},"end":{"line":210,"column":49}},"72":{"start":{"line":211,"column":1},"end":{"line":211,"column":70}},"73":{"start":{"line":213,"column":1},"end":{"line":216,"column":3}},"74":{"start":{"line":227,"column":0},"end":{"line":231,"column":2}},"75":{"start":{"line":228,"column":1},"end":{"line":230,"column":4}},"76":{"start":{"line":229,"column":2},"end":{"line":229,"column":26}},"77":{"start":{"line":241,"column":0},"end":{"line":245,"column":2}},"78":{"start":{"line":242,"column":1},"end":{"line":242,"column":67}},"79":{"start":{"line":243,"column":1},"end":{"line":243,"column":16}},"80":{"start":{"line":244,"column":1},"end":{"line":244,"column":13}},"81":{"start":{"line":255,"column":0},"end":{"line":259,"column":2}},"82":{"start":{"line":256,"column":1},"end":{"line":258,"column":4}},"83":{"start":{"line":257,"column":2},"end":{"line":257,"column":26}},"84":{"start":{"line":269,"column":0},"end":{"line":275,"column":2}},"85":{"start":{"line":270,"column":1},"end":{"line":270,"column":25}},"86":{"start":{"line":272,"column":1},"end":{"line":274,"column":4}},"87":{"start":{"line":273,"column":2},"end":{"line":273,"column":26}},"88":{"start":{"line":285,"column":0},"end":{"line":289,"column":2}},"89":{"start":{"line":286,"column":1},"end":{"line":288,"column":4}},"90":{"start":{"line":287,"column":2},"end":{"line":287,"column":26}},"91":{"start":{"line":299,"column":0},"end":{"line":303,"column":2}},"92":{"start":{"line":300,"column":1},"end":{"line":302,"column":4}},"93":{"start":{"line":301,"column":2},"end":{"line":301,"column":26}},"94":{"start":{"line":313,"column":0},"end":{"line":317,"column":2}},"95":{"start":{"line":314,"column":1},"end":{"line":316,"column":4}},"96":{"start":{"line":315,"column":2},"end":{"line":315,"column":26}},"97":{"start":{"line":327,"column":0},"end":{"line":331,"column":2}},"98":{"start":{"line":328,"column":1},"end":{"line":330,"column":4}},"99":{"start":{"line":329,"column":2},"end":{"line":329,"column":26}},"100":{"start":{"line":343,"column":0},"end":{"line":349,"column":2}},"101":{"start":{"line":344,"column":1},"end":{"line":344,"column":24}},"102":{"start":{"line":345,"column":1},"end":{"line":345,"column":23}},"103":{"start":{"line":346,"column":1},"end":{"line":348,"column":4}},"104":{"start":{"line":347,"column":2},"end":{"line":347,"column":26}},"105":{"start":{"line":359,"column":0},"end":{"line":363,"column":2}},"106":{"start":{"line":360,"column":1},"end":{"line":362,"column":4}},"107":{"start":{"line":361,"column":2},"end":{"line":361,"column":26}},"108":{"start":{"line":373,"column":0},"end":{"line":377,"column":2}},"109":{"start":{"line":374,"column":1},"end":{"line":376,"column":4}},"110":{"start":{"line":375,"column":2},"end":{"line":375,"column":26}},"111":{"start":{"line":387,"column":0},"end":{"line":391,"column":2}},"112":{"start":{"line":388,"column":1},"end":{"line":390,"column":4}},"113":{"start":{"line":389,"column":2},"end":{"line":389,"column":26}},"114":{"start":{"line":404,"column":0},"end":{"line":408,"column":2}},"115":{"start":{"line":405,"column":1},"end":{"line":407,"column":4}},"116":{"start":{"line":406,"column":2},"end":{"line":406,"column":28}},"117":{"start":{"line":417,"column":0},"end":{"line":421,"column":2}},"118":{"start":{"line":418,"column":1},"end":{"line":420,"column":4}},"119":{"start":{"line":419,"column":2},"end":{"line":419,"column":26}},"120":{"start":{"line":431,"column":0},"end":{"line":435,"column":2}},"121":{"start":{"line":432,"column":1},"end":{"line":434,"column":4}},"122":{"start":{"line":433,"column":2},"end":{"line":433,"column":26}},"123":{"start":{"line":437,"column":0},"end":{"line":450,"column":2}},"124":{"start":{"line":439,"column":1},"end":{"line":444,"column":3}},"125":{"start":{"line":446,"column":1},"end":{"line":448,"column":4}},"126":{"start":{"line":447,"column":2},"end":{"line":447,"column":31}},"127":{"start":{"line":452,"column":0},"end":{"line":452,"column":25}}},"branchMap":{"1":{"line":47,"type":"if","locations":[{"start":{"line":47,"column":1},"end":{"line":47,"column":1}},{"start":{"line":47,"column":1},"end":{"line":47,"column":1}}]},"2":{"line":51,"type":"binary-expr","locations":[{"start":{"line":51,"column":11},"end":{"line":51,"column":18}},{"start":{"line":51,"column":22},"end":{"line":51,"column":24}}]},"3":{"line":71,"type":"binary-expr","locations":[{"start":{"line":71,"column":12},"end":{"line":71,"column":23}},{"start":{"line":71,"column":27},"end":{"line":71,"column":32}}]},"4":{"line":75,"type":"cond-expr","locations":[{"start":{"line":75,"column":63},"end":{"line":75,"column":81}},{"start":{"line":75,"column":84},"end":{"line":75,"column":99}}]},"5":{"line":76,"type":"binary-expr","locations":[{"start":{"line":76,"column":16},"end":{"line":76,"column":31}},{"start":{"line":76,"column":35},"end":{"line":76,"column":40}}]},"6":{"line":78,"type":"binary-expr","locations":[{"start":{"line":78,"column":20},"end":{"line":78,"column":32}},{"start":{"line":78,"column":36},"end":{"line":78,"column":68}}]},"7":{"line":79,"type":"cond-expr","locations":[{"start":{"line":79,"column":53},"end":{"line":79,"column":65}},{"start":{"line":79,"column":69},"end":{"line":79,"column":120}}]},"8":{"line":79,"type":"binary-expr","locations":[{"start":{"line":79,"column":14},"end":{"line":79,"column":33}},{"start":{"line":79,"column":37},"end":{"line":79,"column":49}}]},"9":{"line":79,"type":"cond-expr","locations":[{"start":{"line":79,"column":87},"end":{"line":79,"column":91}},{"start":{"line":79,"column":95},"end":{"line":79,"column":119}}]},"10":{"line":79,"type":"cond-expr","locations":[{"start":{"line":79,"column":109},"end":{"line":79,"column":112}},{"start":{"line":79,"column":115},"end":{"line":79,"column":119}}]},"11":{"line":91,"type":"cond-expr","locations":[{"start":{"line":91,"column":32},"end":{"line":91,"column":76}},{"start":{"line":91,"column":79},"end":{"line":91,"column":123}}]},"12":{"line":93,"type":"if","locations":[{"start":{"line":93,"column":1},"end":{"line":93,"column":1}},{"start":{"line":93,"column":1},"end":{"line":93,"column":1}}]},"13":{"line":121,"type":"binary-expr","locations":[{"start":{"line":121,"column":20},"end":{"line":121,"column":24}},{"start":{"line":121,"column":28},"end":{"line":121,"column":60}}]},"14":{"line":131,"type":"if","locations":[{"start":{"line":131,"column":1},"end":{"line":131,"column":1}},{"start":{"line":131,"column":1},"end":{"line":131,"column":1}}]},"15":{"line":150,"type":"if","locations":[{"start":{"line":150,"column":1},"end":{"line":150,"column":1}},{"start":{"line":150,"column":1},"end":{"line":150,"column":1}}]},"16":{"line":167,"type":"binary-expr","locations":[{"start":{"line":167,"column":12},"end":{"line":167,"column":20}},{"start":{"line":167,"column":24},"end":{"line":167,"column":31}}]},"17":{"line":168,"type":"cond-expr","locations":[{"start":{"line":168,"column":77},"end":{"line":168,"column":120}},{"start":{"line":168,"column":123},"end":{"line":168,"column":125}}]},"18":{"line":168,"type":"binary-expr","locations":[{"start":{"line":168,"column":11},"end":{"line":168,"column":40}},{"start":{"line":168,"column":44},"end":{"line":168,"column":74}}]},"19":{"line":172,"type":"cond-expr","locations":[{"start":{"line":172,"column":91},"end":{"line":172,"column":110}},{"start":{"line":172,"column":113},"end":{"line":172,"column":198}}]},"20":{"line":174,"type":"if","locations":[{"start":{"line":174,"column":2},"end":{"line":174,"column":2}},{"start":{"line":174,"column":2},"end":{"line":174,"column":2}}]},"21":{"line":174,"type":"binary-expr","locations":[{"start":{"line":174,"column":6},"end":{"line":174,"column":15}},{"start":{"line":174,"column":20},"end":{"line":174,"column":50}}]},"22":{"line":184,"type":"if","locations":[{"start":{"line":184,"column":2},"end":{"line":184,"column":2}},{"start":{"line":184,"column":2},"end":{"line":184,"column":2}}]},"23":{"line":193,"type":"if","locations":[{"start":{"line":193,"column":3},"end":{"line":193,"column":3}},{"start":{"line":193,"column":3},"end":{"line":193,"column":3}}]},"24":{"line":193,"type":"binary-expr","locations":[{"start":{"line":193,"column":7},"end":{"line":193,"column":16}},{"start":{"line":193,"column":21},"end":{"line":193,"column":51}}]},"25":{"line":344,"type":"binary-expr","locations":[{"start":{"line":344,"column":10},"end":{"line":344,"column":16}},{"start":{"line":344,"column":20},"end":{"line":344,"column":23}}]},"26":{"line":345,"type":"binary-expr","locations":[{"start":{"line":345,"column":9},"end":{"line":345,"column":14}},{"start":{"line":345,"column":18},"end":{"line":345,"column":22}}]}}},"/Users/tobias/GitHub/lisk-js/lib/api/parseTransaction.js":{"path":"/Users/tobias/GitHub/lisk-js/lib/api/parseTransaction.js","s":{"1":1,"2":1,"3":1,"4":1,"5":1,"6":1,"7":1,"8":1,"9":1,"10":1,"11":166,"12":83,"13":83,"14":83,"15":83,"16":83,"17":83,"18":1,"19":83,"20":15,"21":3,"22":83,"23":1,"24":83,"25":83,"26":83,"27":83,"28":31,"29":52,"30":83,"31":1,"32":26,"33":26,"34":26,"35":26,"36":26,"37":4,"38":2,"39":3,"40":3,"41":3,"42":3,"43":4,"44":4,"45":4,"46":4,"47":3,"48":3,"49":0,"50":0,"51":0,"52":3,"53":3,"54":26,"55":1,"56":19,"57":19,"58":19,"59":19,"60":19,"61":2,"62":2,"63":0,"64":2,"65":1,"66":2,"67":1,"68":1,"69":1,"70":1,"71":1,"72":1,"73":2,"74":2,"75":1,"76":1,"77":1,"78":1,"79":19,"80":1},"b":{"1":[83,83],"2":[15,68],"3":[83,72],"4":[3,12],"5":[15,15],"6":[31,52],"7":[26,0],"8":[26,26],"9":[19,0],"10":[2,0]},"f":{"1":166,"2":83,"3":83,"4":26,"5":4,"6":2,"7":3,"8":3,"9":4,"10":4,"11":3,"12":0,"13":3,"14":19,"15":2,"16":1,"17":2,"18":1,"19":1,"20":1,"21":1,"22":1,"23":1,"24":2,"25":2,"26":1,"27":1,"28":1,"29":1},"fnMap":{"1":{"name":"ParseOfflineRequest","line":35,"loc":{"start":{"line":35,"column":0},"end":{"line":35,"column":52}}},"2":{"name":"(anonymous_2)","line":55,"loc":{"start":{"line":55,"column":52},"end":{"line":55,"column":84}}},"3":{"name":"(anonymous_3)","line":71,"loc":{"start":{"line":71,"column":49},"end":{"line":71,"column":72}}},"4":{"name":"(anonymous_4)","line":108,"loc":{"start":{"line":108,"column":58},"end":{"line":108,"column":70}}},"5":{"name":"(anonymous_5)","line":116,"loc":{"start":{"line":116,"column":19},"end":{"line":116,"column":31}}},"6":{"name":"(anonymous_6)","line":122,"loc":{"start":{"line":122,"column":32},"end":{"line":122,"column":44}}},"7":{"name":"(anonymous_7)","line":134,"loc":{"start":{"line":134,"column":26},"end":{"line":134,"column":38}}},"8":{"name":"(anonymous_8)","line":143,"loc":{"start":{"line":143,"column":24},"end":{"line":143,"column":36}}},"9":{"name":"(anonymous_9)","line":152,"loc":{"start":{"line":152,"column":18},"end":{"line":152,"column":30}}},"10":{"name":"(anonymous_10)","line":161,"loc":{"start":{"line":161,"column":16},"end":{"line":161,"column":28}}},"11":{"name":"(anonymous_11)","line":170,"loc":{"start":{"line":170,"column":15},"end":{"line":170,"column":27}}},"12":{"name":"(anonymous_12)","line":179,"loc":{"start":{"line":179,"column":11},"end":{"line":179,"column":23}}},"13":{"name":"(anonymous_13)","line":200,"loc":{"start":{"line":200,"column":21},"end":{"line":200,"column":33}}},"14":{"name":"(anonymous_14)","line":221,"loc":{"start":{"line":221,"column":55},"end":{"line":221,"column":80}}},"15":{"name":"(anonymous_15)","line":229,"loc":{"start":{"line":229,"column":19},"end":{"line":229,"column":31}}},"16":{"name":"(anonymous_16)","line":251,"loc":{"start":{"line":251,"column":32},"end":{"line":251,"column":44}}},"17":{"name":"(anonymous_17)","line":257,"loc":{"start":{"line":257,"column":30},"end":{"line":257,"column":42}}},"18":{"name":"(anonymous_18)","line":263,"loc":{"start":{"line":263,"column":31},"end":{"line":263,"column":43}}},"19":{"name":"(anonymous_19)","line":269,"loc":{"start":{"line":269,"column":19},"end":{"line":269,"column":31}}},"20":{"name":"(anonymous_20)","line":275,"loc":{"start":{"line":275,"column":21},"end":{"line":275,"column":33}}},"21":{"name":"(anonymous_21)","line":281,"loc":{"start":{"line":281,"column":18},"end":{"line":281,"column":30}}},"22":{"name":"(anonymous_22)","line":287,"loc":{"start":{"line":287,"column":16},"end":{"line":287,"column":28}}},"23":{"name":"(anonymous_23)","line":293,"loc":{"start":{"line":293,"column":26},"end":{"line":293,"column":38}}},"24":{"name":"(anonymous_24)","line":296,"loc":{"start":{"line":296,"column":24},"end":{"line":296,"column":36}}},"25":{"name":"(anonymous_25)","line":299,"loc":{"start":{"line":299,"column":18},"end":{"line":299,"column":30}}},"26":{"name":"(anonymous_26)","line":302,"loc":{"start":{"line":302,"column":16},"end":{"line":302,"column":28}}},"27":{"name":"(anonymous_27)","line":305,"loc":{"start":{"line":305,"column":15},"end":{"line":305,"column":27}}},"28":{"name":"(anonymous_28)","line":308,"loc":{"start":{"line":308,"column":11},"end":{"line":308,"column":23}}},"29":{"name":"(anonymous_29)","line":311,"loc":{"start":{"line":311,"column":21},"end":{"line":311,"column":33}}}},"statementMap":{"1":{"start":{"line":16,"column":0},"end":{"line":16,"column":16}},"2":{"start":{"line":17,"column":0},"end":{"line":17,"column":50}},"3":{"start":{"line":18,"column":0},"end":{"line":18,"column":46}},"4":{"start":{"line":19,"column":0},"end":{"line":19,"column":66}},"5":{"start":{"line":20,"column":0},"end":{"line":20,"column":56}},"6":{"start":{"line":21,"column":0},"end":{"line":21,"column":54}},"7":{"start":{"line":22,"column":0},"end":{"line":22,"column":60}},"8":{"start":{"line":23,"column":0},"end":{"line":23,"column":54}},"9":{"start":{"line":24,"column":0},"end":{"line":24,"column":46}},"10":{"start":{"line":35,"column":0},"end":{"line":46,"column":1}},"11":{"start":{"line":36,"column":1},"end":{"line":38,"column":2}},"12":{"start":{"line":37,"column":2},"end":{"line":37,"column":55}},"13":{"start":{"line":40,"column":1},"end":{"line":40,"column":32}},"14":{"start":{"line":41,"column":1},"end":{"line":41,"column":24}},"15":{"start":{"line":42,"column":1},"end":{"line":42,"column":57}},"16":{"start":{"line":43,"column":1},"end":{"line":43,"column":18}},"17":{"start":{"line":45,"column":1},"end":{"line":45,"column":13}},"18":{"start":{"line":55,"column":0},"end":{"line":63,"column":2}},"19":{"start":{"line":56,"column":1},"end":{"line":60,"column":2}},"20":{"start":{"line":57,"column":2},"end":{"line":59,"column":3}},"21":{"start":{"line":58,"column":3},"end":{"line":58,"column":35}},"22":{"start":{"line":62,"column":1},"end":{"line":62,"column":20}},"23":{"start":{"line":71,"column":0},"end":{"line":100,"column":2}},"24":{"start":{"line":72,"column":1},"end":{"line":72,"column":67}},"25":{"start":{"line":74,"column":1},"end":{"line":74,"column":19}},"26":{"start":{"line":75,"column":1},"end":{"line":91,"column":3}},"27":{"start":{"line":93,"column":1},"end":{"line":97,"column":2}},"28":{"start":{"line":94,"column":2},"end":{"line":94,"column":24}},"29":{"start":{"line":96,"column":2},"end":{"line":96,"column":53}},"30":{"start":{"line":99,"column":1},"end":{"line":99,"column":22}},"31":{"start":{"line":108,"column":0},"end":{"line":212,"column":2}},"32":{"start":{"line":109,"column":1},"end":{"line":112,"column":2}},"33":{"start":{"line":110,"column":2},"end":{"line":110,"column":66}},"34":{"start":{"line":111,"column":2},"end":{"line":111,"column":71}},"35":{"start":{"line":114,"column":1},"end":{"line":114,"column":31}},"36":{"start":{"line":115,"column":1},"end":{"line":209,"column":3}},"37":{"start":{"line":117,"column":3},"end":{"line":120,"column":5}},"38":{"start":{"line":123,"column":3},"end":{"line":126,"column":5}},"39":{"start":{"line":135,"column":3},"end":{"line":135,"column":140}},"40":{"start":{"line":137,"column":3},"end":{"line":141,"column":5}},"41":{"start":{"line":144,"column":3},"end":{"line":144,"column":168}},"42":{"start":{"line":146,"column":3},"end":{"line":150,"column":5}},"43":{"start":{"line":153,"column":3},"end":{"line":153,"column":221}},"44":{"start":{"line":155,"column":3},"end":{"line":159,"column":5}},"45":{"start":{"line":162,"column":3},"end":{"line":162,"column":136}},"46":{"start":{"line":164,"column":3},"end":{"line":168,"column":5}},"47":{"start":{"line":171,"column":3},"end":{"line":171,"column":174}},"48":{"start":{"line":173,"column":3},"end":{"line":177,"column":5}},"49":{"start":{"line":180,"column":3},"end":{"line":190,"column":5}},"50":{"start":{"line":192,"column":3},"end":{"line":192,"column":57}},"51":{"start":{"line":194,"column":3},"end":{"line":198,"column":5}},"52":{"start":{"line":201,"column":3},"end":{"line":201,"column":262}},"53":{"start":{"line":203,"column":3},"end":{"line":207,"column":5}},"54":{"start":{"line":211,"column":1},"end":{"line":211,"column":50}},"55":{"start":{"line":221,"column":0},"end":{"line":317,"column":2}},"56":{"start":{"line":222,"column":1},"end":{"line":225,"column":2}},"57":{"start":{"line":223,"column":2},"end":{"line":223,"column":66}},"58":{"start":{"line":224,"column":2},"end":{"line":224,"column":71}},"59":{"start":{"line":227,"column":1},"end":{"line":227,"column":21}},"60":{"start":{"line":228,"column":1},"end":{"line":314,"column":3}},"61":{"start":{"line":230,"column":3},"end":{"line":247,"column":4}},"62":{"start":{"line":231,"column":4},"end":{"line":244,"column":6}},"63":{"start":{"line":246,"column":4},"end":{"line":246,"column":36}},"64":{"start":{"line":249,"column":3},"end":{"line":249,"column":26}},"65":{"start":{"line":252,"column":3},"end":{"line":255,"column":5}},"66":{"start":{"line":258,"column":3},"end":{"line":261,"column":5}},"67":{"start":{"line":264,"column":3},"end":{"line":267,"column":5}},"68":{"start":{"line":270,"column":3},"end":{"line":273,"column":5}},"69":{"start":{"line":276,"column":3},"end":{"line":279,"column":5}},"70":{"start":{"line":282,"column":3},"end":{"line":285,"column":5}},"71":{"start":{"line":288,"column":3},"end":{"line":291,"column":5}},"72":{"start":{"line":294,"column":3},"end":{"line":294,"column":24}},"73":{"start":{"line":297,"column":3},"end":{"line":297,"column":24}},"74":{"start":{"line":300,"column":3},"end":{"line":300,"column":24}},"75":{"start":{"line":303,"column":3},"end":{"line":303,"column":24}},"76":{"start":{"line":306,"column":3},"end":{"line":306,"column":24}},"77":{"start":{"line":309,"column":3},"end":{"line":309,"column":24}},"78":{"start":{"line":312,"column":3},"end":{"line":312,"column":24}},"79":{"start":{"line":316,"column":1},"end":{"line":316,"column":50}},"80":{"start":{"line":319,"column":0},"end":{"line":319,"column":37}}},"branchMap":{"1":{"line":36,"type":"if","locations":[{"start":{"line":36,"column":1},"end":{"line":36,"column":1}},{"start":{"line":36,"column":1},"end":{"line":36,"column":1}}]},"2":{"line":56,"type":"if","locations":[{"start":{"line":56,"column":1},"end":{"line":56,"column":1}},{"start":{"line":56,"column":1},"end":{"line":56,"column":1}}]},"3":{"line":56,"type":"binary-expr","locations":[{"start":{"line":56,"column":5},"end":{"line":56,"column":35}},{"start":{"line":56,"column":39},"end":{"line":56,"column":75}}]},"4":{"line":57,"type":"if","locations":[{"start":{"line":57,"column":2},"end":{"line":57,"column":2}},{"start":{"line":57,"column":2},"end":{"line":57,"column":2}}]},"5":{"line":57,"type":"binary-expr","locations":[{"start":{"line":57,"column":6},"end":{"line":57,"column":13}},{"start":{"line":57,"column":17},"end":{"line":57,"column":50}}]},"6":{"line":93,"type":"if","locations":[{"start":{"line":93,"column":1},"end":{"line":93,"column":1}},{"start":{"line":93,"column":1},"end":{"line":93,"column":1}}]},"7":{"line":109,"type":"if","locations":[{"start":{"line":109,"column":1},"end":{"line":109,"column":1}},{"start":{"line":109,"column":1},"end":{"line":109,"column":1}}]},"8":{"line":109,"type":"binary-expr","locations":[{"start":{"line":109,"column":5},"end":{"line":109,"column
[...]
"line":261,"column":0},"end":{"line":261,"column":42}}},"14":{"name":"sendRequestPromise","line":279,"loc":{"start":{"line":279,"column":0},"end":{"line":279,"column":51}}},"15":{"name":"(anonymous_15)","line":284,"loc":{"start":{"line":284,"column":21},"end":{"line":284,"column":40}}}},"statementMap":{"1":{"start":{"line":1,"column":0},"end":{"line":1,"column":31}},"2":{"start":{"line":2,"column":0},"end":{"line":2,"column":35}},"3":{"start":{"line":10,"column":0},"end":{"line":31,"column":1}},"4":{"start":{"line":11,"column":1},"end":{"line":30,"column":3}},"5":{"start":{"line":39,"column":0},"end":{"line":45,"column":1}},"6":{"start":{"line":40,"column":1},"end":{"line":44,"column":2}},"7":{"start":{"line":41,"column":2},"end":{"line":41,"column":17}},"8":{"start":{"line":43,"column":2},"end":{"line":43,"column":16}},"9":{"start":{"line":53,"column":0},"end":{"line":61,"column":1}},"10":{"start":{"line":54,"column":1},"end":{"line":54,"column":32}},"11":{"start":{"line":56,"column":1},"end":{"line":58,"column":2}},"12":{"start":{"line":57,"column":2},"end":{"line":57,"column":27}},"13":{"start":{"line":60,"column":1},"end":{"line":60,"column":50}},"14":{"start":{"line":69,"column":0},"end":{"line":75,"column":1}},"15":{"start":{"line":70,"column":1},"end":{"line":70,"column":67}},"16":{"start":{"line":71,"column":1},"end":{"line":71,"column":52}},"17":{"start":{"line":71,"column":19},"end":{"line":71,"column":52}},"18":{"start":{"line":73,"column":1},"end":{"line":73,"column":73}},"19":{"start":{"line":74,"column":1},"end":{"line":74,"column":38}},"20":{"start":{"line":83,"column":0},"end":{"line":102,"column":1}},"21":{"start":{"line":84,"column":1},"end":{"line":84,"column":23}},"22":{"start":{"line":86,"column":1},"end":{"line":88,"column":2}},"23":{"start":{"line":87,"column":2},"end":{"line":87,"column":39}},"24":{"start":{"line":90,"column":1},"end":{"line":99,"column":2}},"25":{"start":{"line":91,"column":2},"end":{"line":91,"column":47}},"26":{"start":{"line":92,"column":2},"end":{"line":92,"column":68}},"27":{"start":{"line":93,"column":2},"end":{"line":93,"column":53}},"28":{"start":{"line":93,"column":20},"end":{"line":93,"column":53}},"29":{"start":{"line":95,"column":2},"end":{"line":98,"column":3}},"30":{"start":{"line":96,"column":3},"end":{"line":96,"column":65}},"31":{"start":{"line":96,"column":59},"end":{"line":96,"column":65}},"32":{"start":{"line":97,"column":3},"end":{"line":97,"column":48}},"33":{"start":{"line":101,"column":1},"end":{"line":101,"column":26}},"34":{"start":{"line":109,"column":0},"end":{"line":112,"column":1}},"35":{"start":{"line":110,"column":1},"end":{"line":110,"column":96}},"36":{"start":{"line":110,"column":56},"end":{"line":110,"column":96}},"37":{"start":{"line":111,"column":1},"end":{"line":111,"column":23}},"38":{"start":{"line":120,"column":0},"end":{"line":152,"column":1}},"39":{"start":{"line":121,"column":1},"end":{"line":121,"column":67}},"40":{"start":{"line":122,"column":1},"end":{"line":122,"column":52}},"41":{"start":{"line":122,"column":19},"end":{"line":122,"column":52}},"42":{"start":{"line":124,"column":1},"end":{"line":124,"column":22}},"43":{"start":{"line":127,"column":1},"end":{"line":149,"column":2}},"44":{"start":{"line":129,"column":2},"end":{"line":145,"column":3}},"45":{"start":{"line":131,"column":3},"end":{"line":141,"column":4}},"46":{"start":{"line":132,"column":4},"end":{"line":132,"column":26}},"47":{"start":{"line":133,"column":4},"end":{"line":133,"column":21}},"48":{"start":{"line":135,"column":10},"end":{"line":141,"column":4}},"49":{"start":{"line":136,"column":4},"end":{"line":136,"column":27}},"50":{"start":{"line":137,"column":4},"end":{"line":137,"column":21}},"51":{"start":{"line":140,"column":4},"end":{"line":140,"column":22}},"52":{"start":{"line":144,"column":3},"end":{"line":144,"column":58}},"53":{"start":{"line":148,"column":2},"end":{"line":148,"column":20}},"54":{"start":{"line":151,"column":1},"end":{"line":151,"column":18}},"55":{"start":{"line":160,"column":0},"end":{"line":168,"column":1}},"56":{"start":{"line":161,"column":1},"end":{"line":165,"column":4}},"57":{"start":{"line":162,"column":2},"end":{"line":164,"column":3}},"58":{"start":{"line":163,"column":3},"end":{"line":163,"column":92}},"59":{"start":{"line":167,"column":1},"end":{"line":167,"column":16}},"60":{"start":{"line":177,"column":0},"end":{"line":185,"column":1}},"61":{"start":{"line":178,"column":1},"end":{"line":178,"column":16}},"62":{"start":{"line":180,"column":1},"end":{"line":180,"column":34}},"63":{"start":{"line":181,"column":1},"end":{"line":181,"column":46}},"64":{"start":{"line":182,"column":1},"end":{"line":182,"column":36}},"65":{"start":{"line":184,"column":1},"end":{"line":184,"column":23}},"66":{"start":{"line":196,"column":0},"end":{"line":198,"column":1}},"67":{"start":{"line":197,"column":1},"end":{"line":197,"column":70}},"68":{"start":{"line":210,"column":0},"end":{"line":251,"column":1}},"69":{"start":{"line":211,"column":1},"end":{"line":216,"column":3}},"70":{"start":{"line":218,"column":1},"end":{"line":218,"column":17}},"71":{"start":{"line":219,"column":1},"end":{"line":248,"column":2}},"72":{"start":{"line":221,"column":2},"end":{"line":221,"column":36}},"73":{"start":{"line":222,"column":2},"end":{"line":222,"column":73}},"74":{"start":{"line":224,"column":2},"end":{"line":226,"column":3}},"75":{"start":{"line":225,"column":3},"end":{"line":225,"column":118}},"76":{"start":{"line":228,"column":2},"end":{"line":228,"column":38}},"77":{"start":{"line":229,"column":2},"end":{"line":229,"column":8}},"78":{"start":{"line":232,"column":2},"end":{"line":232,"column":101}},"79":{"start":{"line":234,"column":2},"end":{"line":244,"column":3}},"80":{"start":{"line":235,"column":3},"end":{"line":235,"column":91}},"81":{"start":{"line":237,"column":3},"end":{"line":237,"column":38}},"82":{"start":{"line":238,"column":3},"end":{"line":238,"column":38}},"83":{"start":{"line":239,"column":3},"end":{"line":239,"column":55}},"84":{"start":{"line":241,"column":3},"end":{"line":241,"column":90}},"85":{"start":{"line":242,"column":3},"end":{"line":242,"column":62}},"86":{"start":{"line":243,"column":3},"end":{"line":243,"column":39}},"87":{"start":{"line":245,"column":2},"end":{"line":245,"column":8}},"88":{"start":{"line":247,"column":2},"end":{"line":247,"column":8}},"89":{"start":{"line":250,"column":1},"end":{"line":250,"column":20}},"90":{"start":{"line":261,"column":0},"end":{"line":268,"column":1}},"91":{"start":{"line":262,"column":1},"end":{"line":267,"column":56}},"92":{"start":{"line":279,"column":0},"end":{"line":288,"column":1}},"93":{"start":{"line":280,"column":1},"end":{"line":287,"column":2}},"94":{"start":{"line":281,"column":2},"end":{"line":281,"column":69}},"95":{"start":{"line":282,"column":2},"end":{"line":282,"column":53}},"96":{"start":{"line":284,"column":2},"end":{"line":286,"column":5}},"97":{"start":{"line":285,"column":3},"end":{"line":285,"column":28}},"98":{"start":{"line":290,"column":0},"end":{"line":304,"column":2}}},"branchMap":{"1":{"line":40,"type":"if","locations":[{"start":{"line":40,"column":1},"end":{"line":40,"column":1}},{"start":{"line":40,"column":1},"end":{"line":40,"column":1}}]},"2":{"line":56,"type":"if","locations":[{"start":{"line":56,"column":1},"end":{"line":56,"column":1}},{"start":{"line":56,"column":1},"end":{"line":56,"column":1}}]},"3":{"line":70,"type":"cond-expr","locations":[{"start":{"line":70,"column":26},"end":{"line":70,"column":46}},{"start":{"line":70,"column":49},"end":{"line":70,"column":66}}]},"4":{"line":71,"type":"if","locations":[{"start":{"line":71,"column":1},"end":{"line":71,"column":1}},{"start":{"line":71,"column":1},"end":{"line":71,"column":1}}]},"5":{"line":86,"type":"if","locations":[{"start":{"line":86,"column":1},"end":{"line":86,"column":1}},{"start":{"line":86,"column":1},"end":{"line":86,"column":1}}]},"6":{"line":90,"type":"if","locations":[{"start":{"line":90,"column":1},"end":{"line":90,"column":1}},{"start":{"line":90,"column":1},"end":{"line":90,"column":1}}]},"7":{"line":92,"type":"cond-expr","locations":[{"start":{"line":92,"column":27},"end":{"line":92,"column":47}},{"start":{"line":92,"column":50},"end":{"line":92,"column":67}}]},"8":{"line":93,"type":"if","locations":[{"start":{"line":93,"column":2},"end":{"line":93,"column":2}},{"start":{"line":93,"column":2},"end":{"line":93,"column":2}}]},"9":{"line":96,"type":"if","locations":[{"start":{"line":96,"column":3},"end":{"line":96,"column":3}},{"start":{"line":96,"column":3},"end":{"line":96,"column":3}}]},"10":{"line":110,"type":"if","locations":[{"start":{"line":110,"column":1},"end":{"line":110,"column":1}},{"start":{"line":110,"column":1},"end":{"line":110,"column":1}}]},"11":{"line":121,"type":"cond-expr","locations":[{"start":{"line":121,"column":26},"end":{"line":121,"column":46}},{"start":{"line":121,"column":49},"end":{"line":121,"column":66}}]},"12":{"line":122,"type":"if","locations":[{"start":{"line":122,"column":1},"end":{"line":122,"column":1}},{"start":{"line":122,"column":1},"end":{"line":122,"column":1}}]},"13":{"line":127,"type":"if","locations":[{"start":{"line":127,"column":1},"end":{"line":127,"column":1}},{"start":{"line":127,"column":1},"end":{"line":127,"column":1}}]},"14":{"line":129,"type":"if","locations":[{"start":{"line":129,"column":2},"end":{"line":129,"column":2}},{"start":{"line":129,"column":2},"end":{"line":129,"column":2}}]},"15":{"line":131,"type":"if","locations":[{"start":{"line":131,"column":3},"end":{"line":131,"column":3}},{"start":{"line":131,"column":3},"end":{"line":131,"column":3}}]},"16":{"line":135,"type":"if","locations":[{"start":{"line":135,"column":10},"end":{"line":135,"column":10}},{"start":{"line":135,"column":10},"end":{"line":135,"column":10}}]},"17":{"line":162,"type":"if","locations":[{"start":{"line":162,"column":2},"end":{"line":162,"column":2}},{"start":{"line":162,"column":2},"end":{"line":162,"column":2}}]},"18":{"line":162,"type":"binary-expr","locations":[{"start":{"line":162,"column":6},"end":{"line":162,"column":38}},{"start":{"line":162,"column":42},"end":{"line":162,"column":83}}]},"19":{"line":219,"type":"switch","locations":[{"start":{"line":220,"column":1},"end":{"line":229,"column":8}},{"start":{"line":230,"column":1},"end":{"line":230,"column":12}},{"start":{"line":231,"column":1},"end":{"line":245,"column":8}},{"start":{"line":246,"column":1},"end":{"line":247,"column":8}}]},"20":{"line":224,"type":"if","locations":[{"start":{"line":224,"column":2},"end":{"line":224,"column":2}},{"start":{"line":224,"column":2},"end":{"line":224,"column":2}}]},"21":{"line":234,"type":"if","locations":[{"start":{"line":234,"column":2},"end":{"line":234,"column":2}},{"start":{"line":234,"column":2},"end":{"line":234,"column":2}}]},"22":{"line":234,"type":"binary-expr","locations":[{"start":{"line":234,"column":6},"end":{"line":234,"column":52}},{"start":{"line":234,"column":56},"end":{"line":234,"column":100}}]},"23":{"line":266,"type":"cond-expr","locations":[{"start":{"line":266,"column":47},"end":{"line":266,"column":73}},{"start":{"line":266,"column":76},"end":{"line":266,"column":78}}]},"24":{"line":280,"type":"if","locations":[{"start":{"line":280,"column":1},"end":{"line":280,"column":1}},{"start":{"line":280,"column":1},"end":{"line":280,"column":1}}]}}},"/Users/tobias/GitHub/lisk-js/lib/api/utils.js":{"path":"/Users/tobias/GitHub/lisk-js/lib/api/utils.js","s":{"1":1,"2":8,"3":0,"4":8,"5":10,"6":10,"7":7,"8":7,"9":10,"10":10,"11":7},"b":{"1":[0,8],"2":[8,8],"3":[9,1],"4":[1,0],"5":[0,8],"6":[10,0]},"f":{"1":8,"2":10,"3":7},"fnMap":{"1":{"name":"rimObj","line":8,"loc":{"start":{"line":8,"column":10},"end":{"line":8,"column":31}}},"2":{"name":"(anonymous_2)","line":11,"loc":{"start":{"line":11,"column":33},"end":{"line":11,"column":52}}},"3":{"name":"(anonymous_3)","line":26,"loc":{"start":{"line":26,"column":16},"end":{"line":26,"column":30}}}},"statementMap":{"1":{"start":{"line":1,"column":0},"end":{"line":37,"column":2}},"2":{"start":{"line":9,"column":2},"end":{"line":9,"column":65}},"3":{"start":{"line":9,"column":54},"end":{"line":9,"column":65}},"4":{"start":{"line":11,"column":2},"end":{"line":18,"column":35}},"5":{"start":{"line":12,"column":3},"end":{"line":16,"column":24}},"6":{"start":{"line":17,"column":3},"end":{"line":17,"column":14}},"7":{"start":{"line":27,"column":2},"end":{"line":27,"column":17}},"8":{"start":{"line":29,"column":2},"end":{"line":33,"column":3}},"9":{"start":{"line":30,"column":3},"end":{"line":32,"column":4}},"10":{"start":{"line":31,"column":4},"end":{"line":31,"column":64}},"11":{"start":{"line":35,"column":2},"end":{"line":35,"column":25}}},"branchMap":{"1":{"line":9,"type":"if","locations":[{"start":{"line":9,"column":2},"end":{"line":9,"column":2}},{"start":{"line":9,"column":2},"end":{"line":9,"column":2}}]},"2":{"line":9,"type":"binary-expr","locations":[{"start":{"line":9,"column":6},"end":{"line":9,"column":25}},{"start":{"line":9,"column":29},"end":{"line":9,"column":52}}]},"3":{"line":12,"type":"cond-expr","locations":[{"start":{"line":13,"column":6},"end":{"line":13,"column":21}},{"start":{"line":14,"column":6},"end":{"line":16,"column":23}}]},"4":{"line":14,"type":"cond-expr","locations":[{"start":{"line":15,"column":7},"end":{"line":15,"column":26}},{"start":{"line":16,"column":7},"end":{"line":16,"column":23}}]},"5":{"line":18,"type":"cond-expr","locations":[{"start":{"line":18,"column":26},"end":{"line":18,"column":28}},{"start":{"line":18,"column":31},"end":{"line":18,"column":33}}]},"6":{"line":30,"type":"if","locations":[{"start":{"line":30,"column":3},"end":{"line":30,"column":3}},{"start":{"line":30,"column":3},"end":{"line":30,"column":3}}]}}},"/Users/tobias/GitHub/lisk-js/lib/utils/mnemonic.js":{"path":"/Users/tobias/GitHub/lisk-js/lib/utils/mnemonic.js","s":{"1":1,"2":1,"3":1,"4":1,"5":1,"6":3,"7":48,"8":1,"9":48,"10":1,"11":48,"12":1,"13":3,"14":1,"15":3,"16":1,"17":4,"18":1,"19":4,"20":4,"21":4,"22":4,"23":4,"24":6,"25":4,"26":4,"27":1,"28":3,"29":3,"30":3,"31":3,"32":48,"33":3,"34":3,"35":36,"36":36,"37":3,"38":1,"39":3,"40":3,"41":3,"42":1,"43":2,"44":13,"45":13,"46":1,"47":12,"48":1,"49":1,"50":1,"51":1,"52":1,"53":16,"54":1,"55":1,"56":1},"b":{"1":[4,44],"2":[1,2],"3":[1,12]},"f":{"1":3,"2":48,"3":48,"4":3,"5":3,"6":4,"7":4,"8":3,"9":3},"fnMap":{"1":{"name":"generateEmptyBytes","line":43,"loc":{"start":{"line":43,"column":0},"end":{"line":43,"column":36}}},"2":{"name":"prependZero","line":54,"loc":{"start":{"line":54,"column":0},"end":{"line":54,"column":26}}},"3":{"name":"randomByte","line":64,"loc":{"start":{"line":64,"column":0},"end":{"line":64,"column":22}}},"4":{"name":"generateSeed","line":74,"loc":{"start":{"line":74,"column":0},"end":{"line":74,"column":24}}},"5":{"name":"seedToHex","line":85,"loc":{"start":{"line":85,"column":0},"end":{"line":85,"column":25}}},"6":{"name":"entropyToSha256","line":96,"loc":{"start":{"line":96,"column":0},"end":{"line":96,"column":34}}},"7":{"name":"entropyChecksum","line":106,"loc":{"start":{"line":106,"column":0},"end":{"line":106,"column":34}}},"8":{"name":"generate","line":126,"loc":{"start":{"line":126,"column":0},"end":{"line":126,"column":20}}},"9":{"name":"isValid","line":148,"loc":{"start":{"line":148,"column":0},"end":{"line":148,"column":27}}}},"statementMap":{"1":{"start":{"line":31,"column":0},"end":{"line":31,"column":42}},"2":{"start":{"line":32,"column":0},"end":{"line":32,"column":42}},"3":{"start":{"line":33,"column":0},"end":{"line":33,"column":37}},"4":{"start":{"line":34,"column":0},"end":{"line":34,"column":39}},"5":{"start":{"line":43,"column":0},"end":{"line":45,"column":1}},"6":{"start":{"line":44,"column":1},"end":{"line":44,"column":53}},"7":{"start":{"line":44,"column":50},"end":{"line":44,"column":51}},"8":{"start":{"line":54,"column":0},"end":{"line":56,"column":1}},"9":{"start":{"line":55,"column":1},"end":{"line":55,"column":41}},"10":{"start":{"line":64,"column":0},"end":{"line":66,"column":1}},"11":{"start":{"line":65,"column":1},"end":{"line":65,"column":46}},"12":{"start":{"line":74,"column":0},"end":{"line":76,"column":1}},"13":{"start":{"line":75,"column":1},"end":{"line":75,"column":64}},"14":{"start":{"line":85,"column":0},"end":{"line":87,"column":1}},"15":{"start":{"line":86,"column":1},"end":{"line":86,"column":42}},"16":{"start":{"line":96,"column":0},"end":{"line":98,"column":1}},"17":{"start":{"line":97,"column":1},"end":{"line":97,"column":61}},"18":{"start":{"line":106,"column":0},"end":{"line":117,"column":1}},"19":{"start":{"line":107,"column":1},"end":{"line":107,"column":37}},"20":{"start":{"line":108,"column":1},"end":{"line":108,"column":31}},"21":{"start":{"line":109,"column":1},"end":{"line":109,"column":20}},"22":{"start":{"line":110,"column":1},"end":{"line":110,"column":61}},"23":{"start":{"line":112,"column":1},"end":{"line":114,"column":2}},"24":{"start":{"line":113,"column":2},"end":{"line":113,"column":28}},"25":{"start":{"line":115,"column":1},"end":{"line":115,"column":38}},"26":{"start":{"line":116,"column":1},"end":{"line":116,"column":17}},"27":{"start":{"line":126,"column":0},"end":{"line":139,"column":1}},"28":{"start":{"line":127,"column":1},"end":{"line":127,"column":41}},"29":{"start":{"line":128,"column":1},"end":{"line":128,"column":14}},"30":{"start":{"line":129,"column":1},"end":{"line":129,"column":19}},"31":{"start":{"line":130,"column":1},"end":{"line":132,"column":2}},"32":{"start":{"line":131,"column":2},"end":{"line":131,"column":62}},"33":{"start":{"line":133,"column":1},"end":{"line":133,"column":38}},"34":{"start":{"line":134,"column":1},"end":{"line":137,"column":2}},"35":{"start":{"line":135,"column":2},"end":{"line":135,"column":56}},"36":{"start":{"line":136,"column":2},"end":{"line":136,"column":30}},"37":{"start":{"line":138,"column":1},"end":{"line":138,"column":27}},"38":{"start":{"line":148,"column":0},"end":{"line":169,"column":1}},"39":{"start":{"line":149,"column":1},"end":{"line":149,"column":33}},"40":{"start":{"line":150,"column":1},"end":{"line":150,"column":14}},"41":{"start":{"line":151,"column":1},"end":{"line":153,"column":2}},"42":{"start":{"line":152,"column":2},"end":{"line":152,"column":15}},"43":{"start":{"line":154,"column":1},"end":{"line":158,"column":2}},"44":{"start":{"line":155,"column":2},"end":{"line":155,"column":39}},"45":{"start":{"line":156,"column":2},"end":{"line":156,"column":28}},"46":{"start":{"line":156,"column":15},"end":{"line":156,"column":28}},"47":{"start":{"line":157,"column":2},"end":{"line":157,"column":59}},"48":{"start":{"line":160,"column":1},"end":{"line":160,"column":26}},"49":{"start":{"line":161,"column":1},"end":{"line":161,"column":31}},"50":{"start":{"line":162,"column":1},"end":{"line":162,"column":49}},"51":{"start":{"line":163,"column":1},"end":{"line":163,"column":48}},"52":{"start":{"line":164,"column":1},"end":{"line":166,"column":2}},"53":{"start":{"line":165,"column":2},"end":{"line":165,"column":64}},"54":{"start":{"line":167,"column":1},"end":{"line":167,"column":45}},"55":{"start":{"line":168,"column":1},"end":{"line":168,"column":38}},"56":{"start":{"line":171,"column":0},"end":{"line":174,"column":2}}},"branchMap":{"1":{"line":55,"type":"cond-expr","locations":[{"start":{"line":55,"column":25},"end":{"line":55,"column":34}},{"start":{"line":55,"column":37},"end":{"line":55,"column":40}}]},"2":{"line":151,"type":"if","locations":[{"start":{"line":151,"column":1},"end":{"line":151,"column":1}},{"start":{"line":151,"column":1},"end":{"line":151,"column":1}}]},"3":{"line":156,"type":"if","locations":[{"start":{"line":156,"column":2},"end":{"line":156,"column":2}},{"start":{"line":156,"column":2},"end":{"line":156,"column":2}}]}}},"/Users/tobias/GitHub/lisk-js/lib/utils/words.js":{"path":"/Users/tobias/GitHub/lisk-js/lib/utils/words.js","s":{"1":1},"b":{},"f":{},"fnMap":{},"statementMap":{"1":{"start":{"line":2,"column":0},"end":{"line":2051,"column":2}}},"branchMap":{}}}