{"/Users/tobias/GitHub/lisk-js/index.js":{"path":"/Users/tobias/GitHub/lisk-js/index.js","s":{"1":1,"2":1,"3":1,"4":1,"5":1,"6":1},"b":{},"f":{"1":1},"fnMap":{"1":{"name":"(anonymous_1)","line":9,"loc":{"start":{"line":9,"column":24},"end":{"line":9,"column":40}}}},"statementMap":{"1":{"start":{"line":6,"column":0},"end":{"line":6,"column":40}},"2":{"start":{"line":8,"column":0},"end":{"line":8,"column":20}},"3":{"start":{"line":9,"column":0},"end":{"line":11,"column":3}},"4":{"start":{"line":10,"column":1},"end":{"line":10,"column":21}},"5":{"start":{"line":13,"column":0},"end":{"line":22,"column":2}},"6":{"start":{"line":24,"column":0},"end":{"line":24,"column":22}}},"branchMap":{}},"/Users/tobias/GitHub/lisk-js/lib/transactions/crypto.js":{"path":"/Users/tobias/GitHub/lisk-js/lib/transactions/crypto.js","s":{"1":1,"2":1,"3":1,"4":0,"5":1,"6":1,"7":1,"8":1,"9":8,"10":8,"11":8,"12":256,"13":8,"14":8,"15":1,"16":9,"17":9,"18":9,"19":9,"20":9,"21":9,"22":9,"23":9,"24":9,"25":9,"26":9,"27":9,"28":9,"29":9,"30":9,"31":9,"32":9,"33":9,"34":9,"35":0,"36":9,"37":1,"38":0,"39":0,"40":0,"41":0,"42":0,"43":0,"44":1,"45":64,"46":64,"47":8,"48":8,"49":8,"50":13,"51":13,"52":13,"53":13,"54":13,"55":13,"56":13,"57":0,"58":0,"59":0,"60":0,"61":0,"62":0,"63":0,"64":0,"65":0,"66":0,"67":9,"68":9,"69":9,"70":0,"71":0,"72":0,"73":64,"74":64,"75":64,"76":64,"77":64,"78":2048,"79":64,"80":0,"81":0,"82":0,"83":64,"84":34,"85":34,"86":34,"87":272,"88":30,"89":240,"90":64,"91":64,"92":43,"93":3011,"94":64,"95":45,"96":45,"97":2880,"98":64,"99":21,"100":21,"101":1344,"102":64,"103":64,"104":64,"105":64,"106":10627,"107":64,"108":1,"109":20,"110":20,"111":20,"112":160,"113":20,"114":20,"115":1,"116":24,"117":1,"118":5,"119":2,"120":0,"121":1,"122":0,"123":1,"124":0,"125":1,"126":0,"127":0,"128":0,"129":0,"130":0,"131":1,"132":19,"133":19,"134":19,"135":19,"136":0,"137":1,"138":4,"139":4,"140":4,"141":1,"142":0,"143":0,"144":0,"145":0,"146":1,"147":11,"148":11,"149":9,"150":11,"151":11,"152":11,"153":1141,"154":11,"155":11,"156":11,"157":11,"158":11,"159":1,"160":7,"161":7,"162":7,"163":1361,"164":7,"165":7,"166":7,"167":7,"168":7,"169":1,"170":56,"171":56,"172":56,"173":1,"174":26,"175":26,"176":26,"177":208,"178":26,"179":26,"180":1,"181":1},"b":{"1":[0,1],"2":[9,0],"3":[9,0],"4":[9,0],"5":[9,0],"6":[8,13,13,0,9,0],"7":[13,0],"8":[0,64],"9":[34,30],"10":[272,15],"11":[43,21],"12":[45,19],"13":[64,64],"14":[21,43],"15":[64,64],"16":[2,1,1,1,0,0],"17":[19,0],"18":[9,2]},"f":{"1":8,"2":9,"3":0,"4":64,"5":20,"6":24,"7":5,"8":19,"9":4,"10":0,"11":11,"12":7,"13":56,"14":26},"fnMap":{"1":{"name":"getSignatureBytes","line":46,"loc":{"start":{"line":46,"column":0},"end":{"line":46,"column":39}}},"2":{"name":"getDAppBytes","line":64,"loc":{"start":{"line":64,"column":0},"end":{"line":64,"column":29}}},"3":{"name":"getTransferBytes","line":107,"loc":{"start":{"line":107,"column":0},"end":{"line":107,"column":41}}},"4":{"name":"getBytes","line":128,"loc":{"start":{"line":128,"column":0},"end":{"line":128,"column":68}}},"5":{"name":"getId","line":249,"loc":{"start":{"line":249,"column":0},"end":{"line":249,"column":29}}},"6":{"name":"getHash","line":267,"loc":{"start":{"line":267,"column":0},"end":{"line":267,"column":31}}},"7":{"name":"getFee","line":278,"loc":{"start":{"line":278,"column":0},"end":{"line":278,"column":30}}},"8":{"name":"sign","line":314,"loc":{"start":{"line":314,"column":0},"end":{"line":314,"column":34}}},"9":{"name":"secondSign","line":333,"loc":{"start":{"line":333,"column":0},"end":{"line":333,"column":40}}},"10":{"name":"multiSign","line":347,"loc":{"start":{"line":347,"column":0},"end":{"line":347,"column":39}}},"11":{"name":"verify","line":362,"loc":{"start":{"line":362,"column":0},"end":{"line":362,"column":30}}},"12":{"name":"verifySecondSignature","line":393,"loc":{"start":{"line":393,"column":0},"end":{"line":393,"column":56}}},"13":{"name":"getKeys","line":417,"loc":{"start":{"line":417,"column":0},"end":{"line":417,"column":26}}},"14":{"name":"getAddress","line":434,"loc":{"start":{"line":434,"column":0},"end":{"line":434,"column":32}}}},"statementMap":{"1":{"start":{"line":20,"column":0},"end":{"line":20,"column":42}},"2":{"start":{"line":21,"column":0},"end":{"line":21,"column":43}},"3":{"start":{"line":23,"column":0},"end":{"line":25,"column":1}},"4":{"start":{"line":24,"column":1},"end":{"line":24,"column":36}},"5":{"start":{"line":27,"column":0},"end":{"line":27,"column":39}},"6":{"start":{"line":28,"column":0},"end":{"line":28,"column":42}},"7":{"start":{"line":38,"column":0},"end":{"line":38,"column":33}},"8":{"start":{"line":46,"column":0},"end":{"line":56,"column":1}},"9":{"start":{"line":47,"column":1},"end":{"line":47,"column":35}},"10":{"start":{"line":48,"column":1},"end":{"line":48,"column":62}},"11":{"start":{"line":50,"column":1},"end":{"line":52,"column":2}},"12":{"start":{"line":51,"column":2},"end":{"line":51,"column":35}},"13":{"start":{"line":54,"column":1},"end":{"line":54,"column":11}},"14":{"start":{"line":55,"column":1},"end":{"line":55,"column":43}},"15":{"start":{"line":64,"column":0},"end":{"line":99,"column":1}},"16":{"start":{"line":65,"column":1},"end":{"line":96,"column":2}},"17":{"start":{"line":66,"column":2},"end":{"line":66,"column":27}},"18":{"start":{"line":67,"column":2},"end":{"line":67,"column":46}},"19":{"start":{"line":68,"column":2},"end":{"line":68,"column":38}},"20":{"start":{"line":70,"column":2},"end":{"line":73,"column":3}},"21":{"start":{"line":71,"column":3},"end":{"line":71,"column":61}},"22":{"start":{"line":72,"column":3},"end":{"line":72,"column":46}},"23":{"start":{"line":75,"column":2},"end":{"line":78,"column":3}},"24":{"start":{"line":76,"column":3},"end":{"line":76,"column":47}},"25":{"start":{"line":77,"column":3},"end":{"line":77,"column":39}},"26":{"start":{"line":80,"column":2},"end":{"line":82,"column":3}},"27":{"start":{"line":81,"column":3},"end":{"line":81,"column":61}},"28":{"start":{"line":84,"column":2},"end":{"line":86,"column":3}},"29":{"start":{"line":85,"column":3},"end":{"line":85,"column":61}},"30":{"start":{"line":88,"column":2},"end":{"line":88,"column":39}},"31":{"start":{"line":89,"column":2},"end":{"line":89,"column":25}},"32":{"start":{"line":90,"column":2},"end":{"line":90,"column":29}},"33":{"start":{"line":91,"column":2},"end":{"line":91,"column":12}},"34":{"start":{"line":93,"column":2},"end":{"line":93,"column":44}},"35":{"start":{"line":95,"column":2},"end":{"line":95,"column":28}},"36":{"start":{"line":98,"column":1},"end":{"line":98,"column":12}},"37":{"start":{"line":107,"column":0},"end":{"line":117,"column":1}},"38":{"start":{"line":108,"column":1},"end":{"line":114,"column":2}},"39":{"start":{"line":109,"column":2},"end":{"line":109,"column":27}},"40":{"start":{"line":110,"column":2},"end":{"line":110,"column":56}},"41":{"start":{"line":111,"column":2},"end":{"line":111,"column":38}},"42":{"start":{"line":113,"column":2},"end":{"line":113,"column":28}},"43":{"start":{"line":116,"column":1},"end":{"line":116,"column":12}},"44":{"start":{"line":128,"column":0},"end":{"line":240,"column":1}},"45":{"start":{"line":129,"column":1},"end":{"line":130,"column":20}},"46":{"start":{"line":132,"column":1},"end":{"line":176,"column":2}},"47":{"start":{"line":134,"column":2},"end":{"line":134,"column":17}},"48":{"start":{"line":135,"column":2},"end":{"line":135,"column":62}},"49":{"start":{"line":136,"column":2},"end":{"line":136,"column":8}},"50":{"start":{"line":139,"column":2},"end":{"line":139,"column":71}},"51":{"start":{"line":140,"column":2},"end":{"line":140,"column":32}},"52":{"start":{"line":141,"column":2},"end":{"line":141,"column":8}},"53":{"start":{"line":144,"column":2},"end":{"line":147,"column":3}},"54":{"start":{"line":145,"column":3},"end":{"line":145,"column":69}},"55":{"start":{"line":146,"column":3},"end":{"line":146,"column":33}},"56":{"start":{"line":148,"column":2},"end":{"line":148,"column":8}},"57":{"start":{"line":151,"column":2},"end":{"line":151,"column":96}},"58":{"start":{"line":152,"column":2},"end":{"line":152,"column":64}},"59":{"start":{"line":154,"column":2},"end":{"line":154,"column":53}},"60":{"start":{"line":155,"column":2},"end":{"line":155,"column":58}},"61":{"start":{"line":157,"column":2},"end":{"line":159,"column":3}},"62":{"start":{"line":158,"column":3},"end":{"line":158,"column":36}},"63":{"start":{"line":161,"column":2},"end":{"line":161,"column":12}},"64":{"start":{"line":163,"column":2},"end":{"line":163,"column":29}},"65":{"start":{"line":164,"column":2},"end":{"line":164,"column":33}},"66":{"start":{"line":165,"column":2},"end":{"line":165,"column":8}},"67":{"start":{"line":168,"column":2},"end":{"line":168,"column":52}},"68":{"start":{"line":169,"column":2},"end":{"line":169,"column":32}},"69":{"start":{"line":170,"column":2},"end":{"line":170,"column":8}},"70":{"start":{"line":173,"column":2},"end":{"line":173,"column":64}},"71":{"start":{"line":174,"column":2},"end":{"line":174,"column":32}},"72":{"start":{"line":175,"column":2},"end":{"line":175,"column":8}},"73":{"start":{"line":178,"column":1},"end":{"line":178,"column":73}},"74":{"start":{"line":180,"column":1},"end":{"line":180,"column":32}},"75":{"start":{"line":181,"column":1},"end":{"line":181,"column":36}},"76":{"start":{"line":183,"column":1},"end":{"line":183,"column":76}},"77":{"start":{"line":184,"column":1},"end":{"line":186,"column":2}},"78":{"start":{"line":185,"column":2},"end":{"line":185,"column":41}},"79":{"start":{"line":188,"column":1},"end":{"line":194,"column":2}},"80":{"start":{"line":189,"column":2},"end":{"line":189,"column":77}},"81":{"start":{"line":191,"column":2},"end":{"line":193,"column":3}},"82":{"start":{"line":192,"column":3},"end":{"line":192,"column":39}},"83":{"start":{"line":196,"column":1},"end":{"line":207,"column":2}},"84":{"start":{"line":197,"column":2},"end":{"line":197,"column":55}},"85":{"start":{"line":198,"column":2},"end":{"line":198,"column":52}},"86":{"start":{"line":200,"column":2},"end":{"line":202,"column":3}},"87":{"start":{"line":201,"column":3},"end":{"line":201,"column":35}},"88":{"start":{"line":204,"column":2},"end":{"line":206,"column":3}},"89":{"start":{"line":205,"column":3},"end":{"line":205,"column":19}},"90":{"start":{"line":209,"column":1},"end":{"line":209,"column":34}},"91":{"start":{"line":211,"column":1},"end":{"line":215,"column":2}},"92":{"start":{"line":212,"column":2},"end":{"line":214,"column":3}},"93":{"start":{"line":213,"column":3},"end":{"line":213,"column":31}},"94":{"start":{"line":217,"column":1},"end":{"line":222,"column":2}},"95":{"start":{"line":218,"column":2},"end":{"line":218,"column":65}},"96":{"start":{"line":219,"column":2},"end":{"line":221,"column":3}},"97":{"start":{"line":220,"column":3},"end":{"line":220,"column":36}},"98":{"start":{"line":224,"column":1},"end":{"line":229,"column":2}},"99":{"start":{"line":225,"column":2},"end":{"line":225,"column":73}},"100":{"start":{"line":226,"column":2},"end":{"line":228,"column":3}},"101":{"start":{"line":227,"column":3},"end":{"line":227,"column":40}},"102":{"start":{"line":231,"column":1},"end":{"line":231,"column":11}},"103":{"start":{"line":232,"column":1},"end":{"line":232,"column":54}},"104":{"start":{"line":233,"column":1},"end":{"line":233,"column":17}},"105":{"start":{"line":235,"column":1},"end":{"line":237,"column":2}},"106":{"start":{"line":236,"column":2},"end":{"line":236,"column":29}},"107":{"start":{"line":239,"column":1},"end":{"line":239,"column":27}},"108":{"start":{"line":249,"column":0},"end":{"line":258,"column":1}},"109":{"start":{"line":250,"column":1},"end":{"line":250,"column":102}},"110":{"start":{"line":251,"column":1},"end":{"line":251,"column":26}},"111":{"start":{"line":252,"column":1},"end":{"line":254,"column":2}},"112":{"start":{"line":253,"column":2},"end":{"line":253,"column":24}},"113":{"start":{"line":256,"column":1},"end":{"line":256,"column":45}},"114":{"start":{"line":257,"column":1},"end":{"line":257,"column":11}},"115":{"start":{"line":267,"column":0},"end":{"line":269,"column":1}},"116":{"start":{"line":268,"column":1},"end":{"line":268,"column":75}},"117":{"start":{"line":278,"column":0},"end":{"line":304,"column":1}},"118":{"start":{"line":279,"column":1},"end":{"line":303,"column":2}},"119":{"start":{"line":281,"column":2},"end":{"line":281,"column":29}},"120":{"start":{"line":282,"column":2},"end":{"line":282,"column":8}},"121":{"start":{"line":285,"column":2},"end":{"line":285,"column":34}},"122":{"start":{"line":286,"column":2},"end":{"line":286,"column":8}},"123":{"start":{"line":289,"column":2},"end":{"line":289,"column":33}},"124":{"start":{"line":290,"column":2},"end":{"line":290,"column":8}},"125":{"start":{"line":293,"column":2},"end":{"line":293,"column":29}},"126":{"start":{"line":294,"column":2},"end":{"line":294,"column":8}},"127":{"start":{"line":297,"column":2},"end":{"line":297,"column":39}},"128":{"start":{"line":298,"column":2},"end":{"line":298,"column":8}},"129":{"start":{"line":301,"column":2},"end":{"line":301,"column":29}},"130":{"start":{"line":302,"column":2},"end":{"line":302,"column":8}},"131":{"start":{"line":314,"column":0},"end":{"line":323,"column":1}},"132":{"start":{"line":315,"column":1},"end":{"line":315,"column":33}},"133":{"start":{"line":316,"column":1},"end":{"line":316,"column":93}},"134":{"start":{"line":318,"column":1},"end":{"line":322,"column":2}},"135":{"start":{"line":319,"column":2},"end":{"line":319,"column":64}},"136":{"start":{"line":321,"column":2},"end":{"line":321,"column":47}},"137":{"start":{"line":333,"column":0},"end":{"line":337,"column":1}},"138":{"start":{"line":334,"column":1},"end":{"line":334,"column":33}},"139":{"start":{"line":335,"column":1},"end":{"line":335,"column":93}},"140":{"start":{"line":336,"column":1},"end":{"line":336,"column":67}},"141":{"start":{"line":347,"column":0},"end":{"line":353,"column":1}},"142":{"start":{"line":348,"column":1},"end":{"line":348,"column":47}},"143":{"start":{"line":349,"column":1},"end":{"line":349,"column":63}},"144":{"start":{"line":350,"column":1},"end":{"line":350,"column":93}},"145":{"start":{"line":352,"column":1},"end":{"line":352,"column":46}},"146":{"start":{"line":362,"column":0},"end":{"line":383,"column":1}},"147":{"start":{"line":363,"column":1},"end":{"line":363,"column":17}},"148":{"start":{"line":365,"column":1},"end":{"line":367,"column":2}},"149":{"start":{"line":366,"column":2},"end":{"line":366,"column":15}},"150":{"start":{"line":369,"column":1},"end":{"line":369,"column":35}},"151":{"start":{"line":370,"column":1},"end":{"line":370,"column":47}},"152":{"start":{"line":372,"column":1},"end":{"line":374,"column":2}},"153":{"start":{"line":373,"column":2},"end":{"line":373,"column":22}},"154":{"start":{"line":376,"column":1},"end":{"line":376,"column":86}},"155":{"start":{"line":378,"column":1},"end":{"line":378,"column":64}},"156":{"start":{"line":379,"column":1},"end":{"line":379,"column":76}},"157":{"start":{"line":380,"column":1},"end":{"line":380,"column":98}},"158":{"start":{"line":382,"column":1},"end":{"line":382,"column":12}},"159":{"start":{"line":393,"column":0},"end":{"line":408,"column":1}},"160":{"start":{"line":394,"column":1},"end":{"line":394,"column":35}},"161":{"start":{"line":395,"column":1},"end":{"line":395,"column":43}},"162":{"start":{"line":397,"column":1},"end":{"line":399,"column":2}},"163":{"start":{"line":398,"column":2},"end":{"line":398,"column":22}},"164":{"start":{"line":401,"column":1},"end":{"line":401,"column":86}},"165":{"start":{"line":403,"column":1},"end":{"line":403,"column":72}},"166":{"start":{"line":404,"column":1},"end":{"line":404,"column":52}},"167":{"start":{"line":405,"column":1},"end":{"line":405,"column":96}},"168":{"start":{"line":407,"column":1},"end":{"line":407,"column":12}},"169":{"start":{"line":417,"column":0},"end":{"line":425,"column":1}},"170":{"start":{"line":418,"column":1},"end":{"line":418,"column":72}},"171":{"start":{"line":419,"column":1},"end":{"line":419,"column":64}},"172":{"start":{"line":421,"column":1},"end":{"line":424,"column":3}},"173":{"start":{"line":434,"column":0},"end":{"line":444,"column":1}},"174":{"start":{"line":435,"column":1},"end":{"line":435,"column":99}},"175":{"start":{"line":436,"column":1},"end":{"line":436,"column":26}},"176":{"start":{"line":438,"column":1},"end":{"line":440,"column":2}},"177":{"start":{"line":439,"column":2},"end":{"line":439,"column":33}},"178":{"start":{"line":442,"column":1},"end":{"line":442,"column":56}},"179":{"start":{"line":443,"column":1},"end":{"line":443,"column":16}},"180":{"start":{"line":446,"column":0},"end":{"line":446,"column":45}},"181":{"start":{"line":448,"column":0},"end":{"line":473,"column":2}}},"branchMap":{"1":{"line":23,"type":"if","locations":[{"start":{"line":23,"column":0},"end":{"line":23,"column":0}},{"start":{"line":23,"column":0},"end":{"line":23,"column":0}}]},"2":{"line":70,"type":"if","locations":[{"start":{"line":70,"column":2},"end":{"line":70,"column":2}},{"start":{"line":70,"column":2},"end":{"line":70,"column":2}}]},"3":{"line":75,"type":"if","locations":[{"start":{"line":75,"column":2},"end":{"line":75,"column":2}},{"start":{"line":75,"column":2},"end":{"line":75,"column":2}}]},"4":{"line":80,"type":"if","locations":[{"start":{"line":80,"column":2},"end":{"line":80,"column":2}},{"start":{"line":80,"column":2},"end":{"line":80,"column":2}}]},"5":{"line":84,"type":"if","locations":[{"start":{"line":84,"column":2},"end":{"line":84,"column":2}},{"start":{"line":84,"column":2},"end":{"line":84,"column":2}}]},"6":{"line":132,"type":"switch","locations":[{"start":{"line":133,"column":1},"end":{"line":136,"column":8}},{"start":{"line":138,"column":1},"end":{"line":141,"column":8}},{"start":{"line":143,"column":1},"end":{"line":148,"column":8}},{"start":{"line":150,"column":1},"end":{"line":165,"column":8}},{"start":{"line":167,"column":1},"end":{"line":170,"column":8}},{"start":{"line":172,"column":1},"end":{"line":175,"column":8}}]},"7":{"line":144,"type":"if","locations":[{"start":{"line":144,"column":2},"end":{"line":144,"column":2}},{"start":{"line":144,"column":2},"end":{"line":144,"column":2}}]},"8":{"line":188,"type":"if","locations":[{"start":{"line":188,"column":1},"end":{"line":188,"column":1}},{"start":{"line":188,"column":1},"end":{"line":188,"column":1}}]},"9":{"line":196,"type":"if","locations":[{"start":{"line":196,"column":1},"end":{"line":196,"column":1}},{"start":{"line":196,"column":1},"end":{"line":196,"column":1}}]},"10":{"line":201,"type":"binary-expr","locations":[{"start":{"line":201,"column":16},"end":{"line":201,"column":28}},{"start":{"line":201,"column":32},"end":{"line":201,"column":33}}]},"11":{"line":211,"type":"if","locations":[{"start":{"line":211,"column":1},"end":{"line":211,"column":1}},{"start":{"line":211,"column":1},"end":{"line":211,"column":1}}]},"12":{"line":217,"type":"if","locations":[{"start":{"line":217,"column":1},"end":{"line":217,"column":1}},{"start":{"line":217,"column":1},"end":{"line":217,"column":1}}]},"13":{"line":217,"type":"binary-expr","locations":[{"start":{"line":217,"column":5},"end":{"line":217,"column":19}},{"start":{"line":217,"column":23},"end":{"line":217,"column":44}}]},"14":{"line":224,"type":"if","locations":[{"start":{"line":224,"column":1},"end":{"line":224,"column":1}},{"start":{"line":224,"column":1},"end":{"line":224,"column":1}}]},"15":{"line":224,"type":"binary-expr","locations":[{"start":{"line":224,"column":5},"end":{"line":224,"column":25}},{"start":{"line":224,"column":29},"end":{"line":224,"column":54}}]},"16":{"line":279,"type":"switch","locations":[{"start":{"line":280,"column":1},"end":{"line":282,"column":8}},{"start":{"line":284,"column":1},"end":{"line":286,"column":8}},{"start":{"line":288,"column":1},"end":{"line":290,"column":8}},{"start":{"line":292,"column":1},"end":{"line":294,"column":8}},{"start":{"line":296,"column":1},"end":{"line":298,"column":8}},{"start":{"line":300,"column":1},"end":{"line":302,"column":8}}]},"17":{"line":318,"type":"if","locations":[{"start":{"line":318,"column":1},"end":{"line":318,"column":1}},{"start":{"line":318,"column":1},"end":{"line":318,"column":1}}]},"18":{"line":365,"type":"if","locations":[{"start":{"line":365,"column":1},"end":{"line":365,"column":1}},{"start":{"line":365,"column":1},"end":{"line":365,"column":1}}]}}},"/Users/tobias/GitHub/lisk-js/lib/constants.js":{"path":"/Users/tobias/GitHub/lisk-js/lib/constants.js","s":{"1":1},"b":{},"f":{},"fnMap":{},"statementMap":{"1":{"start":{"line":1,"column":0},"end":{"line":10,"column":2}}},"branchMap":{}},"/Users/tobias/GitHub/lisk-js/lib/transactions/crypto/index.js":{"path":"/Users/tobias/GitHub/lisk-js/lib/transactions/crypto/index.js","s":{"1":1,"2":1,"3":1,"4":1,"5":1},"b":{},"f":{},"fnMap":{},"statementMap":{"1":{"start":{"line":1,"column":0},"end":{"line":1,"column":35}},"2":{"start":{"line":2,"column":0},"end":{"line":2,"column":29}},"3":{"start":{"line":3,"column":0},"end":{"line":3,"column":29}},"4":{"start":{"line":4,"column":0},"end":{"line":4,"column":29}},"5":{"start":{"line":6,"column":0},"end":{"line":18,"column":2}}},"branchMap":{}},"/Users/tobias/GitHub/lisk-js/lib/transactions/crypto/convert.js":{"path":"/Users/tobias/GitHub/lisk-js/lib/transactions/crypto/convert.js","s":{"1":1,"2":1,"3":20,"4":1,"5":3,"6":1,"7":1,"8":1,"9":8,"10":1,"11":1},"b":{},"f":{"1":20,"2":3,"3":1},"fnMap":{"1":{"name":"bufferToHex","line":21,"loc":{"start":{"line":21,"column":0},"end":{"line":21,"column":30}}},"2":{"name":"hexToBuffer","line":25,"loc":{"start":{"line":25,"column":0},"end":{"line":25,"column":27}}},"3":{"name":"useFirstEightBufferEntriesReversed","line":30,"loc":{"start":{"line":30,"column":0},"end":{"line":30,"column":61}}}},"statementMap":{"1":{"start":{"line":16,"column":0},"end":{"line":16,"column":39}},"2":{"start":{"line":21,"column":0},"end":{"line":23,"column":1}},"3":{"start":{"line":22,"column":1},"end":{"line":22,"column":36}},"4":{"start":{"line":25,"column":0},"end":{"line":27,"column":1}},"5":{"start":{"line":26,"column":1},"end":{"line":26,"column":35}},"6":{"start":{"line":30,"column":0},"end":{"line":38,"column":1}},"7":{"start":{"line":31,"column":1},"end":{"line":31,"column":42}},"8":{"start":{"line":33,"column":1},"end":{"line":35,"column":2}},"9":{"start":{"line":34,"column":2},"end":{"line":34,"column":48}},"10":{"start":{"line":37,"column":1},"end":{"line":37,"column":27}},"11":{"start":{"line":40,"column":0},"end":{"line":44,"column":2}}},"branchMap":{}},"/Users/tobias/GitHub/lisk-js/lib/transactions/crypto/sign.js":{"path":"/Users/tobias/GitHub/lisk-js/lib/transactions/crypto/sign.js","s":{"1":1,"2":1,"3":1,"4":4,"5":4,"6":4,"7":4,"8":4,"9":1,"10":1,"11":1,"12":1,"13":1,"14":1,"15":1,"16":1,"17":1,"18":1,"19":1,"20":1,"21":1,"22":1,"23":1,"24":1,"25":1,"26":1,"27":1,"28":1,"29":1,"30":1,"31":1,"32":1},"b":{},"f":{"1":4,"2":1,"3":1,"4":1},"fnMap":{"1":{"name":"signMessageWithSecret","line":19,"loc":{"start":{"line":19,"column":0},"end":{"line":19,"column":49}}},"2":{"name":"signAndPrintMessage","line":29,"loc":{"start":{"line":29,"column":0},"end":{"line":29,"column":47}}},"3":{"name":"printSignedMessage","line":44,"loc":{"start":{"line":44,"column":0},"end":{"line":44,"column":64}}},"4":{"name":"verifyMessageWithPublicKey","line":59,"loc":{"start":{"line":59,"column":0},"end":{"line":59,"column":63}}}},"statementMap":{"1":{"start":{"line":16,"column":0},"end":{"line":16,"column":35}},"2":{"start":{"line":17,"column":0},"end":{"line":17,"column":29}},"3":{"start":{"line":19,"column":0},"end":{"line":27,"column":1}},"4":{"start":{"line":20,"column":1},"end":{"line":20,"column":45}},"5":{"start":{"line":21,"column":1},"end":{"line":21,"column":64}},"6":{"start":{"line":23,"column":1},"end":{"line":23,"column":71}},"7":{"start":{"line":24,"column":1},"end":{"line":24,"column":59}},"8":{"start":{"line":26,"column":1},"end":{"line":26,"column":25}},"9":{"start":{"line":29,"column":0},"end":{"line":42,"column":1}},"10":{"start":{"line":30,"column":1},"end":{"line":30,"column":59}},"11":{"start":{"line":31,"column":1},"end":{"line":31,"column":28}},"12":{"start":{"line":32,"column":1},"end":{"line":32,"column":51}},"13":{"start":{"line":33,"column":1},"end":{"line":33,"column":73}},"14":{"start":{"line":34,"column":1},"end":{"line":34,"column":60}},"15":{"start":{"line":35,"column":1},"end":{"line":35,"column":59}},"16":{"start":{"line":37,"column":1},"end":{"line":39,"column":3}},"17":{"start":{"line":41,"column":1},"end":{"line":41,"column":31}},"18":{"start":{"line":44,"column":0},"end":{"line":57,"column":1}},"19":{"start":{"line":45,"column":1},"end":{"line":45,"column":59}},"20":{"start":{"line":46,"column":1},"end":{"line":46,"column":28}},"21":{"start":{"line":47,"column":1},"end":{"line":47,"column":51}},"22":{"start":{"line":48,"column":1},"end":{"line":48,"column":32}},"23":{"start":{"line":49,"column":1},"end":{"line":49,"column":40}},"24":{"start":{"line":50,"column":1},"end":{"line":50,"column":59}},"25":{"start":{"line":52,"column":1},"end":{"line":54,"column":3}},"26":{"start":{"line":56,"column":1},"end":{"line":56,"column":31}},"27":{"start":{"line":59,"column":0},"end":{"line":67,"column":1}},"28":{"start":{"line":60,"column":1},"end":{"line":60,"column":61}},"29":{"start":{"line":61,"column":1},"end":{"line":61,"column":53}},"30":{"start":{"line":63,"column":1},"end":{"line":63,"column":87}},"31":{"start":{"line":66,"column":1},"end":{"line":66,"column":48}},"32":{"start":{"line":69,"column":0},"end":{"line":74,"column":2}}},"branchMap":{}},"/Users/tobias/GitHub/lisk-js/lib/transactions/crypto/keys.js":{"path":"/Users/tobias/GitHub/lisk-js/lib/transactions/crypto/keys.js","s":{"1":1,"2":1,"3":1,"4":1,"5":1,"6":6,"7":6,"8":6,"9":1,"10":5,"11":5,"12":5,"13":1,"14":1,"15":1,"16":1,"17":1,"18":1},"b":{},"f":{"1":6,"2":5,"3":1},"fnMap":{"1":{"name":"getPrivateAndPublicKeyFromSecret","line":22,"loc":{"start":{"line":22,"column":0},"end":{"line":22,"column":51}}},"2":{"name":"getRawPrivateAndPublicKeyFromSecret","line":32,"loc":{"start":{"line":32,"column":0},"end":{"line":32,"column":54}}},"3":{"name":"getAddressFromPublicKey","line":42,"loc":{"start":{"line":42,"column":0},"end":{"line":42,"column":45}}}},"statementMap":{"1":{"start":{"line":16,"column":0},"end":{"line":16,"column":39}},"2":{"start":{"line":17,"column":0},"end":{"line":17,"column":42}},"3":{"start":{"line":19,"column":0},"end":{"line":19,"column":29}},"4":{"start":{"line":20,"column":0},"end":{"line":20,"column":35}},"5":{"start":{"line":22,"column":0},"end":{"line":30,"column":1}},"6":{"start":{"line":23,"column":1},"end":{"line":23,"column":53}},"7":{"start":{"line":24,"column":1},"end":{"line":24,"column":65}},"8":{"start":{"line":26,"column":1},"end":{"line":29,"column":3}},"9":{"start":{"line":32,"column":0},"end":{"line":40,"column":1}},"10":{"start":{"line":33,"column":1},"end":{"line":33,"column":53}},"11":{"start":{"line":34,"column":1},"end":{"line":34,"column":65}},"12":{"start":{"line":36,"column":1},"end":{"line":39,"column":3}},"13":{"start":{"line":42,"column":0},"end":{"line":49,"column":1}},"14":{"start":{"line":43,"column":1},"end":{"line":43,"column":58}},"15":{"start":{"line":45,"column":1},"end":{"line":45,"column":84}},"16":{"start":{"line":46,"column":1},"end":{"line":46,"column":70}},"17":{"start":{"line":48,"column":1},"end":{"line":48,"column":16}},"18":{"start":{"line":51,"column":0},"end":{"line":56,"column":2}}},"branchMap":{}},"/Users/tobias/GitHub/lisk-js/lib/transactions/crypto/hash.js":{"path":"/Users/tobias/GitHub/lisk-js/lib/transactions/crypto/hash.js","s":{"1":1,"2":13,"3":1,"4":12,"5":11,"6":1,"7":1,"8":13,"9":1},"b":{"1":[1,12],"2":[11,1],"3":[1,0]},"f":{"1":13},"fnMap":{"1":{"name":"getSha256Hash","line":20,"loc":{"start":{"line":20,"column":0},"end":{"line":20,"column":46}}}},"statementMap":{"1":{"start":{"line":20,"column":0},"end":{"line":31,"column":1}},"2":{"start":{"line":21,"column":1},"end":{"line":27,"column":2}},"3":{"start":{"line":22,"column":2},"end":{"line":22,"column":56}},"4":{"start":{"line":23,"column":8},"end":{"line":27,"column":2}},"5":{"start":{"line":24,"column":2},"end":{"line":24,"column":56}},"6":{"start":{"line":25,"column":8},"end":{"line":27,"column":2}},"7":{"start":{"line":26,"column":2},"end":{"line":26,"column":53}},"8":{"start":{"line":29,"column":1},"end":{"line":29,"column":54}},"9":{"start":{"line":33,"column":0},"end":{"line":35,"column":2}}},"branchMap":{"1":{"line":21,"type":"if","locations":[{"start":{"line":21,"column":1},"end":{"line":21,"column":1}},{"start":{"line":21,"column":1},"end":{"line":21,"column":1}}]},"2":{"line":23,"type":"if","locations":[{"start":{"line":23,"column":8},"end":{"line":23,"column":8}},{"start":{"line":23,"column":8},"end":{"line":23,"column":8}}]},"3":{"line":25,"type":"if","locations":[{"start":{"line":25,"column":8},"end":{"line":25,"column":8}},{"start":{"line":25,"column":8},"end":{"line":25,"column":8}}]}}},"/Users/tobias/GitHub/lisk-js/lib/transactions/dapp.js":{"path":"/Users/tobias/GitHub/lisk-js/lib/transactions/dapp.js","s":{"1":1,"2":1,"3":1,"4":1,"5":2,"6":2,"7":2,"8":2,"9":1,"10":1,"11":2,"12":2,"13":1},"b":{"1":[1,1]},"f":{"1":2},"fnMap":{"1":{"name":"createDapp","line":33,"loc":{"start":{"line":33,"column":0},"end":{"line":33,"column":52}}}},"statementMap":{"1":{"start":{"line":20,"column":0},"end":{"line":20,"column":41}},"2":{"start":{"line":21,"column":0},"end":{"line":21,"column":45}},"3":{"start":{"line":22,"column":0},"end":{"line":22,"column":46}},"4":{"start":{"line":33,"column":0},"end":{"line":65,"column":1}},"5":{"start":{"line":34,"column":1},"end":{"line":34,"column":35}},"6":{"start":{"line":36,"column":1},"end":{"line":54,"column":3}},"7":{"start":{"line":56,"column":1},"end":{"line":56,"column":32}},"8":{"start":{"line":58,"column":1},"end":{"line":61,"column":2}},"9":{"start":{"line":59,"column":2},"end":{"line":59,"column":48}},"10":{"start":{"line":60,"column":2},"end":{"line":60,"column":45}},"11":{"start":{"line":63,"column":1},"end":{"line":63,"column":44}},"12":{"start":{"line":64,"column":1},"end":{"line":64,"column":20}},"13":{"start":{"line":67,"column":0},"end":{"line":69,"column":2}}},"branchMap":{"1":{"line":58,"type":"if","locations":[{"start":{"line":58,"column":1},"end":{"line":58,"column":1}},{"start":{"line":58,"column":1},"end":{"line":58,"column":1}}]}}},"/Users/tobias/GitHub/lisk-js/lib/time/slots.js":{"path":"/Users/tobias/GitHub/lisk-js/lib/time/slots.js","s":{"1":1,"2":23,"3":1,"4":22,"5":21,"6":22,"7":22,"8":22,"9":1,"10":1,"11":22,"12":1,"13":1,"14":0,"15":1,"16":1,"17":1,"18":1,"19":3,"20":2,"21":3,"22":1,"23":1,"24":1,"25":2,"26":2,"27":1,"28":1,"29":1},"b":{"1":[21,1],"2":[0,1],"3":[2,1]},"f":{"1":23,"2":22,"3":22,"4":1,"5":3,"6":1,"7":2,"8":1},"fnMap":{"1":{"name":"beginEpochTime","line":23,"loc":{"start":{"line":23,"column":0},"end":{"line":23,"column":27}}},"2":{"name":"getEpochTime","line":33,"loc":{"start":{"line":33,"column":0},"end":{"line":33,"column":29}}},"3":{"name":"getTime","line":67,"loc":{"start":{"line":67,"column":0},"end":{"line":67,"column":24}}},"4":{"name":"getRealTime","line":77,"loc":{"start":{"line":77,"column":0},"end":{"line":77,"column":33}}},"5":{"name":"getSlotNumber","line":92,"loc":{"start":{"line":92,"column":0},"end":{"line":92,"column":35}}},"6":{"name":"getSlotTime","line":106,"loc":{"start":{"line":106,"column":0},"end":{"line":106,"column":28}}},"7":{"name":"getNextSlot","line":116,"loc":{"start":{"line":116,"column":0},"end":{"line":116,"column":24}}},"8":{"name":"getLastSlot","line":127,"loc":{"start":{"line":127,"column":0},"end":{"line":127,"column":32}}}},"statementMap":{"1":{"start":{"line":23,"column":0},"end":{"line":25,"column":1}},"2":{"start":{"line":24,"column":1},"end":{"line":24,"column":53}},"3":{"start":{"line":33,"column":0},"end":{"line":40,"column":1}},"4":{"start":{"line":34,"column":1},"end":{"line":36,"column":2}},"5":{"start":{"line":35,"column":2},"end":{"line":35,"column":32}},"6":{"start":{"line":37,"column":1},"end":{"line":37,"column":26}},"7":{"start":{"line":38,"column":1},"end":{"line":38,"column":21}},"8":{"start":{"line":39,"column":1},"end":{"line":39,"column":38}},"9":{"start":{"line":58,"column":0},"end":{"line":59,"column":16}},"10":{"start":{"line":67,"column":0},"end":{"line":69,"column":1}},"11":{"start":{"line":68,"column":1},"end":{"line":68,"column":27}},"12":{"start":{"line":77,"column":0},"end":{"line":84,"column":1}},"13":{"start":{"line":78,"column":1},"end":{"line":80,"column":2}},"14":{"start":{"line":79,"column":2},"end":{"line":79,"column":24}},"15":{"start":{"line":81,"column":1},"end":{"line":81,"column":26}},"16":{"start":{"line":82,"column":1},"end":{"line":82,"column":47}},"17":{"start":{"line":83,"column":1},"end":{"line":83,"column":29}},"18":{"start":{"line":92,"column":0},"end":{"line":98,"column":1}},"19":{"start":{"line":93,"column":1},"end":{"line":95,"column":2}},"20":{"start":{"line":94,"column":2},"end":{"line":94,"column":24}},"21":{"start":{"line":97,"column":1},"end":{"line":97,"column":41}},"22":{"start":{"line":106,"column":0},"end":{"line":108,"column":1}},"23":{"start":{"line":107,"column":1},"end":{"line":107,"column":24}},"24":{"start":{"line":116,"column":0},"end":{"line":120,"column":1}},"25":{"start":{"line":117,"column":1},"end":{"line":117,"column":28}},"26":{"start":{"line":119,"column":1},"end":{"line":119,"column":17}},"27":{"start":{"line":127,"column":0},"end":{"line":129,"column":1}},"28":{"start":{"line":128,"column":1},"end":{"line":128,"column":29}},"29":{"start":{"line":131,"column":0},"end":{"line":140,"column":2}}},"branchMap":{"1":{"line":34,"type":"if","locations":[{"start":{"line":34,"column":1},"end":{"line":34,"column":1}},{"start":{"line":34,"column":1},"end":{"line":34,"column":1}}]},"2":{"line":78,"type":"if","locations":[{"start":{"line":78,"column":1},"end":{"line":78,"column":1}},{"start":{"line":78,"column":1},"end":{"line":78,"column":1}}]},"3":{"line":93,"type":"if","locations":[{"start":{"line":93,"column":1},"end":{"line":93,"column":1}},{"start":{"line":93,"column":1},"end":{"line":93,"column":1}}]}}},"/Users/tobias/GitHub/lisk-js/lib/transactions/delegate.js":{"path":"/Users/tobias/GitHub/lisk-js/lib/transactions/delegate.js","s":{"1":1,"2":1,"3":1,"4":1,"5":4,"6":4,"7":4,"8":4,"9":1,"10":1,"11":4,"12":4,"13":1},"b":{"1":[1,3]},"f":{"1":4},"fnMap":{"1":{"name":"createDelegate","line":33,"loc":{"start":{"line":33,"column":0},"end":{"line":33,"column":57}}}},"statementMap":{"1":{"start":{"line":20,"column":0},"end":{"line":20,"column":41}},"2":{"start":{"line":21,"column":0},"end":{"line":21,"column":45}},"3":{"start":{"line":22,"column":0},"end":{"line":22,"column":46}},"4":{"start":{"line":33,"column":0},"end":{"line":60,"column":1}},"5":{"start":{"line":34,"column":1},"end":{"line":34,"column":35}},"6":{"start":{"line":36,"column":1},"end":{"line":49,"column":3}},"7":{"start":{"line":51,"column":1},"end":{"line":51,"column":32}},"8":{"start":{"line":53,"column":1},"end":{"line":56,"column":2}},"9":{"start":{"line":54,"column":2},"end":{"line":54,"column":48}},"10":{"start":{"line":55,"column":2},"end":{"line":55,"column":45}},"11":{"start":{"line":58,"column":1},"end":{"line":58,"column":44}},"12":{"start":{"line":59,"column":1},"end":{"line":59,"column":20}},"13":{"start":{"line":62,"column":0},"end":{"line":64,"column":2}}},"branchMap":{"1":{"line":53,"type":"if","locations":[{"start":{"line":53,"column":1},"end":{"line":53,"column":1}},{"start":{"line":53,"column":1},"end":{"line":53,"column":1}}]}}},"/Users/tobias/GitHub/lisk-js/lib/transactions/multisignature.js":{"path":"/Users/tobias/GitHub/lisk-js/lib/transactions/multisignature.js","s":{"1":1,"2":1,"3":1,"4":1,"5":0,"6":0,"7":0,"8":1,"9":0,"10":0,"11":0,"12":0,"13":0,"14":0,"15":0,"16":0,"17":1,"18":0,"19":0,"20":0,"21":0,"22":0,"23":0,"24":0,"25":0,"26":0,"27":0,"28":0,"29":0,"30":0,"31":1},"b":{"1":[0,0],"2":[0,0],"3":[0,0]},"f":{"1":0,"2":0,"3":0},"fnMap":{"1":{"name":"signTransaction","line":32,"loc":{"start":{"line":32,"column":0},"end":{"line":32,"column":39}}},"2":{"name":"createMultisignature","line":50,"loc":{"start":{"line":50,"column":0},"end":{"line":50,"column":79}}},"3":{"name":"createTransaction","line":91,"loc":{"start":{"line":91,"column":0},"end":{"line":91,"column":91}}}},"statementMap":{"1":{"start":{"line":20,"column":0},"end":{"line":20,"column":41}},"2":{"start":{"line":21,"column":0},"end":{"line":21,"column":45}},"3":{"start":{"line":22,"column":0},"end":{"line":22,"column":46}},"4":{"start":{"line":32,"column":0},"end":{"line":37,"column":1}},"5":{"start":{"line":33,"column":1},"end":{"line":33,"column":35}},"6":{"start":{"line":34,"column":1},"end":{"line":34,"column":45}},"7":{"start":{"line":36,"column":1},"end":{"line":36,"column":18}},"8":{"start":{"line":50,"column":0},"end":{"line":78,"column":1}},"9":{"start":{"line":51,"column":1},"end":{"line":51,"column":35}},"10":{"start":{"line":53,"column":1},"end":{"line":67,"column":3}},"11":{"start":{"line":69,"column":1},"end":{"line":69,"column":32}},"12":{"start":{"line":71,"column":1},"end":{"line":74,"column":2}},"13":{"start":{"line":72,"column":2},"end":{"line":72,"column":48}},"14":{"start":{"line":73,"column":2},"end":{"line":73,"column":45}},"15":{"start":{"line":76,"column":1},"end":{"line":76,"column":44}},"16":{"start":{"line":77,"column":1},"end":{"line":77,"column":20}},"17":{"start":{"line":91,"column":0},"end":{"line":120,"column":1}},"18":{"start":{"line":92,"column":1},"end":{"line":99,"column":3}},"19":{"start":{"line":101,"column":1},"end":{"line":101,"column":35}},"20":{"start":{"line":102,"column":1},"end":{"line":102,"column":46}},"21":{"start":{"line":104,"column":1},"end":{"line":108,"column":2}},"22":{"start":{"line":105,"column":2},"end":{"line":105,"column":54}},"23":{"start":{"line":107,"column":2},"end":{"line":107,"column":63}},"24":{"start":{"line":110,"column":1},"end":{"line":110,"column":32}},"25":{"start":{"line":112,"column":1},"end":{"line":115,"column":2}},"26":{"start":{"line":113,"column":2},"end":{"line":113,"column":48}},"27":{"start":{"line":114,"column":2},"end":{"line":114,"column":45}},"28":{"start":{"line":117,"column":1},"end":{"line":117,"column":44}},"29":{"start":{"line":118,"column":1},"end":{"line":118,"column":29}},"30":{"start":{"line":119,"column":1},"end":{"line":119,"column":20}},"31":{"start":{"line":122,"column":0},"end":{"line":126,"column":2}}},"branchMap":{"1":{"line":71,"type":"if","locations":[{"start":{"line":71,"column":1},"end":{"line":71,"column":1}},{"start":{"line":71,"column":1},"end":{"line":71,"column":1}}]},"2":{"line":104,"type":"if","locations":[{"start":{"line":104,"column":1},"end":{"line":104,"column":1}},{"start":{"line":104,"column":1},"end":{"line":104,"column":1}}]},"3":{"line":112,"type":"if","locations":[{"start":{"line":112,"column":1},"end":{"line":112,"column":1}},{"start":{"line":112,"column":1},"end":{"line":112,"column":1}}]}}},"/Users/tobias/GitHub/lisk-js/lib/transactions/signature.js":{"path":"/Users/tobias/GitHub/lisk-js/lib/transactions/signature.js","s":{"1":1,"2":1,"3":1,"4":1,"5":4,"6":4,"7":4,"8":1,"9":4,"10":4,"11":4,"12":4,"13":4,"14":4,"15":1},"b":{},"f":{"1":4,"2":4},"fnMap":{"1":{"name":"newSignature","line":31,"loc":{"start":{"line":31,"column":0},"end":{"line":31,"column":37}}},"2":{"name":"createSignature","line":49,"loc":{"start":{"line":49,"column":0},"end":{"line":49,"column":48}}}},"statementMap":{"1":{"start":{"line":20,"column":0},"end":{"line":20,"column":41}},"2":{"start":{"line":21,"column":0},"end":{"line":21,"column":45}},"3":{"start":{"line":22,"column":0},"end":{"line":22,"column":46}},"4":{"start":{"line":31,"column":0},"end":{"line":39,"column":1}},"5":{"start":{"line":32,"column":1},"end":{"line":32,"column":41}},"6":{"start":{"line":34,"column":1},"end":{"line":36,"column":3}},"7":{"start":{"line":38,"column":1},"end":{"line":38,"column":18}},"8":{"start":{"line":49,"column":0},"end":{"line":69,"column":1}},"9":{"start":{"line":50,"column":1},"end":{"line":50,"column":35}},"10":{"start":{"line":52,"column":1},"end":{"line":52,"column":44}},"11":{"start":{"line":53,"column":1},"end":{"line":63,"column":3}},"12":{"start":{"line":65,"column":1},"end":{"line":65,"column":32}},"13":{"start":{"line":66,"column":1},"end":{"line":66,"column":44}},"14":{"start":{"line":68,"column":1},"end":{"line":68,"column":20}},"15":{"start":{"line":71,"column":0},"end":{"line":73,"column":2}}},"branchMap":{}},"/Users/tobias/GitHub/lisk-js/lib/transactions/transaction.js":{"path":"/Users/tobias/GitHub/lisk-js/lib/transactions/transaction.js","s":{"1":1,"2":1,"3":1,"4":1,"5":5,"6":5,"7":5,"8":5,"9":5,"10":1,"11":1,"12":5,"13":5,"14":1},"b":{"1":[1,4]},"f":{"1":5},"fnMap":{"1":{"name":"createTransaction","line":34,"loc":{"start":{"line":34,"column":0},"end":{"line":34,"column":71}}}},"statementMap":{"1":{"start":{"line":20,"column":0},"end":{"line":20,"column":41}},"2":{"start":{"line":21,"column":0},"end":{"line":21,"column":45}},"3":{"start":{"line":22,"column":0},"end":{"line":22,"column":46}},"4":{"start":{"line":34,"column":0},"end":{"line":56,"column":1}},"5":{"start":{"line":35,"column":1},"end":{"line":42,"column":3}},"6":{"start":{"line":44,"column":1},"end":{"line":44,"column":35}},"7":{"start":{"line":45,"column":1},"end":{"line":45,"column":46}},"8":{"start":{"line":47,"column":1},"end":{"line":47,"column":32}},"9":{"start":{"line":49,"column":1},"end":{"line":52,"column":2}},"10":{"start":{"line":50,"column":2},"end":{"line":50,"column":48}},"11":{"start":{"line":51,"column":2},"end":{"line":51,"column":45}},"12":{"start":{"line":54,"column":1},"end":{"line":54,"column":44}},"13":{"start":{"line":55,"column":1},"end":{"line":55,"column":20}},"14":{"start":{"line":58,"column":0},"end":{"line":60,"column":2}}},"branchMap":{"1":{"line":49,"type":"if","locations":[{"start":{"line":49,"column":1},"end":{"line":49,"column":1}},{"start":{"line":49,"column":1},"end":{"line":49,"column":1}}]}}},"/Users/tobias/GitHub/lisk-js/lib/transactions/vote.js":{"path":"/Users/tobias/GitHub/lisk-js/lib/transactions/vote.js","s":{"1":1,"2":1,"3":1,"4":1,"5":4,"6":4,"7":4,"8":4,"9":1,"10":1,"11":4,"12":4,"13":1},"b":{"1":[1,3]},"f":{"1":4},"fnMap":{"1":{"name":"createVote","line":33,"loc":{"start":{"line":33,"column":0},"end":{"line":33,"column":54}}}},"statementMap":{"1":{"start":{"line":20,"column":0},"end":{"line":20,"column":41}},"2":{"start":{"line":21,"column":0},"end":{"line":21,"column":45}},"3":{"start":{"line":22,"column":0},"end":{"line":22,"column":46}},"4":{"start":{"line":33,"column":0},"end":{"line":58,"column":1}},"5":{"start":{"line":34,"column":1},"end":{"line":34,"column":35}},"6":{"start":{"line":36,"column":1},"end":{"line":46,"column":3}},"7":{"start":{"line":48,"column":1},"end":{"line":48,"column":32}},"8":{"start":{"line":50,"column":1},"end":{"line":53,"column":2}},"9":{"start":{"line":51,"column":2},"end":{"line":51,"column":48}},"10":{"start":{"line":52,"column":2},"end":{"line":52,"column":45}},"11":{"start":{"line":55,"column":1},"end":{"line":55,"column":44}},"12":{"start":{"line":57,"column":1},"end":{"line":57,"column":20}},"13":{"start":{"line":60,"column":0},"end":{"line":62,"column":2}}},"branchMap":{"1":{"line":50,"type":"if","locations":[{"start":{"line":50,"column":1},"end":{"line":50,"column":1}},{"start":{"line":50,"column":1},"end":{"line":50,"column":1}}]}}},"/Users/tobias/GitHub/lisk-js/lib/api/liskApi.js":{"path":"/Users/tobias/GitHub/lisk-js/lib/api/liskApi.js","s":{"1":1,"2":1,"3":1,"4":1,"5":5,"6":2,"7":3,"8":3,"9":3,"10":3,"11":3,"12":3,"13":3,"14":3,"15":3,"16":3,"17":3,"18":0,"19":3,"20":3,"21":3,"22":1,"23":4,"24":4,"25":0,"26":4,"27":4,"28":1,"29":2,"30":2,"31":1,"32":0,"33":0,"34":0,"35":1,"36":2,"37":1,"38":1,"39":1,"40":0,"41":0,"42":0,"43":0,"44":1,"45":2,"46":1,"47":1,"48":1,"49":6,"50":6,"51":0,"52":6,"53":6,"54":6,"55":6,"56":0,"57":6,"58":6,"59":6,"60":0,"61":6,"62":1,"63":7,"64":7,"65":0,"66":7,"67":7,"68":1,"69":1,"70":1,"71":1,"72":1,"73":0,"74":0,"75":0,"76":0,"77":0,"78":0,"79":0,"80":0,"81":0,"82":0,"83":0,"84":0,"85":0,"86":0,"87":1,"88":0,"89":0,"90":0,"91":0,"92":0,"93":0,"94":0,"95":0,"96":0,"97":0,"98":0,"99":0,"100":0,"101":0,"102":0,"103":0,"104":0,"105":0,"106":0,"107":0,"108":0,"109":0,"110":0,"111":0,"112":0,"113":0,"114":0,"115":0,"116":0,"117":0,"118":0,"119":0,"120":1,"121":1,"122":1,"123":0,"124":0,"125":0,"126":1,"127":1,"128":1,"129":1,"130":1,"131":2,"132":0,"133":2,"134":3,"135":3,"136":1,"137":2,"138":2,"139":4,"140":4,"141":2,"142":1,"143":0,"144":0,"145":0,"146":1,"147":0,"148":0,"149":1,"150":0,"151":0,"152":0,"153":1,"154":0,"155":0,"156":1,"157":0,"158":0,"159":1,"160":0,"161":0,"162":1,"163":0,"164":0,"165":1,"166":0,"167":0,"168":1,"169":0,"170":0,"171":1,"172":0,"173":0,"174":1,"175":0,"176":0,"177":1},"b":{"1":[2,3],"2":[3,3],"3":[3,3],"4":[3,3],"5":[3,3],"6":[3,3],"7":[0,3],"8":[3,3],"9":[0,4],"10":[2,1],"11":[0,0],"12":[1,1],"13":[0,0],"14":[1,1],"15":[0,6],"16":[6,0],"17":[1,5],"18":[0,6],"19":[6,0],"20":[1,6],"21":[0,7],"22":[1,0],"23":[0,0],"24":[0,0],"25":[0,0],"26":[0,0],"27":[0,0],"28":[0,0],"29":[0,0],"30":[0,0,0,0],"31":[0,0],"32":[0,0],"33":[0,0],"34":[0,0],"35":[0,0],"36":[0,1],"37":[0,0],"38":[0,2],"39":[2,2],"40":[3,0],"41":[0,2],"42":[4,0]},"f":{"1":5,"2":4,"3":2,"4":0,"5":2,"6":0,"7":2,"8":6,"9":7,"10":1,"11":0,"12":0,"13":0,"14":0,"15":0,"16":0,"17":0,"18":1,"19":2,"20":3,"21":2,"22":0,"23":0,"24":0,"25":0,"26":0,"27":0,"28":0,"29":0,"30":0,"31":0,"32":0,"33":0,"34":0,"35":0,"36":0,"37":0,"38":0,"39":0,"40":0,"41":0,"42":0},"fnMap":{"1":{"name":"LiskAPI","line":20,"loc":{"start":{"line":20,"column":0},"end":{"line":20,"column":27}}},"2":{"name":"(anonymous_2)","line":58,"loc":{"start":{"line":58,"column":31},"end":{"line":58,"column":43}}},"3":{"name":"(anonymous_3)","line":86,"loc":{"start":{"line":86,"column":28},"end":{"line":86,"column":44}}},"4":{"name":"(anonymous_4)","line":91,"loc":{"start":{"line":91,"column":31},"end":{"line":91,"column":50}}},"5":{"name":"(anonymous_5)","line":98,"loc":{"start":{"line":98,"column":27},"end":{"line":98,"column":42}}},"6":{"name":"(anonymous_6)","line":105,"loc":{"start":{"line":105,"column":31},"end":{"line":105,"column":43}}},"7":{"name":"(anonymous_7)","line":115,"loc":{"start":{"line":115,"column":33},"end":{"line":115,"column":45}}},"8":{"name":"(anonymous_8)","line":123,"loc":{"start":{"line":123,"column":31},"end":{"line":123,"column":43}}},"9":{"name":"(anonymous_9)","line":144,"loc":{"start":{"line":144,"column":34},"end":{"line":144,"column":46}}},"10":{"name":"(anonymous_10)","line":152,"loc":{"start":{"line":152,"column":28},"end":{"line":152,"column":40}}},"11":{"name":"(anonymous_11)","line":157,"loc":{"start":{"line":157,"column":32},"end":{"line":157,"column":74}}},"12":{"name":"(anonymous_12)","line":162,"loc":{"start":{"line":162,"column":52},"end":{"line":162,"column":78}}},"13":{"name":"(anonymous_13)","line":173,"loc":{"start":{"line":173,"column":4},"end":{"line":173,"column":16}}},"14":{"name":"(anonymous_14)","line":174,"loc":{"start":{"line":174,"column":13},"end":{"line":174,"column":25}}},"15":{"name":"(anonymous_15)","line":182,"loc":{"start":{"line":182,"column":39},"end":{"line":182,"column":71}}},"16":{"name":"(anonymous_16)","line":185,"loc":{"start":{"line":185,"column":20},"end":{"line":185,"column":47}}},"17":{"name":"(anonymous_17)","line":188,"loc":{"start":{"line":188,"column":29},"end":{"line":188,"column":41}}},"18":{"name":"(anonymous_18)","line":248,"loc":{"start":{"line":248,"column":38},"end":{"line":248,"column":60}}},"19":{"name":"(anonymous_19)","line":266,"loc":{"start":{"line":266,"column":28},"end":{"line":266,"column":43}}},"20":{"name":"(anonymous_20)","line":269,"loc":{"start":{"line":269,"column":32},"end":{"line":269,"column":52}}},"21":{"name":"(anonymous_21)","line":275,"loc":{"start":{"line":275,"column":34},"end":{"line":275,"column":49}}},"22":{"name":"(anonymous_22)","line":287,"loc":{"start":{"line":287,"column":41},"end":{"line":287,"column":59}}},"23":{"name":"(anonymous_23)","line":297,"loc":{"start":{"line":297,"column":40},"end":{"line":297,"column":67}}},"24":{"name":"(anonymous_24)","line":298,"loc":{"start":{"line":298,"column":49},"end":{"line":298,"column":67}}},"25":{"name":"(anonymous_25)","line":303,"loc":{"start":{"line":303,"column":40},"end":{"line":303,"column":67}}},"26":{"name":"(anonymous_26)","line":306,"loc":{"start":{"line":306,"column":93},"end":{"line":306,"column":111}}},"27":{"name":"(anonymous_27)","line":311,"loc":{"start":{"line":311,"column":45},"end":{"line":311,"column":75}}},"28":{"name":"(anonymous_28)","line":312,"loc":{"start":{"line":312,"column":56},"end":{"line":312,"column":74}}},"29":{"name":"(anonymous_29)","line":317,"loc":{"start":{"line":317,"column":31},"end":{"line":317,"column":59}}},"30":{"name":"(anonymous_30)","line":318,"loc":{"start":{"line":318,"column":52},"end":{"line":318,"column":70}}},"31":{"name":"(anonymous_31)","line":323,"loc":{"start":{"line":323,"column":37},"end":{"line":323,"column":68}}},"32":{"name":"(anonymous_32)","line":324,"loc":{"start":{"line":324,"column":63},"end":{"line":324,"column":81}}},"33":{"name":"(anonymous_33)","line":329,"loc":{"start":{"line":329,"column":29},"end":{"line":329,"column":56}}},"34":{"name":"(anonymous_34)","line":330,"loc":{"start":{"line":330,"column":47},"end":{"line":330,"column":65}}},"35":{"name":"(anonymous_35)","line":335,"loc":{"start":{"line":335,"column":37},"end":{"line":335,"column":66}}},"36":{"name":"(anonymous_36)","line":336,"loc":{"start":{"line":336,"column":106},"end":{"line":336,"column":124}}},"37":{"name":"(anonymous_37)","line":341,"loc":{"start":{"line":341,"column":35},"end":{"line":341,"column":70}}},"38":{"name":"(anonymous_38)","line":342,"loc":{"start":{"line":342,"column":61},"end":{"line":342,"column":79}}},"39":{"name":"(anonymous_39)","line":347,"loc":{"start":{"line":347,"column":30},"end":{"line":347,"column":59}}},"40":{"name":"(anonymous_40)","line":348,"loc":{"start":{"line":348,"column":62},"end":{"line":348,"column":80}}},"41":{"name":"(anonymous_41)","line":353,"loc":{"start":{"line":353,"column":31},"end":{"line":353,"column":62}}},"42":{"name":"(anonymous_42)","line":354,"loc":{"start":{"line":354,"column":64},"end":{"line":354,"column":82}}}},"statementMap":{"1":{"start":{"line":16,"column":0},"end":{"line":16,"column":16}},"2":{"start":{"line":17,"column":0},"end":{"line":17,"column":50}},"3":{"start":{"line":18,"column":0},"end":{"line":18,"column":56}},"4":{"start":{"line":20,"column":0},"end":{"line":56,"column":1}},"5":{"start":{"line":21,"column":1},"end":{"line":23,"column":2}},"6":{"start":{"line":22,"column":2},"end":{"line":22,"column":30}},"7":{"start":{"line":25,"column":1},"end":{"line":25,"column":25}},"8":{"start":{"line":27,"column":1},"end":{"line":36,"column":3}},"9":{"start":{"line":38,"column":1},"end":{"line":40,"column":3}},"10":{"start":{"line":42,"column":1},"end":{"line":44,"column":3}},"11":{"start":{"line":46,"column":1},"end":{"line":46,"column":24}},"12":{"start":{"line":47,"column":1},"end":{"line":47,"column":33}},"13":{"start":{"line":48,"column":1},"end":{"line":48,"column":41}},"14":{"start":{"line":49,"column":1},"end":{"line":49,"column":50}},"15":{"start":{"line":50,"column":1},"end":{"line":50,"column":23}},"16":{"start":{"line":51,"column":1},"end":{"line":51,"column":54}},"17":{"start":{"line":52,"column":1},"end":{"line":53,"column":58}},"18":{"start":{"line":52,"column":42},"end":{"line":52,"column":67}},"19":{"start":{"line":53,"column":41},"end":{"line":53,"column":58}},"20":{"start":{"line":54,"column":1},"end":{"line":54,"column":49}},"21":{"start":{"line":55,"column":1},"end":{"line":55,"column":34}},"22":{"start":{"line":58,"column":0},"end":{"line":84,"column":2}},"23":{"start":{"line":59,"column":1},"end":{"line":59,"column":13}},"24":{"start":{"line":61,"column":1},"end":{"line":81,"column":2}},"25":{"start":{"line":62,"column":2},"end":{"line":70,"column":4}},"26":{"start":{"line":72,"column":2},"end":{"line":80,"column":4}},"27":{"start":{"line":83,"column":1},"end":{"line":83,"column":16}},"28":{"start":{"line":86,"column":0},"end":{"line":89,"column":2}},"29":{"start":{"line":87,"column":1},"end":{"line":87,"column":46}},"30":{"start":{"line":88,"column":1},"end":{"line":88,"column":25}},"31":{"start":{"line":91,"column":0},"end":{"line":96,"column":2}},"32":{"start":{"line":92,"column":1},"end":{"line":95,"column":2}},"33":{"start":{"line":93,"column":2},"end":{"line":93,"column":25}},"34":{"start":{"line":94,"column":2},"end":{"line":94,"column":20}},"35":{"start":{"line":98,"column":0},"end":{"line":103,"column":2}},"36":{"start":{"line":99,"column":1},"end":{"line":102,"column":2}},"37":{"start":{"line":100,"column":2},"end":{"line":100,"column":17}},"38":{"start":{"line":101,"column":2},"end":{"line":101,"column":20}},"39":{"start":{"line":105,"column":0},"end":{"line":113,"column":2}},"40":{"start":{"line":106,"column":1},"end":{"line":106,"column":32}},"41":{"start":{"line":108,"column":1},"end":{"line":110,"column":2}},"42":{"start":{"line":109,"column":2},"end":{"line":109,"column":27}},"43":{"start":{"line":112,"column":1},"end":{"line":112,"column":46}},"44":{"start":{"line":115,"column":0},"end":{"line":121,"column":2}},"45":{"start":{"line":116,"column":1},"end":{"line":120,"column":2}},"46":{"start":{"line":117,"column":2},"end":{"line":117,"column":17}},"47":{"start":{"line":119,"column":2},"end":{"line":119,"column":16}},"48":{"start":{"line":123,"column":0},"end":{"line":142,"column":2}},"49":{"start":{"line":124,"column":1},"end":{"line":124,"column":23}},"50":{"start":{"line":126,"column":1},"end":{"line":128,"column":2}},"51":{"start":{"line":127,"column":2},"end":{"line":127,"column":39}},"52":{"start":{"line":130,"column":1},"end":{"line":139,"column":2}},"53":{"start":{"line":131,"column":2},"end":{"line":131,"column":43}},"54":{"start":{"line":132,"column":2},"end":{"line":132,"column":68}},"55":{"start":{"line":133,"column":2},"end":{"line":133,"column":53}},"56":{"start":{"line":133,"column":20},"end":{"line":133,"column":53}},"57":{"start":{"line":135,"column":2},"end":{"line":138,"column":3}},"58":{"start":{"line":136,"column":3},"end":{"line":136,"column":65}},"59":{"start":{"line":136,"column":59},"end":{"line":136,"column":65}},"60":{"start":{"line":137,"column":3},"end":{"line":137,"column":44}},"61":{"start":{"line":141,"column":1},"end":{"line":141,"column":26}},"62":{"start":{"line":144,"column":0},"end":{"line":150,"column":2}},"63":{"start":{"line":145,"column":1},"end":{"line":145,"column":67}},"64":{"start":{"line":146,"column":1},"end":{"line":146,"column":52}},"65":{"start":{"line":146,"column":19},"end":{"line":146,"column":52}},"66":{"start":{"line":148,"column":1},"end":{"line":148,"column":73}},"67":{"start":{"line":149,"column":1},"end":{"line":149,"column":38}},"68":{"start":{"line":152,"column":0},"end":{"line":155,"column":2}},"69":{"start":{"line":153,"column":1},"end":{"line":153,"column":96}},"70":{"start":{"line":153,"column":56},"end":{"line":153,"column":96}},"71":{"start":{"line":154,"column":1},"end":{"line":154,"column":19}},"72":{"start":{"line":157,"column":0},"end":{"line":180,"column":2}},"73":{"start":{"line":158,"column":1},"end":{"line":158,"column":32}},"74":{"start":{"line":159,"column":1},"end":{"line":159,"column":90}},"75":{"start":{"line":160,"column":1},"end":{"line":160,"column":20}},"76":{"start":{"line":162,"column":1},"end":{"line":179,"column":4}},"77":{"start":{"line":163,"column":2},"end":{"line":163,"column":46}},"78":{"start":{"line":164,"column":2},"end":{"line":164,"column":70}},"79":{"start":{"line":167,"column":2},"end":{"line":172,"column":3}},"80":{"start":{"line":168,"column":3},"end":{"line":168,"column":47}},"81":{"start":{"line":170,"column":3},"end":{"line":170,"column":80}},"82":{"start":{"line":171,"column":3},"end":{"line":171,"column":36}},"83":{"start":{"line":174,"column":2},"end":{"line":178,"column":11}},"84":{"start":{"line":175,"column":3},"end":{"line":175,"column":21}},"85":{"start":{"line":176,"column":3},"end":{"line":176,"column":21}},"86":{"start":{"line":177,"column":3},"end":{"line":177,"column":55}},"87":{"start":{"line":182,"column":0},"end":{"line":246,"column":2}},"88":{"start":{"line":183,"column":1},"end":{"line":183,"column":17}},"89":{"start":{"line":185,"column":1},"end":{"line":245,"column":4}},"90":{"start":{"line":186,"column":2},"end":{"line":186,"column":35}},"91":{"start":{"line":188,"column":2},"end":{"line":200,"column":4}},"92":{"start":{"line":189,"column":3},"end":{"line":199,"column":4}},"93":{"start":{"line":190,"column":4},"end":{"line":190,"column":31}},"94":{"start":{"line":193,"column":4},"end":{"line":198,"column":5}},"95":{"start":{"line":194,"column":5},"end":{"line":197,"column":8}},"96":{"start":{"line":202,"column":2},"end":{"line":202,"column":62}},"97":{"start":{"line":203,"column":2},"end":{"line":203,"column":48}},"98":{"start":{"line":204,"column":2},"end":{"line":204,"column":17}},"99":{"start":{"line":205,"column":2},"end":{"line":205,"column":22}},"100":{"start":{"line":208,"column":2},"end":{"line":244,"column":3}},"101":{"start":{"line":209,"column":3},"end":{"line":209,"column":58}},"102":{"start":{"line":211,"column":3},"end":{"line":213,"column":4}},"103":{"start":{"line":212,"column":4},"end":{"line":212,"column":62}},"104":{"start":{"line":215,"column":3},"end":{"line":215,"column":48}},"105":{"start":{"line":216,"column":3},"end":{"line":216,"column":16}},"106":{"start":{"line":218,"column":9},"end":{"line":244,"column":3}},"107":{"start":{"line":219,"column":3},"end":{"line":219,"column":44}},"108":{"start":{"line":222,"column":3},"end":{"line":222,"column":83}},"109":{"start":{"line":224,"column":3},"end":{"line":241,"column":4}},"110":{"start":{"line":225,"column":4},"end":{"line":225,"column":73}},"111":{"start":{"line":227,"column":4},"end":{"line":227,"column":41}},"112":{"start":{"line":229,"column":4},"end":{"line":229,"column":31}},"113":{"start":{"line":231,"column":4},"end":{"line":235,"column":5}},"114":{"start":{"line":232,"column":5},"end":{"line":234,"column":6}},"115":{"start":{"line":233,"column":6},"end":{"line":233,"column":48}},"116":{"start":{"line":237,"column":4},"end":{"line":237,"column":38}},"117":{"start":{"line":239,"column":4},"end":{"line":239,"column":72}},"118":{"start":{"line":240,"column":4},"end":{"line":240,"column":62}},"119":{"start":{"line":243,"column":3},"end":{"line":243,"column":42}},"120":{"start":{"line":248,"column":0},"end":{"line":264,"column":2}},"121":{"start":{"line":249,"column":1},"end":{"line":249,"column":16}},"122":{"start":{"line":251,"column":1},"end":{"line":257,"column":2}},"123":{"start":{"line":252,"column":2},"end":{"line":256,"column":3}},"124":{"start":{"line":253,"column":3},"end":{"line":253,"column":38}},"125":{"start":{"line":255,"column":3},"end":{"line":255,"column":31}},"126":{"start":{"line":259,"column":1},"end":{"line":259,"column":33}},"127":{"start":{"line":260,"column":1},"end":{"line":260,"column":45}},"128":{"start":{"line":261,"column":1},"end":{"line":261,"column":36}},"129":{"start":{"line":263,"column":1},"end":{"line":263,"column":23}},"130":{"start":{"line":266,"column":0},"end":{"line":273,"column":2}},"131":{"start":{"line":267,"column":1},"end":{"line":267,"column":64}},"132":{"start":{"line":267,"column":53},"end":{"line":267,"column":64}},"133":{"start":{"line":269,"column":1},"end":{"line":272,"column":31}},"134":{"start":{"line":270,"column":2},"end":{"line":270,"column":91}},"135":{"start":{"line":271,"column":2},"end":{"line":271,"column":13}},"136":{"start":{"line":275,"column":0},"end":{"line":285,"column":2}},"137":{"start":{"line":276,"column":1},"end":{"line":276,"column":16}},"138":{"start":{"line":278,"column":1},"end":{"line":282,"column":2}},"139":{"start":{"line":279,"column":2},"end":{"line":281,"column":3}},"140":{"start":{"line":280,"column":3},"end":{"line":280,"column":72}},"141":{"start":{"line":284,"column":1},"end":{"line":284,"column":24}},"142":{"start":{"line":287,"column":0},"end":{"line":295,"column":2}},"143":{"start":{"line":288,"column":1},"end":{"line":288,"column":49}},"144":{"start":{"line":289,"column":1},"end":{"line":289,"column":70}},"145":{"start":{"line":291,"column":1},"end":{"line":294,"column":3}},"146":{"start":{"line":297,"column":0},"end":{"line":301,"column":2}},"147":{"start":{"line":298,"column":1},"end":{"line":300,"column":4}},"148":{"start":{"line":299,"column":2},"end":{"line":299,"column":26}},"149":{"start":{"line":303,"column":0},"end":{"line":309,"column":2}},"150":{"start":{"line":304,"column":1},"end":{"line":304,"column":35}},"151":{"start":{"line":306,"column":1},"end":{"line":308,"column":4}},"152":{"start":{"line":307,"column":2},"end":{"line":307,"column":26}},"153":{"start":{"line":311,"column":0},"end":{"line":315,"column":2}},"154":{"start":{"line":312,"column":1},"end":{"line":314,"column":4}},"155":{"start":{"line":313,"column":2},"end":{"line":313,"column":26}},"156":{"start":{"line":317,"column":0},"end":{"line":321,"column":2}},"157":{"start":{"line":318,"column":1},"end":{"line":320,"column":4}},"158":{"start":{"line":319,"column":2},"end":{"line":319,"column":26}},"159":{"start":{"line":323,"column":0},"end":{"line":327,"column":2}},"160":{"start":{"line":324,"column":1},"end":{"line":326,"column":4}},"161":{"start":{"line":325,"column":2},"end":{"line":325,"column":26}},"162":{"start":{"line":329,"column":0},"end":{"line":333,"column":2}},"163":{"start":{"line":330,"column":1},"end":{"line":332,"column":4}},"164":{"start":{"line":331,"column":2},"end":{"line":331,"column":26}},"165":{"start":{"line":335,"column":0},"end":{"line":339,"column":2}},"166":{"start":{"line":336,"column":1},"end":{"line":338,"column":4}},"167":{"start":{"line":337,"column":2},"end":{"line":337,"column":26}},"168":{"start":{"line":341,"column":0},"end":{"line":345,"column":2}},"169":{"start":{"line":342,"column":1},"end":{"line":344,"column":4}},"170":{"start":{"line":343,"column":2},"end":{"line":343,"column":26}},"171":{"start":{"line":347,"column":0},"end":{"line":351,"column":2}},"172":{"start":{"line":348,"column":1},"end":{"line":350,"column":4}},"173":{"start":{"line":349,"column":2},"end":{"line":349,"column":26}},"174":{"start":{"line":353,"column":0},"end":{"line":357,"column":2}},"175":{"start":{"line":354,"column":1},"end":{"line":356,"column":4}},"176":{"start":{"line":355,"column":2},"end":{"line":355,"column":26}},"177":{"start":{"line":359,"column":0},"end":{"line":359,"column":25}}},"branchMap":{"1":{"line":21,"type":"if","locations":[{"start":{"line":21,"column":1},"end":{"line":21,"column":1}},{"start":{"line":21,"column":1},"end":{"line":21,"column":1}}]},"2":{"line":25,"type":"binary-expr","locations":[{"start":{"line":25,"column":11},"end":{"line":25,"column":18}},{"start":{"line":25,"column":22},"end":{"line":25,"column":24}}]},"3":{"line":47,"type":"binary-expr","locations":[{"start":{"line":47,"column":12},"end":{"line":47,"column":23}},{"start":{"line":47,"column":27},"end":{"line":47,"column":32}}]},"4":{"line":48,"type":"binary-expr","locations":[{"start":{"line":48,"column":16},"end":{"line":48,"column":31}},{"start":{"line":48,"column":35},"end":{"line":48,"column":40}}]},"5":{"line":49,"type":"binary-expr","locations":[{"start":{"line":49,"column":21},"end":{"line":49,"column":41}},{"start":{"line":49,"column":45},"end":{"line":49,"column":49}}]},"6":{"line":51,"type":"binary-expr","locations":[{"start":{"line":51,"column":20},"end":{"line":51,"column":32}},{"start":{"line":51,"column":36},"end":{"line":51,"column":53}}]},"7":{"line":52,"type":"if","locations":[{"start":{"line":52,"column":1},"end":{"line":52,"column":1}},{"start":{"line":52,"column":1},"end":{"line":52,"column":1}}]},"8":{"line":52,"type":"binary-expr","locations":[{"start":{"line":52,"column":5},"end":{"line":52,"column":24}},{"start":{"line":52,"column":28},"end":{"line":52,"column":40}}]},"9":{"line":61,"type":"if","locations":[{"start":{"line":61,"column":1},"end":{"line":61,"column":1}},{"start":{"line":61,"column":1},"end":{"line":61,"column":1}}]},"10":{"line":87,"type":"binary-expr","locations":[{"start":{"line":87,"column":20},"end":{"line":87,"column":24}},{"start":{"line":87,"column":28},"end":{"line":87,"column":45}}]},"11":{"line":92,"type":"if","locations":[{"start":{"line":92,"column":1},"end":{"line":92,"column":1}},{"start":{"line":92,"column":1},"end":{"line":92,"column":1}}]},"12":{"line":99,"type":"if","locations":[{"start":{"line":99,"column":1},"end":{"line":99,"column":1}},{"start":{"line":99,"column":1},"end":{"line":99,"column":1}}]},"13":{"line":108,"type":"if","locations":[{"start":{"line":108,"column":1},"end":{"line":108,"column":1}},{"start":{"line":108,"column":1},"end":{"line":108,"column":1}}]},"14":{"line":116,"type":"if","locations":[{"start":{"line":116,"column":1},"end":{"line":116,"column":1}},{"start":{"line":116,"column":1},"end":{"line":116,"column":1}}]},"15":{"line":126,"type":"if","locations":[{"start":{"line":126,"column":1},"end":{"line":126,"column":1}},{"start":{"line":126,"column":1},"end":{"line":126,"column":1}}]},"16":{"line":130,"type":"if","locations":[{"start":{"line":130,"column":1},"end":{"line":130,"column":1}},{"start":{"line":130,"column":1},"end":{"line":130,"column":1}}]},"17":{"line":132,"type":"cond-expr","locations":[{"start":{"line":132,"column":27},"end":{"line":132,"column":47}},{"start":{"line":132,"column":50},"end":{"line":132,"column":67}}]},"18":{"line":133,"type":"if","locations":[{"start":{"line":133,"column":2},"end":{"line":133,"column":2}},{"start":{"line":133,"column":2},"end":{"line":133,"column":2}}]},"19":{"line":136,"type":"if","locations":[{"start":{"line":136,"column":3},"end":{"line":136,"column":3}},{"start":{"line":136,"column":3},"end":{"line":136,"column":3}}]},"20":{"line":145,"type":"cond-expr","locations":[{"start":{"line":145,"column":26},"end":{"line":145,"column":46}},{"start":{"line":145,"column":49},"end":{"line":145,"column":66}}]},"21":{"line":146,"type":"if","locations":[{"start":{"line":146,"column":1},"end":{"line":146,"column":1}},{"start":{"line":146,"column":1},"end":{"line":146,"column":1}}]},"22":{"line":153,"type":"if","locations":[{"start":{"line":153,"column":1},"end":{"line":153,"column":1}},{"start":{"line":153,"column":1},"end":{"line":153,"column":1}}]},"23":{"line":158,"type":"binary-expr","locations":[{"start":{"line":158,"column":12},"end":{"line":158,"column":20}},{"start":{"line":158,"column":24},"end":{"line":158,"column":31}}]},"24":{"line":159,"type":"cond-expr","locations":[{"start":{"line":159,"column":77},"end":{"line":159,"column":84}},{"start":{"line":159,"column":87},"end":{"line":159,"column":89}}]},"25":{"line":159,"type":"binary-expr","locations":[{"start":{"line":159,"column":11},"end":{"line":159,"column":40}},{"start":{"line":159,"column":44},"end":{"line":159,"column":74}}]},"26":{"line":167,"type":"if","locations":[{"start":{"line":167,"column":2},"end":{"line":167,"column":2}},{"start":{"line":167,"column":2},"end":{"line":167,"column":2}}]},"27":{"line":189,"type":"if","locations":[{"start":{"line":189,"column":3},"end":{"line":189,"column":3}},{"start":{"line":189,"column":3},"end":{"line":189,"column":3}}]},"28":{"line":189,"type":"binary-expr","locations":[{"start":{"line":189,"column":7},"end":{"line":189,"column":28}},{"start":{"line":189,"column":32},"end":{"line":189,"column":51}}]},"29":{"line":193,"type":"if","locations":[{"start":{"line":193,"column":4},"end":{"line":193,"column":4}},{"start":{"line":193,"column":4},"end":{"line":193,"column":4}}]},"30":{"line":193,"type":"binary-expr","locations":[{"start":{"line":193,"column":9},"end":{"line":193,"column":28}},{"start":{"line":193,"column":32},"end":{"line":193,"column":51}},{"start":{"line":193,"column":55},"end":{"line":193,"column":72}},{"start":{"line":193,"column":77},"end":{"line":193,"column":98}}]},"31":{"line":208,"type":"if","locations":[{"start":{"line":208,"column":2},"end":{"line":208,"column":2}},{"start":{"line":208,"column":2},"end":{"line":208,"column":2}}]},"32":{"line":211,"type":"if","locations":[{"start":{"line":211,"column":3},"end":{"line":211,"column":3}},{"start":{"line":211,"column":3},"end":{"line":211,"column":3}}]},"33":{"line":218,"type":"if","locations":[{"start":{"line":218,"column":9},"end":{"line":218,"column":9}},{"start":{"line":218,"column":9},"end":{"line":218,"column":9}}]},"34":{"line":224,"type":"if","locations":[{"start":{"line":224,"column":3},"end":{"line":224,"column":3}},{"start":{"line":224,"column":3},"end":{"line":224,"column":3}}]},"35":{"line":232,"type":"if","locations":[{"start":{"line":232,"column":5},"end":{"line":232,"column":5}},{"start":{"line":232,"column":5},"end":{"line":232,"column":5}}]},"36":{"line":251,"type":"if","locations":[{"start":{"line":251,"column":1},"end":{"line":251,"column":1}},{"start":{"line":251,"column":1},"end":{"line":251,"column":1}}]},"37":{"line":252,"type":"if","locations":[{"start":{"line":252,"column":2},"end":{"line":252,"column":2}},{"start":{"line":252,"column":2},"end":{"line":252,"column":2}}]},"38":{"line":267,"type":"if","locations":[{"start":{"line":267,"column":1},"end":{"line":267,"column":1}},{"start":{"line":267,"column":1},"end":{"line":267,"column":1}}]},"39":{"line":267,"type":"binary-expr","locations":[{"start":{"line":267,"column":5},"end":{"line":267,"column":24}},{"start":{"line":267,"column":28},"end":{"line":267,"column":51}}]},"40":{"line":270,"type":"cond-expr","locations":[{"start":{"line":270,"column":50},"end":{"line":270,"column":65}},{"start":{"line":270,"column":68},"end":{"line":270,"column":90}}]},"41":{"line":272,"type":"cond-expr","locations":[{"start":{"line":272,"column":24},"end":{"line":272,"column":26}},{"start":{"line":272,"column":27},"end":{"line":272,"column":29}}]},"42":{"line":279,"type":"if","locations":[{"start":{"line":279,"column":2},"end":{"line":279,"column":2}},{"start":{"line":279,"column":2},"end":{"line":279,"column":2}}]}}},"/Users/tobias/GitHub/lisk-js/lib/api/parseTransaction.js":{"path":"/Users/tobias/GitHub/lisk-js/lib/api/parseTransaction.js","s":{"1":1,"2":1,"3":1,"4":1,"5":1,"6":1,"7":1,"8":1,"9":1,"10":1,"11":24,"12":12,"13":12,"14":12,"15":12,"16":12,"17":12,"18":1,"19":12,"20":2,"21":0,"22":12,"23":12,"24":12,"25":1,"26":11,"27":12,"28":1,"29":16,"30":16,"31":16,"32":16,"33":16,"34":2,"35":2,"36":0,"37":3,"38":3,"39":3,"40":3,"41":3,"42":3,"43":3,"44":3,"45":3,"46":3,"47":3,"48":3,"49":0,"50":0,"51":0,"52":0,"53":16,"54":1,"55":3,"56":3,"57":3,"58":3,"59":3,"60":3,"61":1,"62":1,"63":1,"64":1,"65":1,"66":0,"67":0,"68":0,"69":0,"70":0,"71":0,"72":0,"73":0,"74":0,"75":0,"76":0,"77":0,"78":1,"79":0,"80":0,"81":0,"82":0,"83":0,"84":3,"85":1},"b":{"1":[12,12],"2":[2,10],"3":[12,11],"4":[0,2],"5":[2,2],"6":[1,11],"7":[16,0],"8":[16,16],"9":[3,0],"10":[1,0]},"f":{"1":24,"2":12,"3":16,"4":2,"5":2,"6":0,"7":3,"8":3,"9":3,"10":3,"11":0,"12":3,"13":1,"14":1,"15":0,"16":0,"17":0,"18":0,"19":0,"20":0,"21":0,"22":0,"23":0,"24":0,"25":1,"26":0,"27":0},"fnMap":{"1":{"name":"ParseOfflineRequest","line":26,"loc":{"start":{"line":26,"column":0},"end":{"line":26,"column":52}}},"2":{"name":"(anonymous_2)","line":39,"loc":{"start":{"line":39,"column":49},"end":{"line":39,"column":72}}},"3":{"name":"(anonymous_3)","line":74,"loc":{"start":{"line":74,"column":58},"end":{"line":74,"column":70}}},"4":{"name":"(anonymous_4)","line":82,"loc":{"start":{"line":82,"column":19},"end":{"line":82,"column":31}}},"5":{"name":"(anonymous_5)","line":88,"loc":{"start":{"line":88,"column":32},"end":{"line":88,"column":44}}},"6":{"name":"(anonymous_6)","line":100,"loc":{"start":{"line":100,"column":26},"end":{"line":100,"column":38}}},"7":{"name":"(anonymous_7)","line":106,"loc":{"start":{"line":106,"column":24},"end":{"line":106,"column":36}}},"8":{"name":"(anonymous_8)","line":116,"loc":{"start":{"line":116,"column":18},"end":{"line":116,"column":30}}},"9":{"name":"(anonymous_9)","line":127,"loc":{"start":{"line":127,"column":16},"end":{"line":127,"column":28}}},"10":{"name":"(anonymous_10)","line":138,"loc":{"start":{"line":138,"column":15},"end":{"line":138,"column":27}}},"11":{"name":"(anonymous_11)","line":149,"loc":{"start":{"line":149,"column":11},"end":{"line":149,"column":23}}},"12":{"name":"(anonymous_12)","line":176,"loc":{"start":{"line":176,"column":55},"end":{"line":176,"column":80}}},"13":{"name":"(anonymous_13)","line":186,"loc":{"start":{"line":186,"column":19},"end":{"line":186,"column":31}}},"14":{"name":"(anonymous_14)","line":206,"loc":{"start":{"line":206,"column":32},"end":{"line":206,"column":44}}},"15":{"name":"(anonymous_15)","line":213,"loc":{"start":{"line":213,"column":30},"end":{"line":213,"column":42}}},"16":{"name":"(anonymous_16)","line":219,"loc":{"start":{"line":219,"column":31},"end":{"line":219,"column":43}}},"17":{"name":"(anonymous_17)","line":225,"loc":{"start":{"line":225,"column":19},"end":{"line":225,"column":31}}},"18":{"name":"(anonymous_18)","line":231,"loc":{"start":{"line":231,"column":21},"end":{"line":231,"column":33}}},"19":{"name":"(anonymous_19)","line":237,"loc":{"start":{"line":237,"column":18},"end":{"line":237,"column":30}}},"20":{"name":"(anonymous_20)","line":243,"loc":{"start":{"line":243,"column":16},"end":{"line":243,"column":28}}},"21":{"name":"(anonymous_21)","line":249,"loc":{"start":{"line":249,"column":26},"end":{"line":249,"column":38}}},"22":{"name":"(anonymous_22)","line":255,"loc":{"start":{"line":255,"column":24},"end":{"line":255,"column":36}}},"23":{"name":"(anonymous_23)","line":260,"loc":{"start":{"line":260,"column":18},"end":{"line":260,"column":30}}},"24":{"name":"(anonymous_24)","line":265,"loc":{"start":{"line":265,"column":16},"end":{"line":265,"column":28}}},"25":{"name":"(anonymous_25)","line":270,"loc":{"start":{"line":270,"column":15},"end":{"line":270,"column":27}}},"26":{"name":"(anonymous_26)","line":275,"loc":{"start":{"line":275,"column":11},"end":{"line":275,"column":23}}},"27":{"name":"(anonymous_27)","line":280,"loc":{"start":{"line":280,"column":21},"end":{"line":280,"column":33}}}},"statementMap":{"1":{"start":{"line":16,"column":0},"end":{"line":16,"column":16}},"2":{"start":{"line":17,"column":0},"end":{"line":17,"column":50}},"3":{"start":{"line":18,"column":0},"end":{"line":18,"column":46}},"4":{"start":{"line":19,"column":0},"end":{"line":19,"column":66}},"5":{"start":{"line":20,"column":0},"end":{"line":20,"column":56}},"6":{"start":{"line":21,"column":0},"end":{"line":21,"column":54}},"7":{"start":{"line":22,"column":0},"end":{"line":22,"column":60}},"8":{"start":{"line":23,"column":0},"end":{"line":23,"column":54}},"9":{"start":{"line":24,"column":0},"end":{"line":24,"column":46}},"10":{"start":{"line":26,"column":0},"end":{"line":37,"column":1}},"11":{"start":{"line":27,"column":1},"end":{"line":29,"column":2}},"12":{"start":{"line":28,"column":2},"end":{"line":28,"column":55}},"13":{"start":{"line":31,"column":1},"end":{"line":31,"column":32}},"14":{"start":{"line":32,"column":1},"end":{"line":32,"column":24}},"15":{"start":{"line":33,"column":1},"end":{"line":33,"column":57}},"16":{"start":{"line":34,"column":1},"end":{"line":34,"column":18}},"17":{"start":{"line":36,"column":1},"end":{"line":36,"column":13}},"18":{"start":{"line":39,"column":0},"end":{"line":72,"column":2}},"19":{"start":{"line":40,"column":1},"end":{"line":44,"column":2}},"20":{"start":{"line":41,"column":2},"end":{"line":43,"column":3}},"21":{"start":{"line":42,"column":3},"end":{"line":42,"column":35}},"22":{"start":{"line":46,"column":1},"end":{"line":46,"column":19}},"23":{"start":{"line":47,"column":1},"end":{"line":63,"column":3}},"24":{"start":{"line":65,"column":1},"end":{"line":69,"column":2}},"25":{"start":{"line":66,"column":2},"end":{"line":66,"column":24}},"26":{"start":{"line":68,"column":2},"end":{"line":68,"column":53}},"27":{"start":{"line":71,"column":1},"end":{"line":71,"column":22}},"28":{"start":{"line":74,"column":0},"end":{"line":174,"column":2}},"29":{"start":{"line":75,"column":1},"end":{"line":78,"column":2}},"30":{"start":{"line":76,"column":2},"end":{"line":76,"column":66}},"31":{"start":{"line":77,"column":2},"end":{"line":77,"column":71}},"32":{"start":{"line":80,"column":1},"end":{"line":80,"column":31}},"33":{"start":{"line":81,"column":1},"end":{"line":171,"column":3}},"34":{"start":{"line":83,"column":3},"end":{"line":86,"column":5}},"35":{"start":{"line":89,"column":3},"end":{"line":92,"column":5}},"36":{"start":{"line":101,"column":3},"end":{"line":104,"column":5}},"37":{"start":{"line":107,"column":3},"end":{"line":107,"column":168}},"38":{"start":{"line":108,"column":3},"end":{"line":108,"column":47}},"39":{"start":{"line":110,"column":3},"end":{"line":114,"column":5}},"40":{"start":{"line":117,"column":3},"end":{"line":117,"column":221}},"41":{"start":{"line":119,"column":3},"end":{"line":119,"column":47}},"42":{"start":{"line":121,"column":3},"end":{"line":125,"column":5}},"43":{"start":{"line":128,"column":3},"end":{"line":128,"column":136}},"44":{"start":{"line":130,"column":3},"end":{"line":130,"column":47}},"45":{"start":{"line":132,"column":3},"end":{"line":136,"column":5}},"46":{"start":{"line":139,"column":3},"end":{"line":139,"column":174}},"47":{"start":{"line":141,"column":3},"end":{"line":141,"column":47}},"48":{"start":{"line":143,"column":3},"end":{"line":147,"column":5}},"49":{"start":{"line":150,"column":3},"end":{"line":158,"column":5}},"50":{"start":{"line":160,"column":3},"end":{"line":160,"column":139}},"51":{"start":{"line":162,"column":3},"end":{"line":162,"column":47}},"52":{"start":{"line":164,"column":3},"end":{"line":168,"column":5}},"53":{"start":{"line":173,"column":1},"end":{"line":173,"column":50}},"54":{"start":{"line":176,"column":0},"end":{"line":294,"column":2}},"55":{"start":{"line":177,"column":1},"end":{"line":180,"column":2}},"56":{"start":{"line":178,"column":2},"end":{"line":178,"column":66}},"57":{"start":{"line":179,"column":2},"end":{"line":179,"column":71}},"58":{"start":{"line":182,"column":1},"end":{"line":182,"column":21}},"59":{"start":{"line":183,"column":1},"end":{"line":183,"column":31}},"60":{"start":{"line":185,"column":1},"end":{"line":291,"column":3}},"61":{"start":{"line":187,"column":3},"end":{"line":202,"column":4}},"62":{"start":{"line":188,"column":4},"end":{"line":201,"column":6}},"63":{"start":{"line":204,"column":3},"end":{"line":204,"column":26}},"64":{"start":{"line":207,"column":3},"end":{"line":210,"column":5}},"65":{"start":{"line":211,"column":3},"end":{"line":211,"column":26}},"66":{"start":{"line":214,"column":3},"end":{"line":217,"column":5}},"67":{"start":{"line":220,"column":3},"end":{"line":223,"column":5}},"68":{"start":{"line":226,"column":3},"end":{"line":229,"column":5}},"69":{"start":{"line":232,"column":3},"end":{"line":235,"column":5}},"70":{"start":{"line":238,"column":3},"end":{"line":241,"column":5}},"71":{"start":{"line":244,"column":3},"end":{"line":247,"column":5}},"72":{"start":{"line":250,"column":3},"end":{"line":250,"column":50}},"73":{"start":{"line":252,"column":3},"end":{"line":252,"column":125}},"74":{"start":{"line":253,"column":3},"end":{"line":253,"column":34}},"75":{"start":{"line":256,"column":3},"end":{"line":258,"column":5}},"76":{"start":{"line":261,"column":3},"end":{"line":263,"column":5}},"77":{"start":{"line":266,"column":3},"end":{"line":268,"column":5}},"78":{"start":{"line":271,"column":3},"end":{"line":273,"column":5}},"79":{"start":{"line":276,"column":3},"end":{"line":278,"column":5}},"80":{"start":{"line":281,"column":3},"end":{"line":281,"column":43}},"81":{"start":{"line":283,"column":3},"end":{"line":283,"column":269}},"82":{"start":{"line":284,"column":3},"end":{"line":284,"column":35}},"83":{"start":{"line":286,"column":3},"end":{"line":289,"column":5}},"84":{"start":{"line":293,"column":1},"end":{"line":293,"column":50}},"85":{"start":{"line":296,"column":0},"end":{"line":296,"column":37}}},"branchMap":{"1":{"line":27,"type":"if","locations":[{"start":{"line":27,"column":1},"end":{"line":27,"column":1}},{"start":{"line":27,"column":1},"end":{"line":27,"column":1}}]},"2":{"line":40,"type":"if","locations":[{"start":{"line":40,"column":1},"end":{"line":40,"column":1}},{"start":{"line":40,"column":1},"end":{"line":40,"column":1}}]},"3":{"line":40,"type":"binary-expr","locations":[{"start":{"line":40,"column":5},"end":{"line":40,"column":35}},{"start":{"line":40,"column":39},"end":{"line":40,"column":75}}]},"4":{"line":41,"type":"if","locations":[{"start":{"line":41,"column":2},"end":{"line":41,"column":2}},{"start":{"line":41,"column":2},"end":{"line":41,"column":2}}]},"5":{"line":41,"type":"binary-expr","locations":[{"start":{"line":41,"column":6},"end":{"line":41,"column":18}},{"start":{"line":41,"column":22},"end":{"line":41,"column":60}}]},"6":{"line":65,"type":"if","locations":[{"start":{"line":65,"column":1},"end":{"line":65,"column":1}},{"start":{"line":65,"column":1},"end":{"line":65,"column":1}}]},"7":{"line":75,"type":"if","locations":[{"start":{"line":75,"column":1},"end":{"line":75,"column":1}},{"start":{"line":75,"column":1},"end":{"line":75,"column":1}}]},"8":{"line":75,"type":"binary-expr","locations":[{"start":{"line":75,"column":5},"end":{"line":75,"column":17}},{"start":{"line":75,"column":21},"end":{"line":75,"column":58}}]},"9":{"line":177,"type":"if","locations":[{"start":{"line":177,"column":1},"end":{"line":177,"column":1}},{"start":{"line":177,"column":1},"end":{"line":177,"column":1}}]},"10":{"line":187,"type":"if","locations":[{"start":{"line":187,"column":3},"end":{"line":187,"column":3}},{"start":{"line":187,"column":3},"end":{"line":187,"column":3}}]}}},"/Users/tobias/GitHub/lisk-js/lib/transactions/transfer.js":{"path":"/Users/tobias/GitHub/lisk-js/lib/transactions/transfer.js","s":{"1":1,"2":1,"3":1,"4":1,"5":0,"6":0,"7":0,"8":0,"9":0,"10":0,"11":0,"12":0,"13":1},"b":{"1":[0,0]},"f":{"1":0},"fnMap":{"1":{"name":"createTransfer","line":33,"loc":{"start":{"line":33,"column":0},"end":{"line":33,"column":55}}}},"statementMap":{"1":{"start":{"line":20,"column":0},"end":{"line":20,"column":41}},"2":{"start":{"line":21,"column":0},"end":{"line":21,"column":45}},"3":{"start":{"line":22,"column":0},"end":{"line":22,"column":46}},"4":{"start":{"line":33,"column":0},"end":{"line":59,"column":1}},"5":{"start":{"line":34,"column":1},"end":{"line":34,"column":35}},"6":{"start":{"line":36,"column":1},"end":{"line":48,"column":3}},"7":{"start":{"line":50,"column":1},"end":{"line":50,"column":32}},"8":{"start":{"line":52,"column":1},"end":{"line":55,"column":2}},"9":{"start":{"line":53,"column":2},"end":{"line":53,"column":48}},"10":{"start":{"line":54,"column":2},"end":{"line":54,"column":45}},"11":{"start":{"line":57,"column":1},"end":{"line":57,"column":44}},"12":{"start":{"line":58,"column":1},"end":{"line":58,"column":20}},"13":{"start":{"line":61,"column":0},"end":{"line":63,"column":2}}},"branchMap":{"1":{"line":52,"type":"if","locations":[{"start":{"line":52,"column":1},"end":{"line":52,"column":1}},{"start":{"line":52,"column":1},"end":{"line":52,"column":1}}]}}}}