TN:
SF:/Users/tobias/GitHub/lisk-js/index.js
FN:11,(anonymous_1)
FNF:1
FNH:1
FNDA:1,(anonymous_1)
DA:7,1
DA:8,1
DA:10,1
DA:11,1
DA:12,1
DA:15,1
DA:29,1
LF:7
LH:7
BRDA:7,1,0,1
BRDA:7,1,1,0
BRF:2
BRH:1
end_of_record
TN:
SF:/Users/tobias/GitHub/lisk-js/lib/transactions/crypto.js
FN:42,getTransactionBytes
FN:49,isSendTransaction
FN:61,isSignatureTransaction
FN:84,isDelegateTransaction
FN:96,isVoteTransaction
FN:110,isMultisignatureTransaction
FN:137,isDappTransaction
FN:179,isDappTransferTransaction
FN:217,createTransactionBuffer
FN:218,assignHexToTransactionBytes
FN:233,createEmptyTransactionBuffer
FN:263,assignTransactionBuffer
FN:333,getBytes
FN:344,getId
FN:362,getHash
FN:373,getFee
FN:385,sign
FN:404,secondSign
FN:418,multiSign
FN:433,verify
FN:464,verifySecondSignature
FN:488,getKeys
FN:505,getAddress
FNF:23
FNH:23
FNDA:98,getTransactionBytes
FNDA:34,isSendTransaction
FNDA:10,isSignatureTransaction
FNDA:13,isDelegateTransaction
FNDA:13,isVoteTransaction
FNDA:14,isMultisignatureTransaction
FNDA:9,isDappTransaction
FNDA:5,isDappTransferTransaction
FNDA:98,createTransactionBuffer
FNDA:190,assignHexToTransactionBytes
FNDA:98,createEmptyTransactionBuffer
FNDA:98,assignTransactionBuffer
FNDA:98,getBytes
FNDA:33,getId
FNDA:41,getHash
FNDA:5,getFee
FNDA:32,sign
FNDA:8,secondSign
FNDA:4,multiSign
FNDA:11,verify
FNDA:7,verifySecondSignature
FNDA:105,getKeys
FNDA:53,getAddress
DA:20,1
DA:21,1
DA:23,1
DA:24,1
DA:34,1
DA:42,1
DA:49,1
DA:50,34
DA:61,1
DA:62,10
DA:63,10
DA:64,10
DA:66,10
DA:67,320
DA:70,10
DA:71,10
DA:73,10
DA:84,1
DA:85,13
DA:96,1
DA:97,13
DA:99,13
DA:110,1
DA:111,14
DA:112,14
DA:113,14
DA:115,14
DA:116,14
DA:117,14
DA:118,14
DA:119,901
DA:121,14
DA:123,14
DA:124,14
DA:126,14
DA:137,1
DA:138,9
DA:139,9
DA:140,9
DA:141,9
DA:143,9
DA:144,9
DA:145,9
DA:148,9
DA:149,9
DA:150,9
DA:153,9
DA:154,9
DA:157,9
DA:158,9
DA:161,9
DA:162,9
DA:163,9
DA:164,9
DA:166,9
DA:168,9
DA:179,1
DA:180,5
DA:181,5
DA:182,5
DA:184,5
DA:197,98
DA:207,98
DA:217,1
DA:218,1
DA:219,190
DA:220,190
DA:221,8777
DA:223,190
DA:233,1
DA:234,98
DA:244,98
DA:246,98
DA:247,686
DA:248,686
DA:252,98
DA:263,1
DA:264,98
DA:265,98
DA:267,98
DA:269,98
DA:270,5
DA:273,98
DA:274,47
DA:275,47
DA:277,47
DA:278,376
DA:281,51
DA:282,408
DA:286,98
DA:288,98
DA:289,64
DA:290,4039
DA:294,98
DA:295,94
DA:296,62
DA:299,94
DA:300,25
DA:304,98
DA:305,98
DA:306,98
DA:308,98
DA:309,14874
DA:312,98
DA:316,98
DA:317,98
DA:318,98
DA:320,98
DA:321,98
DA:323,98
DA:333,1
DA:334,98
DA:344,1
DA:345,33
DA:346,33
DA:347,33
DA:348,264
DA:351,33
DA:352,33
DA:362,1
DA:363,41
DA:373,1
DA:374,5
DA:385,1
DA:386,32
DA:387,32
DA:389,32
DA:390,32
DA:392,0
DA:404,1
DA:405,8
DA:406,8
DA:407,8
DA:418,1
DA:419,4
DA:420,4
DA:421,4
DA:423,4
DA:433,1
DA:434,11
DA:436,11
DA:437,9
DA:440,11
DA:441,11
DA:443,11
DA:444,1141
DA:447,11
DA:449,11
DA:450,11
DA:451,11
DA:453,11
DA:464,1
DA:465,7
DA:466,7
DA:468,7
DA:469,1361
DA:472,7
DA:474,7
DA:475,7
DA:476,7
DA:478,7
DA:488,1
DA:489,105
DA:490,105
DA:492,105
DA:505,1
DA:506,53
DA:507,53
DA:509,53
DA:510,424
DA:513,53
DA:514,53
DA:517,1
DA:519,1
LF:174
LH:173
BRDA:97,1,0,13
BRDA:97,1,1,0
BRDA:101,2,0,13
BRDA:101,2,1,0
BRDA:143,3,0,9
BRDA:143,3,1,0
BRDA:148,4,0,9
BRDA:148,4,1,0
BRDA:153,5,0,9
BRDA:153,5,1,0
BRDA:157,6,0,9
BRDA:157,6,1,0
BRDA:247,7,0,686
BRDA:247,7,1,0
BRDA:269,8,0,5
BRDA:269,8,1,93
BRDA:273,9,0,47
BRDA:273,9,1,51
BRDA:278,10,0,376
BRDA:278,10,1,40
BRDA:288,11,0,64
BRDA:288,11,1,34
BRDA:294,12,0,94
BRDA:294,12,1,4
BRDA:295,13,0,62
BRDA:295,13,1,32
BRDA:299,14,0,25
BRDA:299,14,1,69
BRDA:389,15,0,32
BRDA:389,15,1,0
BRDA:436,16,0,9
BRDA:436,16,1,2
BRF:32
BRH:24
end_of_record
TN:
SF:/Users/tobias/GitHub/lisk-js/lib/constants.js
FNF:0
FNH:0
DA:9,1
LF:1
LH:1
BRF:0
BRH:0
end_of_record
TN:
SF:/Users/tobias/GitHub/lisk-js/lib/transactions/crypto/index.js
FNF:0
FNH:0
DA:1,1
DA:2,1
DA:3,1
DA:4,1
DA:6,1
LF:5
LH:5
BRF:0
BRH:0
end_of_record
TN:
SF:/Users/tobias/GitHub/lisk-js/lib/transactions/crypto/convert.js
FN:19,bufferToHex
FN:23,hexToBuffer
FN:28,useFirstEightBufferEntriesReversed
FN:38,toAddress
FNF:4
FNH:4
FNDA:40,bufferToHex
FNDA:12,hexToBuffer
FNDA:2,useFirstEightBufferEntriesReversed
FNDA:1,toAddress
DA:16,1
DA:17,1
DA:19,1
DA:20,40
DA:23,1
DA:24,12
DA:28,1
DA:29,2
DA:31,2
DA:32,16
DA:35,2
DA:38,1
DA:39,1
DA:42,1
LF:14
LH:14
BRF:0
BRH:0
end_of_record
TN:
SF:/Users/tobias/GitHub/lisk-js/lib/transactions/crypto/sign.js
FN:20,signMessageWithSecret
FN:30,signAndPrintMessage
FN:47,printSignedMessage
FN:64,verifyMessageWithPublicKey
FN:83,convertPublicKeyEd2Curve
FN:87,convertPrivateKeyEd2Curve
FN:91,encryptMessageWithSecret
FN:108,decryptMessageWithSecret
FNF:8
FNH:8
FNDA:5,signMessageWithSecret
FNDA:1,signAndPrintMessage
FNDA:1,printSignedMessage
FNDA:3,verifyMessageWithPublicKey
FNDA:4,convertPublicKeyEd2Curve
FNDA:4,convertPrivateKeyEd2Curve
FNDA:2,encryptMessageWithSecret
FNDA:1,decryptMessageWithSecret
DA:16,1
DA:17,1
DA:18,1
DA:20,1
DA:21,5
DA:22,5
DA:24,5
DA:25,5
DA:27,5
DA:30,1
DA:31,1
DA:32,1
DA:33,1
DA:34,1
DA:35,1
DA:36,1
DA:37,1
DA:38,1
DA:40,1
DA:44,1
DA:47,1
DA:48,1
DA:49,1
DA:50,1
DA:51,1
DA:52,1
DA:53,1
DA:54,1
DA:55,1
DA:57,1
DA:61,1
DA:64,1
DA:65,3
DA:66,3
DA:68,3
DA:69,1
DA:73,2
DA:75,2
DA:77,1
DA:79,1
DA:83,1
DA:84,4
DA:87,1
DA:88,4
DA:91,1
DA:92,2
DA:93,2
DA:94,2
DA:96,2
DA:97,2
DA:99,2
DA:100,2
DA:102,2
DA:108,1
DA:109,1
DA:110,1
DA:111,1
DA:112,1
DA:114,1
DA:116,1
DA:119,1
LF:61
LH:61
BRDA:68,1,0,1
BRDA:68,1,1,2
BRDA:75,2,0,1
BRDA:75,2,1,1
BRF:4
BRH:4
end_of_record
TN:
SF:/Users/tobias/GitHub/lisk-js/lib/transactions/crypto/keys.js
FN:22,getPrivateAndPublicKeyFromSecret
FN:32,getRawPrivateAndPublicKeyFromSecret
FN:42,getAddressFromPublicKey
FNF:3
FNH:3
FNDA:12,getPrivateAndPublicKeyFromSecret
FNDA:11,getRawPrivateAndPublicKeyFromSecret
FNDA:1,getAddressFromPublicKey
DA:16,1
DA:17,1
DA:19,1
DA:20,1
DA:22,1
DA:23,12
DA:24,12
DA:26,12
DA:32,1
DA:33,11
DA:34,11
DA:36,11
DA:42,1
DA:43,1
DA:45,1
DA:46,1
DA:48,1
DA:51,1
LF:18
LH:18
BRF:0
BRH:0
end_of_record
TN:
SF:/Users/tobias/GitHub/lisk-js/lib/transactions/crypto/hash.js
FN:20,getSha256Hash
FNF:1
FNH:1
FNDA:27,getSha256Hash
DA:20,1
DA:21,27
DA:22,2
DA:23,25
DA:24,23
DA:25,2
DA:26,2
DA:29,27
DA:33,1
LF:9
LH:9
BRDA:21,1,0,2
BRDA:21,1,1,25
BRDA:23,2,0,23
BRDA:23,2,1,2
BRDA:25,3,0,2
BRDA:25,3,1,0
BRF:6
BRH:5
end_of_record
TN:
SF:/Users/tobias/GitHub/lisk-js/lib/transactions/dapp.js
FN:33,createDapp
FNF:1
FNH:1
FNDA:2,createDapp
DA:20,1
DA:21,1
DA:22,1
DA:33,1
DA:34,2
DA:36,2
DA:56,2
DA:58,2
DA:59,1
DA:60,1
DA:63,2
DA:64,2
DA:67,1
LF:13
LH:13
BRDA:58,1,0,1
BRDA:58,1,1,1
BRF:2
BRH:2
end_of_record
TN:
SF:/Users/tobias/GitHub/lisk-js/lib/time/slots.js
FN:23,beginEpochTime
FN:33,getEpochTime
FN:67,getTime
FN:77,getRealTime
FN:92,getSlotNumber
FN:106,getSlotTime
FN:115,getNextSlot
FN:126,getLastSlot
FNF:8
FNH:8
FNDA:38,beginEpochTime
FNDA:36,getEpochTime
FNDA:36,getTime
FNDA:2,getRealTime
FNDA:3,getSlotNumber
FNDA:1,getSlotTime
FNDA:2,getNextSlot
FNDA:1,getLastSlot
DA:23,1
DA:24,38
DA:33,1
DA:34,36
DA:35,35
DA:37,36
DA:38,36
DA:39,36
DA:58,1
DA:67,1
DA:68,36
DA:77,1
DA:78,2
DA:79,1
DA:81,2
DA:82,2
DA:83,2
DA:92,1
DA:93,3
DA:94,2
DA:97,3
DA:106,1
DA:107,1
DA:115,1
DA:116,2
DA:118,2
DA:126,1
DA:127,1
DA:130,1
LF:29
LH:29
BRDA:34,1,0,35
BRDA:34,1,1,1
BRDA:78,2,0,1
BRDA:78,2,1,1
BRDA:93,3,0,2
BRDA:93,3,1,1
BRF:6
BRH:6
end_of_record
TN:
SF:/Users/tobias/GitHub/lisk-js/lib/transactions/delegate.js
FN:33,createDelegate
FNF:1
FNH:1
FNDA:4,createDelegate
DA:20,1
DA:21,1
DA:22,1
DA:33,1
DA:34,4
DA:36,4
DA:51,4
DA:53,4
DA:54,1
DA:55,1
DA:58,4
DA:59,4
DA:62,1
LF:13
LH:13
BRDA:53,1,0,1
BRDA:53,1,1,3
BRF:2
BRH:2
end_of_record
TN:
SF:/Users/tobias/GitHub/lisk-js/lib/transactions/multisignature.js
FN:35,createTransaction
FN:73,signTransaction
FN:91,createMultisignature
FNF:3
FNH:3
FNDA:2,createTransaction
FNDA:4,signTransaction
FNDA:5,createMultisignature
DA:20,1
DA:21,1
DA:22,1
DA:35,1
DA:37,2
DA:46,2
DA:47,2
DA:49,2
DA:52,2
DA:54,2
DA:55,1
DA:56,1
DA:59,2
DA:60,2
DA:62,2
DA:73,1
DA:74,4
DA:75,4
DA:77,4
DA:91,1
DA:92,5
DA:94,5
DA:96,5
DA:112,5
DA:114,5
DA:115,1
DA:116,1
DA:119,5
DA:120,5
DA:123,1
LF:30
LH:30
BRDA:49,1,0,2
BRDA:49,1,1,1
BRDA:54,2,0,1
BRDA:54,2,1,1
BRDA:114,3,0,1
BRDA:114,3,1,4
BRF:6
BRH:6
end_of_record
TN:
SF:/Users/tobias/GitHub/lisk-js/lib/transactions/signature.js
FN:31,newSignature
FN:49,createSignature
FNF:2
FNH:2
FNDA:5,newSignature
FNDA:5,createSignature
DA:20,1
DA:21,1
DA:22,1
DA:31,1
DA:32,5
DA:34,5
DA:38,5
DA:49,1
DA:50,5
DA:52,5
DA:53,5
DA:65,5
DA:66,5
DA:68,5
DA:71,1
LF:15
LH:15
BRF:0
BRH:0
end_of_record
TN:
SF:/Users/tobias/GitHub/lisk-js/lib/transactions/transaction.js
FN:34,createTransaction
FNF:1
FNH:1
FNDA:8,createTransaction
DA:20,1
DA:21,1
DA:22,1
DA:34,1
DA:35,8
DA:44,8
DA:45,8
DA:47,8
DA:49,8
DA:50,2
DA:51,2
DA:54,8
DA:55,8
DA:58,1
LF:14
LH:14
BRDA:49,1,0,2
BRDA:49,1,1,6
BRF:2
BRH:2
end_of_record
TN:
SF:/Users/tobias/GitHub/lisk-js/lib/transactions/transfer.js
FN:33,createTransfer
FNF:1
FNH:1
FNDA:2,createTransfer
DA:20,1
DA:21,1
DA:22,1
DA:33,1
DA:34,2
DA:36,2
DA:50,2
DA:52,2
DA:53,1
DA:54,1
DA:57,2
DA:58,2
DA:61,1
LF:13
LH:13
BRDA:52,1,0,1
BRDA:52,1,1,1
BRF:2
BRH:2
end_of_record
TN:
SF:/Users/tobias/GitHub/lisk-js/lib/transactions/vote.js
FN:33,createVote
FNF:1
FNH:1
FNDA:4,createVote
DA:20,1
DA:21,1
DA:22,1
DA:33,1
DA:34,4
DA:36,4
DA:48,4
DA:50,4
DA:51,1
DA:52,1
DA:55,4
DA:57,4
DA:60,1
LF:13
LH:13
BRDA:50,1,0,1
BRDA:50,1,1,3
BRF:2
BRH:2
end_of_record
TN:
SF:/Users/tobias/GitHub/lisk-js/lib/api/liskApi.js
FN:46,LiskAPI
FN:90,(anonymous_2)
FN:106,(anonymous_3)
FN:108,(anonymous_4)
FN:109,(anonymous_5)
FN:110,(anonymous_6)
FN:120,(anonymous_7)
FN:130,(anonymous_8)
FN:149,(anonymous_9)
FN:166,(anonymous_10)
FN:171,(anonymous_11)
FN:179,(anonymous_12)
FN:181,(anonymous_13)
FN:183,(anonymous_14)
FN:185,(anonymous_15)
FN:209,(anonymous_16)
FN:227,(anonymous_17)
FN:228,(anonymous_18)
FN:241,(anonymous_19)
FN:255,(anonymous_20)
FN:256,(anonymous_21)
FN:269,(anonymous_22)
FN:272,(anonymous_23)
FN:285,(anonymous_24)
FN:286,(anonymous_25)
FN:299,(anonymous_26)
FN:300,(anonymous_27)
FN:313,(anonymous_28)
FN:314,(anonymous_29)
FN:327,(anonymous_30)
FN:328,(anonymous_31)
FN:343,(anonymous_32)
FN:346,(anonymous_33)
FN:359,(anonymous_34)
FN:360,(anonymous_35)
FN:373,(anonymous_36)
FN:374,(anonymous_37)
FN:387,(anonymous_38)
FN:388,(anonymous_39)
FN:404,(anonymous_40)
FN:405,(anonymous_41)
FN:417,(anonymous_42)
FN:418,(anonymous_43)
FN:431,(anonymous_44)
FN:432,(anonymous_45)
FN:437,(anonymous_46)
FN:446,(anonymous_47)
FNF:47
FNH:47
FNDA:82,LiskAPI
FNDA:43,(anonymous_2)
FNDA:4,(anonymous_3)
FNDA:32,(anonymous_4)
FNDA:32,(anonymous_5)
FNDA:4,(anonymous_6)
FNDA:4,(anonymous_7)
FNDA:5,(anonymous_8)
FNDA:2,(anonymous_9)
FNDA:14,(anonymous_10)
FNDA:9,(anonymous_11)
FNDA:9,(anonymous_12)
FNDA:3,(anonymous_13)
FNDA:3,(anonymous_14)
FNDA:2,(anonymous_15)
FNDA:1,(anonymous_16)
FNDA:2,(anonymous_17)
FNDA:2,(anonymous_18)
FNDA:1,(anonymous_19)
FNDA:1,(anonymous_20)
FNDA:1,(anonymous_21)
FNDA:1,(anonymous_22)
FNDA:1,(anonymous_23)
FNDA:1,(anonymous_24)
FNDA:1,(anonymous_25)
FNDA:1,(anonymous_26)
FNDA:1,(anonymous_27)
FNDA:1,(anonymous_28)
FNDA:1,(anonymous_29)
FNDA:1,(anonymous_30)
FNDA:1,(anonymous_31)
FNDA:1,(anonymous_32)
FNDA:1,(anonymous_33)
FNDA:1,(anonymous_34)
FNDA:1,(anonymous_35)
FNDA:1,(anonymous_36)
FNDA:1,(anonymous_37)
FNDA:1,(anonymous_38)
FNDA:1,(anonymous_39)
FNDA:1,(anonymous_40)
FNDA:1,(anonymous_41)
FNDA:1,(anonymous_42)
FNDA:1,(anonymous_43)
FNDA:1,(anonymous_44)
FNDA:1,(anonymous_45)
FNDA:1,(anonymous_46)
FNDA:1,(anonymous_47)
DA:41,1
DA:42,1
DA:43,1
DA:44,1
DA:46,1
DA:47,82
DA:48,41
DA:51,41
DA:53,41
DA:64,41
DA:66,41
DA:70,41
DA:71,41
DA:75,41
DA:76,41
DA:77,41
DA:78,41
DA:79,41
DA:80,41
DA:81,41
DA:90,1
DA:91,43
DA:93,43
DA:94,4
DA:95,4
DA:98,43
DA:106,1
DA:107,4
DA:108,32
DA:109,32
DA:110,4
DA:120,1
DA:121,4
DA:122,4
DA:130,1
DA:131,5
DA:132,3
DA:133,3
DA:134,3
DA:135,3
DA:137,2
DA:138,2
DA:139,2
DA:140,2
DA:149,1
DA:150,2
DA:151,1
DA:152,1
DA:153,1
DA:166,1
DA:167,14
DA:168,14
DA:169,12
DA:171,12
DA:172,9
DA:174,9
DA:175,4
DA:177,5
DA:180,9
DA:182,3
DA:184,3
DA:185,2
DA:186,2
DA:187,2
DA:188,2
DA:191,1
DA:193,1
DA:194,1
DA:196,0
DA:209,1
DA:210,1
DA:211,1
DA:213,1
DA:227,1
DA:228,2
DA:229,2
DA:241,1
DA:242,1
DA:243,1
DA:244,1
DA:255,1
DA:256,1
DA:257,1
DA:269,1
DA:270,1
DA:272,1
DA:273,1
DA:285,1
DA:286,1
DA:287,1
DA:299,1
DA:300,1
DA:301,1
DA:313,1
DA:314,1
DA:315,1
DA:327,1
DA:328,1
DA:329,1
DA:343,1
DA:344,1
DA:345,1
DA:346,1
DA:347,1
DA:359,1
DA:360,1
DA:361,1
DA:373,1
DA:374,1
DA:375,1
DA:387,1
DA:388,1
DA:389,1
DA:404,1
DA:405,1
DA:406,1
DA:417,1
DA:418,1
DA:419,1
DA:431,1
DA:432,1
DA:433,1
DA:437,1
DA:439,1
DA:446,1
DA:447,1
DA:452,1
LF:127
LH:126
BRDA:47,1,0,41
BRDA:47,1,1,41
BRDA:51,2,0,41
BRDA:51,2,1,19
BRDA:71,3,0,41
BRDA:71,3,1,37
BRDA:75,4,0,10
BRDA:75,4,1,31
BRDA:76,5,0,41
BRDA:76,5,1,36
BRDA:78,6,0,41
BRDA:78,6,1,27
BRDA:79,7,0,6
BRDA:79,7,1,35
BRDA:79,8,0,41
BRDA:79,8,1,40
BRDA:79,9,0,3
BRDA:79,9,1,32
BRDA:79,10,0,1
BRDA:79,10,1,31
BRDA:91,11,0,6
BRDA:91,11,1,37
BRDA:93,12,0,4
BRDA:93,12,1,39
BRDA:121,13,0,4
BRDA:121,13,1,3
BRDA:131,14,0,3
BRDA:131,14,1,2
BRDA:150,15,0,1
BRDA:150,15,1,1
BRDA:167,16,0,14
BRDA:167,16,1,7
BRDA:168,17,0,11
BRDA:168,17,1,3
BRDA:168,18,0,14
BRDA:168,18,1,12
BRDA:172,19,0,6
BRDA:172,19,1,3
BRDA:174,20,0,4
BRDA:174,20,1,5
BRDA:174,21,0,9
BRDA:174,21,1,9
BRDA:184,22,0,2
BRDA:184,22,1,1
BRDA:193,23,0,1
BRDA:193,23,1,0
BRDA:193,24,0,1
BRDA:193,24,1,0
BRDA:344,25,0,1
BRDA:344,25,1,0
BRDA:345,26,0,1
BRDA:345,26,1,0
BRF:52
BRH:48
end_of_record
TN:
SF:/Users/tobias/GitHub/lisk-js/lib/api/parseTransaction.js
FN:35,ParseOfflineRequest
FN:55,(anonymous_2)
FN:71,(anonymous_3)
FN:108,(anonymous_4)
FN:116,(anonymous_5)
FN:122,(anonymous_6)
FN:134,(anonymous_7)
FN:143,(anonymous_8)
FN:152,(anonymous_9)
FN:161,(anonymous_10)
FN:170,(anonymous_11)
FN:179,(anonymous_12)
FN:200,(anonymous_13)
FN:221,(anonymous_14)
FN:229,(anonymous_15)
FN:251,(anonymous_16)
FN:257,(anonymous_17)
FN:263,(anonymous_18)
FN:269,(anonymous_19)
FN:275,(anonymous_20)
FN:281,(anonymous_21)
FN:287,(anonymous_22)
FN:293,(anonymous_23)
FN:296,(anonymous_24)
FN:299,(anonymous_25)
FN:302,(anonymous_26)
FN:305,(anonymous_27)
FN:308,(anonymous_28)
FN:311,(anonymous_29)
FNF:29
FNH:28
FNDA:166,ParseOfflineRequest
FNDA:83,(anonymous_2)
FNDA:83,(anonymous_3)
FNDA:26,(anonymous_4)
FNDA:4,(anonymous_5)
FNDA:2,(anonymous_6)
FNDA:3,(anonymous_7)
FNDA:3,(anonymous_8)
FNDA:4,(anonymous_9)
FNDA:4,(anonymous_10)
FNDA:3,(anonymous_11)
FNDA:0,(anonymous_12)
FNDA:3,(anonymous_13)
FNDA:19,(anonymous_14)
FNDA:2,(anonymous_15)
FNDA:1,(anonymous_16)
FNDA:2,(anonymous_17)
FNDA:1,(anonymous_18)
FNDA:1,(anonymous_19)
FNDA:1,(anonymous_20)
FNDA:1,(anonymous_21)
FNDA:1,(anonymous_22)
FNDA:1,(anonymous_23)
FNDA:2,(anonymous_24)
FNDA:2,(anonymous_25)
FNDA:1,(anonymous_26)
FNDA:1,(anonymous_27)
FNDA:1,(anonymous_28)
FNDA:1,(anonymous_29)
DA:16,1
DA:17,1
DA:18,1
DA:19,1
DA:20,1
DA:21,1
DA:22,1
DA:23,1
DA:24,1
DA:35,1
DA:36,166
DA:37,83
DA:40,83
DA:41,83
DA:42,83
DA:43,83
DA:45,83
DA:55,1
DA:56,83
DA:57,15
DA:58,3
DA:62,83
DA:71,1
DA:72,83
DA:74,83
DA:75,83
DA:93,83
DA:94,31
DA:96,52
DA:99,83
DA:108,1
DA:109,26
DA:110,26
DA:111,26
DA:114,26
DA:115,26
DA:117,4
DA:123,2
DA:135,3
DA:137,3
DA:144,3
DA:146,3
DA:153,4
DA:155,4
DA:162,4
DA:164,4
DA:171,3
DA:173,3
DA:180,0
DA:192,0
DA:194,0
DA:201,3
DA:203,3
DA:211,26
DA:221,1
DA:222,19
DA:223,19
DA:224,19
DA:227,19
DA:228,19
DA:230,2
DA:231,2
DA:246,0
DA:249,2
DA:252,1
DA:258,2
DA:264,1
DA:270,1
DA:276,1
DA:282,1
DA:288,1
DA:294,1
DA:297,2
DA:300,2
DA:303,1
DA:306,1
DA:309,1
DA:312,1
DA:316,19
DA:319,1
LF:80
LH:76
BRDA:36,1,0,83
BRDA:36,1,1,83
BRDA:56,2,0,15
BRDA:56,2,1,68
BRDA:56,3,0,83
BRDA:56,3,1,72
BRDA:57,4,0,3
BRDA:57,4,1,12
BRDA:57,5,0,15
BRDA:57,5,1,15
BRDA:93,6,0,31
BRDA:93,6,1,52
BRDA:109,7,0,26
BRDA:109,7,1,0
BRDA:109,8,0,26
BRDA:109,8,1,26
BRDA:222,9,0,19
BRDA:222,9,1,0
BRDA:230,10,0,2
BRDA:230,10,1,0
BRF:20
BRH:17
end_of_record
TN:
SF:/Users/tobias/GitHub/lisk-js/lib/api/privateApi.js
FN:10,netHashOptions
FN:39,getURLPrefix
FN:53,getFullUrl
FN:69,getRandomPeer
FN:83,selectNode
FN:109,banNode
FN:120,checkReDial
FN:160,checkOptions
FN:161,(anonymous_9)
FN:177,serialiseHttpData
FN:196,checkRequest
FN:210,changeRequest
FN:261,doPopsicleRequest
FN:279,sendRequestPromise
FN:284,(anonymous_15)
FNF:15
FNH:15
FNDA:48,netHashOptions
FNDA:19,getURLPrefix
FNDA:17,getFullUrl
FNDA:40,getRandomPeer
FNDA:40,selectNode
FNDA:3,banNode
FNDA:11,checkReDial
FNDA:11,checkOptions
FNDA:11,(anonymous_9)
FNDA:6,serialiseHttpData
FNDA:38,checkRequest
FNDA:15,changeRequest
FNDA:11,doPopsicleRequest
FNDA:11,sendRequestPromise
FNDA:1,(anonymous_15)
DA:1,1
DA:2,1
DA:10,1
DA:11,48
DA:39,1
DA:40,19
DA:41,2
DA:43,17
DA:53,1
DA:54,17
DA:56,17
DA:57,16
DA:60,17
DA:69,1
DA:70,40
DA:71,40
DA:73,40
DA:74,40
DA:83,1
DA:84,40
DA:86,40
DA:87,7
DA:90,40
DA:91,38
DA:92,38
DA:93,38
DA:95,38
DA:96,38
DA:97,1
DA:101,40
DA:109,1
DA:110,3
DA:111,3
DA:120,1
DA:121,11
DA:122,11
DA:124,11
DA:127,11
DA:129,10
DA:131,3
DA:132,1
DA:133,1
DA:135,2
DA:136,1
DA:137,1
DA:140,1
DA:144,7
DA:148,1
DA:151,11
DA:160,1
DA:161,11
DA:162,11
DA:163,2
DA:167,9
DA:177,1
DA:178,6
DA:180,6
DA:181,6
DA:182,6
DA:184,6
DA:196,1
DA:197,38
DA:210,1
DA:211,15
DA:218,15
DA:219,15
DA:221,10
DA:222,10
DA:224,10
DA:225,5
DA:228,10
DA:229,10
DA:232,4
DA:234,4
DA:235,2
DA:237,2
DA:238,2
DA:239,2
DA:241,2
DA:242,2
DA:243,2
DA:245,4
DA:247,1
DA:250,15
DA:261,1
DA:262,11
DA:279,1
DA:280,11
DA:281,10
DA:282,10
DA:284,1
DA:285,1
DA:290,1
LF:93
LH:93
BRDA:40,1,0,2
BRDA:40,1,1,17
BRDA:56,2,0,16
BRDA:56,2,1,1
BRDA:70,3,0,3
BRDA:70,3,1,37
BRDA:71,4,0,12
BRDA:71,4,1,28
BRDA:86,5,0,7
BRDA:86,5,1,33
BRDA:90,6,0,38
BRDA:90,6,1,2
BRDA:92,7,0,2
BRDA:92,7,1,36
BRDA:93,8,0,11
BRDA:93,8,1,27
BRDA:96,9,0,37
BRDA:96,9,1,1
BRDA:110,10,0,3
BRDA:110,10,1,0
BRDA:121,11,0,1
BRDA:121,11,1,10
BRDA:122,12,0,1
BRDA:122,12,1,10
BRDA:127,13,0,10
BRDA:127,13,1,1
BRDA:129,14,0,3
BRDA:129,14,1,7
BRDA:131,15,0,1
BRDA:131,15,1,2
BRDA:135,16,0,1
BRDA:135,16,1,1
BRDA:162,17,0,2
BRDA:162,17,1,9
BRDA:162,18,0,11
BRDA:162,18,1,10
BRDA:219,19,0,10
BRDA:219,19,1,2
BRDA:219,19,2,4
BRDA:219,19,3,1
BRDA:224,20,0,5
BRDA:224,20,1,5
BRDA:234,21,0,2
BRDA:234,21,1,2
BRDA:234,22,0,4
BRDA:234,22,1,2
BRDA:266,23,0,2
BRDA:266,23,1,9
BRDA:280,24,0,10
BRDA:280,24,1,1
BRF:50
BRH:49
end_of_record
TN:
SF:/Users/tobias/GitHub/lisk-js/lib/api/utils.js
FN:8,rimObj
FN:11,(anonymous_2)
FN:26,(anonymous_3)
FNF:3
FNH:3
FNDA:8,rimObj
FNDA:10,(anonymous_2)
FNDA:7,(anonymous_3)
DA:1,1
DA:9,8
DA:11,8
DA:12,10
DA:17,10
DA:27,7
DA:29,7
DA:30,10
DA:31,10
DA:35,7
LF:10
LH:10
BRDA:9,1,0,0
BRDA:9,1,1,8
BRDA:9,2,0,8
BRDA:9,2,1,8
BRDA:12,3,0,9
BRDA:12,3,1,1
BRDA:14,4,0,1
BRDA:14,4,1,0
BRDA:18,5,0,0
BRDA:18,5,1,8
BRDA:30,6,0,10
BRDA:30,6,1,0
BRF:12
BRH:8
end_of_record
TN:
SF:/Users/tobias/GitHub/lisk-js/lib/utils/mnemonic.js
FN:43,generateEmptyBytes
FN:54,prependZero
FN:64,randomByte
FN:74,generateSeed
FN:85,seedToHex
FN:96,entropyToSha256
FN:106,entropyChecksum
FN:126,generate
FN:148,isValid
FNF:9
FNH:9
FNDA:3,generateEmptyBytes
FNDA:48,prependZero
FNDA:48,randomByte
FNDA:3,generateSeed
FNDA:3,seedToHex
FNDA:4,entropyToSha256
FNDA:4,entropyChecksum
FNDA:3,generate
FNDA:3,isValid
DA:31,1
DA:32,1
DA:33,1
DA:34,1
DA:43,1
DA:44,48
DA:54,1
DA:55,48
DA:64,1
DA:65,48
DA:74,1
DA:75,3
DA:85,1
DA:86,3
DA:96,1
DA:97,4
DA:106,1
DA:107,4
DA:108,4
DA:109,4
DA:110,4
DA:112,4
DA:113,6
DA:115,4
DA:116,4
DA:126,1
DA:127,3
DA:128,3
DA:129,3
DA:130,3
DA:131,48
DA:133,3
DA:134,3
DA:135,36
DA:136,36
DA:138,3
DA:148,1
DA:149,3
DA:150,3
DA:151,3
DA:152,1
DA:154,2
DA:155,13
DA:156,13
DA:157,12
DA:160,1
DA:161,1
DA:162,1
DA:163,1
DA:164,1
DA:165,16
DA:167,1
DA:168,1
DA:171,1
LF:54
LH:54
BRDA:55,1,0,4
BRDA:55,1,1,44
BRDA:151,2,0,1
BRDA:151,2,1,2
BRDA:156,3,0,1
BRDA:156,3,1,12
BRF:6
BRH:6
end_of_record
TN:
SF:/Users/tobias/GitHub/lisk-js/lib/utils/words.js
FNF:0
FNH:0
DA:2,1
LF:1
LH:1
BRF:0
BRH:0
end_of_record
