TN:
SF:/Users/tobias/GitHub/lisk-js/index.js
FN:9,(anonymous_1)
FNF:1
FNH:1
FNDA:1,(anonymous_1)
DA:6,1
DA:8,1
DA:9,1
DA:10,1
DA:13,1
DA:24,1
LF:6
LH:6
BRF:0
BRH:0
end_of_record
TN:
SF:/Users/tobias/GitHub/lisk-js/lib/transactions/crypto.js
FN:46,getSignatureBytes
FN:64,getDAppBytes
FN:107,getTransferBytes
FN:128,getBytes
FN:249,getId
FN:267,getHash
FN:278,getFee
FN:314,sign
FN:333,secondSign
FN:347,multiSign
FN:362,verify
FN:393,verifySecondSignature
FN:417,getKeys
FN:434,getAddress
FNF:14
FNH:12
FNDA:8,getSignatureBytes
FNDA:9,getDAppBytes
FNDA:0,getTransferBytes
FNDA:64,getBytes
FNDA:20,getId
FNDA:24,getHash
FNDA:5,getFee
FNDA:19,sign
FNDA:4,secondSign
FNDA:0,multiSign
FNDA:11,verify
FNDA:7,verifySecondSignature
FNDA:56,getKeys
FNDA:26,getAddress
DA:20,1
DA:21,1
DA:23,1
DA:24,0
DA:27,1
DA:28,1
DA:38,1
DA:46,1
DA:47,8
DA:48,8
DA:50,8
DA:51,256
DA:54,8
DA:55,8
DA:64,1
DA:65,9
DA:66,9
DA:67,9
DA:68,9
DA:70,9
DA:71,9
DA:72,9
DA:75,9
DA:76,9
DA:77,9
DA:80,9
DA:81,9
DA:84,9
DA:85,9
DA:88,9
DA:89,9
DA:90,9
DA:91,9
DA:93,9
DA:95,0
DA:98,9
DA:107,1
DA:108,0
DA:109,0
DA:110,0
DA:111,0
DA:113,0
DA:116,0
DA:128,1
DA:129,64
DA:132,64
DA:134,8
DA:135,8
DA:136,8
DA:139,13
DA:140,13
DA:141,13
DA:144,13
DA:145,13
DA:146,13
DA:148,13
DA:151,0
DA:152,0
DA:154,0
DA:155,0
DA:157,0
DA:158,0
DA:161,0
DA:163,0
DA:164,0
DA:165,0
DA:168,9
DA:169,9
DA:170,9
DA:173,0
DA:174,0
DA:175,0
DA:178,64
DA:180,64
DA:181,64
DA:183,64
DA:184,64
DA:185,2048
DA:188,64
DA:189,0
DA:191,0
DA:192,0
DA:196,64
DA:197,34
DA:198,34
DA:200,34
DA:201,272
DA:204,30
DA:205,240
DA:209,64
DA:211,64
DA:212,43
DA:213,3011
DA:217,64
DA:218,45
DA:219,45
DA:220,2880
DA:224,64
DA:225,21
DA:226,21
DA:227,1344
DA:231,64
DA:232,64
DA:233,64
DA:235,64
DA:236,10627
DA:239,64
DA:249,1
DA:250,20
DA:251,20
DA:252,20
DA:253,160
DA:256,20
DA:257,20
DA:267,1
DA:268,24
DA:278,1
DA:279,5
DA:281,2
DA:282,0
DA:285,1
DA:286,0
DA:289,1
DA:290,0
DA:293,1
DA:294,0
DA:297,0
DA:298,0
DA:301,0
DA:302,0
DA:314,1
DA:315,19
DA:316,19
DA:318,19
DA:319,19
DA:321,0
DA:333,1
DA:334,4
DA:335,4
DA:336,4
DA:347,1
DA:348,0
DA:349,0
DA:350,0
DA:352,0
DA:362,1
DA:363,11
DA:365,11
DA:366,9
DA:369,11
DA:370,11
DA:372,11
DA:373,1141
DA:376,11
DA:378,11
DA:379,11
DA:380,11
DA:382,11
DA:393,1
DA:394,7
DA:395,7
DA:397,7
DA:398,1361
DA:401,7
DA:403,7
DA:404,7
DA:405,7
DA:407,7
DA:417,1
DA:418,56
DA:419,56
DA:421,56
DA:434,1
DA:435,26
DA:436,26
DA:438,26
DA:439,208
DA:442,26
DA:443,26
DA:446,1
DA:448,1
LF:181
LH:144
BRDA:23,1,0,0
BRDA:23,1,1,1
BRDA:70,2,0,9
BRDA:70,2,1,0
BRDA:75,3,0,9
BRDA:75,3,1,0
BRDA:80,4,0,9
BRDA:80,4,1,0
BRDA:84,5,0,9
BRDA:84,5,1,0
BRDA:132,6,0,8
BRDA:132,6,1,13
BRDA:132,6,2,13
BRDA:132,6,3,0
BRDA:132,6,4,9
BRDA:132,6,5,0
BRDA:144,7,0,13
BRDA:144,7,1,0
BRDA:188,8,0,0
BRDA:188,8,1,64
BRDA:196,9,0,34
BRDA:196,9,1,30
BRDA:201,10,0,272
BRDA:201,10,1,15
BRDA:211,11,0,43
BRDA:211,11,1,21
BRDA:217,12,0,45
BRDA:217,12,1,19
BRDA:217,13,0,64
BRDA:217,13,1,64
BRDA:224,14,0,21
BRDA:224,14,1,43
BRDA:224,15,0,64
BRDA:224,15,1,64
BRDA:279,16,0,2
BRDA:279,16,1,1
BRDA:279,16,2,1
BRDA:279,16,3,1
BRDA:279,16,4,0
BRDA:279,16,5,0
BRDA:318,17,0,19
BRDA:318,17,1,0
BRDA:365,18,0,9
BRDA:365,18,1,2
BRF:44
BRH:32
end_of_record
TN:
SF:/Users/tobias/GitHub/lisk-js/lib/constants.js
FNF:0
FNH:0
DA:1,1
LF:1
LH:1
BRF:0
BRH:0
end_of_record
TN:
SF:/Users/tobias/GitHub/lisk-js/lib/transactions/crypto/index.js
FNF:0
FNH:0
DA:1,1
DA:2,1
DA:3,1
DA:4,1
DA:6,1
LF:5
LH:5
BRF:0
BRH:0
end_of_record
TN:
SF:/Users/tobias/GitHub/lisk-js/lib/transactions/crypto/convert.js
FN:21,bufferToHex
FN:25,hexToBuffer
FN:30,useFirstEightBufferEntriesReversed
FNF:3
FNH:3
FNDA:20,bufferToHex
FNDA:3,hexToBuffer
FNDA:1,useFirstEightBufferEntriesReversed
DA:16,1
DA:21,1
DA:22,20
DA:25,1
DA:26,3
DA:30,1
DA:31,1
DA:33,1
DA:34,8
DA:37,1
DA:40,1
LF:11
LH:11
BRF:0
BRH:0
end_of_record
TN:
SF:/Users/tobias/GitHub/lisk-js/lib/transactions/crypto/sign.js
FN:19,signMessageWithSecret
FN:29,signAndPrintMessage
FN:44,printSignedMessage
FN:59,verifyMessageWithPublicKey
FNF:4
FNH:4
FNDA:4,signMessageWithSecret
FNDA:1,signAndPrintMessage
FNDA:1,printSignedMessage
FNDA:1,verifyMessageWithPublicKey
DA:16,1
DA:17,1
DA:19,1
DA:20,4
DA:21,4
DA:23,4
DA:24,4
DA:26,4
DA:29,1
DA:30,1
DA:31,1
DA:32,1
DA:33,1
DA:34,1
DA:35,1
DA:37,1
DA:41,1
DA:44,1
DA:45,1
DA:46,1
DA:47,1
DA:48,1
DA:49,1
DA:50,1
DA:52,1
DA:56,1
DA:59,1
DA:60,1
DA:61,1
DA:63,1
DA:66,1
DA:69,1
LF:32
LH:32
BRF:0
BRH:0
end_of_record
TN:
SF:/Users/tobias/GitHub/lisk-js/lib/transactions/crypto/keys.js
FN:22,getPrivateAndPublicKeyFromSecret
FN:32,getRawPrivateAndPublicKeyFromSecret
FN:42,getAddressFromPublicKey
FNF:3
FNH:3
FNDA:6,getPrivateAndPublicKeyFromSecret
FNDA:5,getRawPrivateAndPublicKeyFromSecret
FNDA:1,getAddressFromPublicKey
DA:16,1
DA:17,1
DA:19,1
DA:20,1
DA:22,1
DA:23,6
DA:24,6
DA:26,6
DA:32,1
DA:33,5
DA:34,5
DA:36,5
DA:42,1
DA:43,1
DA:45,1
DA:46,1
DA:48,1
DA:51,1
LF:18
LH:18
BRF:0
BRH:0
end_of_record
TN:
SF:/Users/tobias/GitHub/lisk-js/lib/transactions/crypto/hash.js
FN:20,getSha256Hash
FNF:1
FNH:1
FNDA:13,getSha256Hash
DA:20,1
DA:21,13
DA:22,1
DA:23,12
DA:24,11
DA:25,1
DA:26,1
DA:29,13
DA:33,1
LF:9
LH:9
BRDA:21,1,0,1
BRDA:21,1,1,12
BRDA:23,2,0,11
BRDA:23,2,1,1
BRDA:25,3,0,1
BRDA:25,3,1,0
BRF:6
BRH:5
end_of_record
TN:
SF:/Users/tobias/GitHub/lisk-js/lib/transactions/dapp.js
FN:33,createDapp
FNF:1
FNH:1
FNDA:2,createDapp
DA:20,1
DA:21,1
DA:22,1
DA:33,1
DA:34,2
DA:36,2
DA:56,2
DA:58,2
DA:59,1
DA:60,1
DA:63,2
DA:64,2
DA:67,1
LF:13
LH:13
BRDA:58,1,0,1
BRDA:58,1,1,1
BRF:2
BRH:2
end_of_record
TN:
SF:/Users/tobias/GitHub/lisk-js/lib/time/slots.js
FN:23,beginEpochTime
FN:33,getEpochTime
FN:67,getTime
FN:77,getRealTime
FN:92,getSlotNumber
FN:106,getSlotTime
FN:116,getNextSlot
FN:127,getLastSlot
FNF:8
FNH:8
FNDA:23,beginEpochTime
FNDA:22,getEpochTime
FNDA:22,getTime
FNDA:1,getRealTime
FNDA:3,getSlotNumber
FNDA:1,getSlotTime
FNDA:2,getNextSlot
FNDA:1,getLastSlot
DA:23,1
DA:24,23
DA:33,1
DA:34,22
DA:35,21
DA:37,22
DA:38,22
DA:39,22
DA:58,1
DA:67,1
DA:68,22
DA:77,1
DA:78,1
DA:79,0
DA:81,1
DA:82,1
DA:83,1
DA:92,1
DA:93,3
DA:94,2
DA:97,3
DA:106,1
DA:107,1
DA:116,1
DA:117,2
DA:119,2
DA:127,1
DA:128,1
DA:131,1
LF:29
LH:28
BRDA:34,1,0,21
BRDA:34,1,1,1
BRDA:78,2,0,0
BRDA:78,2,1,1
BRDA:93,3,0,2
BRDA:93,3,1,1
BRF:6
BRH:5
end_of_record
TN:
SF:/Users/tobias/GitHub/lisk-js/lib/transactions/delegate.js
FN:33,createDelegate
FNF:1
FNH:1
FNDA:4,createDelegate
DA:20,1
DA:21,1
DA:22,1
DA:33,1
DA:34,4
DA:36,4
DA:51,4
DA:53,4
DA:54,1
DA:55,1
DA:58,4
DA:59,4
DA:62,1
LF:13
LH:13
BRDA:53,1,0,1
BRDA:53,1,1,3
BRF:2
BRH:2
end_of_record
TN:
SF:/Users/tobias/GitHub/lisk-js/lib/transactions/multisignature.js
FN:32,signTransaction
FN:50,createMultisignature
FN:91,createTransaction
FNF:3
FNH:0
FNDA:0,signTransaction
FNDA:0,createMultisignature
FNDA:0,createTransaction
DA:20,1
DA:21,1
DA:22,1
DA:32,1
DA:33,0
DA:34,0
DA:36,0
DA:50,1
DA:51,0
DA:53,0
DA:69,0
DA:71,0
DA:72,0
DA:73,0
DA:76,0
DA:77,0
DA:91,1
DA:92,0
DA:101,0
DA:102,0
DA:104,0
DA:105,0
DA:107,0
DA:110,0
DA:112,0
DA:113,0
DA:114,0
DA:117,0
DA:118,0
DA:119,0
DA:122,1
LF:31
LH:7
BRDA:71,1,0,0
BRDA:71,1,1,0
BRDA:104,2,0,0
BRDA:104,2,1,0
BRDA:112,3,0,0
BRDA:112,3,1,0
BRF:6
BRH:0
end_of_record
TN:
SF:/Users/tobias/GitHub/lisk-js/lib/transactions/signature.js
FN:31,newSignature
FN:49,createSignature
FNF:2
FNH:2
FNDA:4,newSignature
FNDA:4,createSignature
DA:20,1
DA:21,1
DA:22,1
DA:31,1
DA:32,4
DA:34,4
DA:38,4
DA:49,1
DA:50,4
DA:52,4
DA:53,4
DA:65,4
DA:66,4
DA:68,4
DA:71,1
LF:15
LH:15
BRF:0
BRH:0
end_of_record
TN:
SF:/Users/tobias/GitHub/lisk-js/lib/transactions/transaction.js
FN:34,createTransaction
FNF:1
FNH:1
FNDA:5,createTransaction
DA:20,1
DA:21,1
DA:22,1
DA:34,1
DA:35,5
DA:44,5
DA:45,5
DA:47,5
DA:49,5
DA:50,1
DA:51,1
DA:54,5
DA:55,5
DA:58,1
LF:14
LH:14
BRDA:49,1,0,1
BRDA:49,1,1,4
BRF:2
BRH:2
end_of_record
TN:
SF:/Users/tobias/GitHub/lisk-js/lib/transactions/vote.js
FN:33,createVote
FNF:1
FNH:1
FNDA:4,createVote
DA:20,1
DA:21,1
DA:22,1
DA:33,1
DA:34,4
DA:36,4
DA:48,4
DA:50,4
DA:51,1
DA:52,1
DA:55,4
DA:57,4
DA:60,1
LF:13
LH:13
BRDA:50,1,0,1
BRDA:50,1,1,3
BRF:2
BRH:2
end_of_record
TN:
SF:/Users/tobias/GitHub/lisk-js/lib/api/liskApi.js
FN:20,LiskAPI
FN:58,(anonymous_2)
FN:86,(anonymous_3)
FN:91,(anonymous_4)
FN:98,(anonymous_5)
FN:105,(anonymous_6)
FN:115,(anonymous_7)
FN:123,(anonymous_8)
FN:144,(anonymous_9)
FN:152,(anonymous_10)
FN:157,(anonymous_11)
FN:162,(anonymous_12)
FN:173,(anonymous_13)
FN:174,(anonymous_14)
FN:182,(anonymous_15)
FN:185,(anonymous_16)
FN:188,(anonymous_17)
FN:248,(anonymous_18)
FN:266,(anonymous_19)
FN:269,(anonymous_20)
FN:275,(anonymous_21)
FN:287,(anonymous_22)
FN:297,(anonymous_23)
FN:298,(anonymous_24)
FN:303,(anonymous_25)
FN:306,(anonymous_26)
FN:311,(anonymous_27)
FN:312,(anonymous_28)
FN:317,(anonymous_29)
FN:318,(anonymous_30)
FN:323,(anonymous_31)
FN:324,(anonymous_32)
FN:329,(anonymous_33)
FN:330,(anonymous_34)
FN:335,(anonymous_35)
FN:336,(anonymous_36)
FN:341,(anonymous_37)
FN:342,(anonymous_38)
FN:347,(anonymous_39)
FN:348,(anonymous_40)
FN:353,(anonymous_41)
FN:354,(anonymous_42)
FNF:42
FNH:12
FNDA:5,LiskAPI
FNDA:4,(anonymous_2)
FNDA:2,(anonymous_3)
FNDA:0,(anonymous_4)
FNDA:2,(anonymous_5)
FNDA:0,(anonymous_6)
FNDA:2,(anonymous_7)
FNDA:6,(anonymous_8)
FNDA:7,(anonymous_9)
FNDA:1,(anonymous_10)
FNDA:0,(anonymous_11)
FNDA:0,(anonymous_12)
FNDA:0,(anonymous_13)
FNDA:0,(anonymous_14)
FNDA:0,(anonymous_15)
FNDA:0,(anonymous_16)
FNDA:0,(anonymous_17)
FNDA:1,(anonymous_18)
FNDA:2,(anonymous_19)
FNDA:3,(anonymous_20)
FNDA:2,(anonymous_21)
FNDA:0,(anonymous_22)
FNDA:0,(anonymous_23)
FNDA:0,(anonymous_24)
FNDA:0,(anonymous_25)
FNDA:0,(anonymous_26)
FNDA:0,(anonymous_27)
FNDA:0,(anonymous_28)
FNDA:0,(anonymous_29)
FNDA:0,(anonymous_30)
FNDA:0,(anonymous_31)
FNDA:0,(anonymous_32)
FNDA:0,(anonymous_33)
FNDA:0,(anonymous_34)
FNDA:0,(anonymous_35)
FNDA:0,(anonymous_36)
FNDA:0,(anonymous_37)
FNDA:0,(anonymous_38)
FNDA:0,(anonymous_39)
FNDA:0,(anonymous_40)
FNDA:0,(anonymous_41)
FNDA:0,(anonymous_42)
DA:16,1
DA:17,1
DA:18,1
DA:20,1
DA:21,5
DA:22,2
DA:25,3
DA:27,3
DA:38,3
DA:42,3
DA:46,3
DA:47,3
DA:48,3
DA:49,3
DA:50,3
DA:51,3
DA:52,3
DA:53,3
DA:54,3
DA:55,3
DA:58,1
DA:59,4
DA:61,4
DA:62,0
DA:72,4
DA:83,4
DA:86,1
DA:87,2
DA:88,2
DA:91,1
DA:92,0
DA:93,0
DA:94,0
DA:98,1
DA:99,2
DA:100,1
DA:101,1
DA:105,1
DA:106,0
DA:108,0
DA:109,0
DA:112,0
DA:115,1
DA:116,2
DA:117,1
DA:119,1
DA:123,1
DA:124,6
DA:126,6
DA:127,0
DA:130,6
DA:131,6
DA:132,6
DA:133,6
DA:135,6
DA:136,6
DA:137,0
DA:141,6
DA:144,1
DA:145,7
DA:146,7
DA:148,7
DA:149,7
DA:152,1
DA:153,1
DA:154,1
DA:157,1
DA:158,0
DA:159,0
DA:160,0
DA:162,0
DA:163,0
DA:164,0
DA:167,0
DA:168,0
DA:170,0
DA:171,0
DA:174,0
DA:175,0
DA:176,0
DA:177,0
DA:182,1
DA:183,0
DA:185,0
DA:186,0
DA:188,0
DA:189,0
DA:190,0
DA:193,0
DA:194,0
DA:202,0
DA:203,0
DA:204,0
DA:205,0
DA:208,0
DA:209,0
DA:211,0
DA:212,0
DA:215,0
DA:216,0
DA:218,0
DA:219,0
DA:222,0
DA:224,0
DA:225,0
DA:227,0
DA:229,0
DA:231,0
DA:232,0
DA:233,0
DA:237,0
DA:239,0
DA:240,0
DA:243,0
DA:248,1
DA:249,1
DA:251,1
DA:252,0
DA:253,0
DA:255,0
DA:259,1
DA:260,1
DA:261,1
DA:263,1
DA:266,1
DA:267,2
DA:269,2
DA:270,3
DA:271,3
DA:275,1
DA:276,2
DA:278,2
DA:279,4
DA:280,4
DA:284,2
DA:287,1
DA:288,0
DA:289,0
DA:291,0
DA:297,1
DA:298,0
DA:299,0
DA:303,1
DA:304,0
DA:306,0
DA:307,0
DA:311,1
DA:312,0
DA:313,0
DA:317,1
DA:318,0
DA:319,0
DA:323,1
DA:324,0
DA:325,0
DA:329,1
DA:330,0
DA:331,0
DA:335,1
DA:336,0
DA:337,0
DA:341,1
DA:342,0
DA:343,0
DA:347,1
DA:348,0
DA:349,0
DA:353,1
DA:354,0
DA:355,0
DA:359,1
LF:171
LH:88
BRDA:21,1,0,2
BRDA:21,1,1,3
BRDA:25,2,0,3
BRDA:25,2,1,3
BRDA:47,3,0,3
BRDA:47,3,1,3
BRDA:48,4,0,3
BRDA:48,4,1,3
BRDA:49,5,0,3
BRDA:49,5,1,3
BRDA:51,6,0,3
BRDA:51,6,1,3
BRDA:52,7,0,0
BRDA:52,7,1,3
BRDA:52,8,0,3
BRDA:52,8,1,3
BRDA:61,9,0,0
BRDA:61,9,1,4
BRDA:87,10,0,2
BRDA:87,10,1,1
BRDA:92,11,0,0
BRDA:92,11,1,0
BRDA:99,12,0,1
BRDA:99,12,1,1
BRDA:108,13,0,0
BRDA:108,13,1,0
BRDA:116,14,0,1
BRDA:116,14,1,1
BRDA:126,15,0,0
BRDA:126,15,1,6
BRDA:130,16,0,6
BRDA:130,16,1,0
BRDA:132,17,0,1
BRDA:132,17,1,5
BRDA:133,18,0,0
BRDA:133,18,1,6
BRDA:136,19,0,6
BRDA:136,19,1,0
BRDA:145,20,0,1
BRDA:145,20,1,6
BRDA:146,21,0,0
BRDA:146,21,1,7
BRDA:153,22,0,1
BRDA:153,22,1,0
BRDA:158,23,0,0
BRDA:158,23,1,0
BRDA:159,24,0,0
BRDA:159,24,1,0
BRDA:159,25,0,0
BRDA:159,25,1,0
BRDA:167,26,0,0
BRDA:167,26,1,0
BRDA:189,27,0,0
BRDA:189,27,1,0
BRDA:189,28,0,0
BRDA:189,28,1,0
BRDA:193,29,0,0
BRDA:193,29,1,0
BRDA:193,30,0,0
BRDA:193,30,1,0
BRDA:193,30,2,0
BRDA:193,30,3,0
BRDA:208,31,0,0
BRDA:208,31,1,0
BRDA:211,32,0,0
BRDA:211,32,1,0
BRDA:218,33,0,0
BRDA:218,33,1,0
BRDA:224,34,0,0
BRDA:224,34,1,0
BRDA:232,35,0,0
BRDA:232,35,1,0
BRDA:251,36,0,0
BRDA:251,36,1,1
BRDA:252,37,0,0
BRDA:252,37,1,0
BRDA:267,38,0,0
BRDA:267,38,1,2
BRDA:267,39,0,2
BRDA:267,39,1,2
BRDA:270,40,0,3
BRDA:270,40,1,0
BRDA:272,41,0,0
BRDA:272,41,1,2
BRDA:279,42,0,4
BRDA:279,42,1,0
BRF:86
BRH:39
end_of_record
TN:
SF:/Users/tobias/GitHub/lisk-js/lib/api/parseTransaction.js
FN:26,ParseOfflineRequest
FN:39,(anonymous_2)
FN:74,(anonymous_3)
FN:82,(anonymous_4)
FN:88,(anonymous_5)
FN:100,(anonymous_6)
FN:106,(anonymous_7)
FN:116,(anonymous_8)
FN:127,(anonymous_9)
FN:138,(anonymous_10)
FN:149,(anonymous_11)
FN:176,(anonymous_12)
FN:186,(anonymous_13)
FN:206,(anonymous_14)
FN:213,(anonymous_15)
FN:219,(anonymous_16)
FN:225,(anonymous_17)
FN:231,(anonymous_18)
FN:237,(anonymous_19)
FN:243,(anonymous_20)
FN:249,(anonymous_21)
FN:255,(anonymous_22)
FN:260,(anonymous_23)
FN:265,(anonymous_24)
FN:270,(anonymous_25)
FN:275,(anonymous_26)
FN:280,(anonymous_27)
FNF:27
FNH:13
FNDA:24,ParseOfflineRequest
FNDA:12,(anonymous_2)
FNDA:16,(anonymous_3)
FNDA:2,(anonymous_4)
FNDA:2,(anonymous_5)
FNDA:0,(anonymous_6)
FNDA:3,(anonymous_7)
FNDA:3,(anonymous_8)
FNDA:3,(anonymous_9)
FNDA:3,(anonymous_10)
FNDA:0,(anonymous_11)
FNDA:3,(anonymous_12)
FNDA:1,(anonymous_13)
FNDA:1,(anonymous_14)
FNDA:0,(anonymous_15)
FNDA:0,(anonymous_16)
FNDA:0,(anonymous_17)
FNDA:0,(anonymous_18)
FNDA:0,(anonymous_19)
FNDA:0,(anonymous_20)
FNDA:0,(anonymous_21)
FNDA:0,(anonymous_22)
FNDA:0,(anonymous_23)
FNDA:0,(anonymous_24)
FNDA:1,(anonymous_25)
FNDA:0,(anonymous_26)
FNDA:0,(anonymous_27)
DA:16,1
DA:17,1
DA:18,1
DA:19,1
DA:20,1
DA:21,1
DA:22,1
DA:23,1
DA:24,1
DA:26,1
DA:27,24
DA:28,12
DA:31,12
DA:32,12
DA:33,12
DA:34,12
DA:36,12
DA:39,1
DA:40,12
DA:41,2
DA:42,0
DA:46,12
DA:47,12
DA:65,12
DA:66,1
DA:68,11
DA:71,12
DA:74,1
DA:75,16
DA:76,16
DA:77,16
DA:80,16
DA:81,16
DA:83,2
DA:89,2
DA:101,0
DA:107,3
DA:108,3
DA:110,3
DA:117,3
DA:119,3
DA:121,3
DA:128,3
DA:130,3
DA:132,3
DA:139,3
DA:141,3
DA:143,3
DA:150,0
DA:160,0
DA:162,0
DA:164,0
DA:173,16
DA:176,1
DA:177,3
DA:178,3
DA:179,3
DA:182,3
DA:183,3
DA:185,3
DA:187,1
DA:188,1
DA:204,1
DA:207,1
DA:211,1
DA:214,0
DA:220,0
DA:226,0
DA:232,0
DA:238,0
DA:244,0
DA:250,0
DA:252,0
DA:253,0
DA:256,0
DA:261,0
DA:266,0
DA:271,1
DA:276,0
DA:281,0
DA:283,0
DA:284,0
DA:286,0
DA:293,3
DA:296,1
LF:85
LH:62
BRDA:27,1,0,12
BRDA:27,1,1,12
BRDA:40,2,0,2
BRDA:40,2,1,10
BRDA:40,3,0,12
BRDA:40,3,1,11
BRDA:41,4,0,0
BRDA:41,4,1,2
BRDA:41,5,0,2
BRDA:41,5,1,2
BRDA:65,6,0,1
BRDA:65,6,1,11
BRDA:75,7,0,16
BRDA:75,7,1,0
BRDA:75,8,0,16
BRDA:75,8,1,16
BRDA:177,9,0,3
BRDA:177,9,1,0
BRDA:187,10,0,1
BRDA:187,10,1,0
BRF:20
BRH:16
end_of_record
TN:
SF:/Users/tobias/GitHub/lisk-js/lib/transactions/transfer.js
FN:33,createTransfer
FNF:1
FNH:0
FNDA:0,createTransfer
DA:20,1
DA:21,1
DA:22,1
DA:33,1
DA:34,0
DA:36,0
DA:50,0
DA:52,0
DA:53,0
DA:54,0
DA:57,0
DA:58,0
DA:61,1
LF:13
LH:5
BRDA:52,1,0,0
BRDA:52,1,1,0
BRF:2
BRH:0
end_of_record
